[0.032s] Invoking command in '/home/k/Main/Studying/GitHub-Repositories/ROS2-Jazzy-Course/ros2_ws/build/my_cpp_pkg': CMAKE_PREFIX_PATH=${CMAKE_PREFIX_PATH}:/home/k/Main/Studying/GitHub-Repositories/ROS2-Jazzy-Course/ros2_ws/install/my_py_pkg:/opt/ros/jazzy DEBUGINFOD_URLS=https://debuginfod.ubuntu.com /usr/bin/cmake --build /home/k/Main/Studying/GitHub-Repositories/ROS2-Jazzy-Course/ros2_ws/build/my_cpp_pkg -- -j4 -l4
[0.341s] -- Found ament_cmake: 2.5.4 (/opt/ros/jazzy/share/ament_cmake/cmake)
[1.168s] -- Found rclcpp: 28.1.9 (/opt/ros/jazzy/share/rclcpp/cmake)
[1.421s] -- Found rosidl_generator_c: 4.6.5 (/opt/ros/jazzy/share/rosidl_generator_c/cmake)
[1.478s] -- Found rosidl_generator_cpp: 4.6.5 (/opt/ros/jazzy/share/rosidl_generator_cpp/cmake)
[1.542s] -- Using all available rosidl_typesupport_c: rosidl_typesupport_fastrtps_c;rosidl_typesupport_introspection_c
[1.617s] -- Using all available rosidl_typesupport_cpp: rosidl_typesupport_fastrtps_cpp;rosidl_typesupport_introspection_cpp
[2.029s] -- Found rmw_implementation_cmake: 7.3.2 (/opt/ros/jazzy/share/rmw_implementation_cmake/cmake)
[2.039s] -- Found rmw_fastrtps_cpp: 8.4.2 (/opt/ros/jazzy/share/rmw_fastrtps_cpp/cmake)
[2.436s] -- Using RMW implementation 'rmw_fastrtps_cpp' as default
[2.758s] -- Found example_interfaces: 0.12.0 (/opt/ros/jazzy/share/example_interfaces/cmake)
[3.035s] -- Found ament_lint_auto: 0.17.2 (/opt/ros/jazzy/share/ament_lint_auto/cmake)
[3.408s] -- Added test 'cppcheck' to perform static code analysis on C / C++ code
[3.410s] -- Configured cppcheck include dirs: 
[3.411s] -- Configured cppcheck exclude dirs and/or files: 
[3.421s] -- Added test 'lint_cmake' to check CMake code style
[3.430s] -- Added test 'uncrustify' to check C / C++ code style
[3.431s] -- Configured uncrustify additional arguments: 
[3.435s] -- Added test 'xmllint' to check XML markup files
[3.452s] -- Configuring done (3.2s)
[3.668s] -- Generating done (0.1s)
[3.712s] -- Build files have been written to: /home/k/Main/Studying/GitHub-Repositories/ROS2-Jazzy-Course/ros2_ws/build/my_cpp_pkg
[3.815s] [ 10%] [32mBuilding CXX object CMakeFiles/number_publisher.dir/src/number_publisher.cpp.o[0m
[3.839s] [ 30%] Built target robot_news_station
[3.855s] [ 50%] Built target cpp_node
[3.857s] [ 70%] Built target smartphone
[3.901s] [ 80%] [32mBuilding CXX object CMakeFiles/number_counter.dir/src/number_counter.cpp.o[0m
[10.847s] In file included from [01m[K/opt/ros/jazzy/include/rclcpp/rclcpp/utilities.hpp:19[m[K,
[10.848s]                  from [01m[K/opt/ros/jazzy/include/rclcpp/rclcpp/logging.hpp:25[m[K,
[10.848s]                  from [01m[K/opt/ros/jazzy/include/rclcpp/rclcpp/copy_all_parameter_values.hpp:27[m[K,
[10.849s]                  from [01m[K/opt/ros/jazzy/include/rclcpp/rclcpp/rclcpp.hpp:171[m[K,
[10.849s]                  from [01m[K/home/k/Main/Studying/GitHub-Repositories/ROS2-Jazzy-Course/ros2_ws/src/my_cpp_pkg/src/number_counter.cpp:1[m[K:
[10.849s] /usr/include/c++/13/functional: In instantiation of ‘[01m[Kstruct std::_Bind_check_arity<void (NumberCounterNode::*)(example_interfaces::msg::Int64_<std::allocator<void> >), NumberCounterNode*>[m[K’:
[10.850s] [01m[K/usr/include/c++/13/functional:859:12:[m[K   required from ‘[01m[Kstruct std::_Bind_helper<false, void (NumberCounterNode::*)(example_interfaces::msg::Int64_<std::allocator<void> >), NumberCounterNode*>[m[K’
[10.850s] [01m[K/usr/include/c++/13/functional:881:5:[m[K   required by substitution of ‘[01m[Ktemplate<class _Func, class ... _BoundArgs> typename std::_Bind_helper<std::__is_socketlike<_Func>::value, _Func, _BoundArgs ...>::type std::[01;32m[Kbind[m[K(_Func&&, _BoundArgs&& ...) [35m[K[with _Func = void (NumberCounterNode::*)(example_interfaces::msg::Int64_<std::allocator<void> >); _BoundArgs = {NumberCounterNode*}][m[K[m[K’
[10.850s] [01m[K/home/k/Main/Studying/GitHub-Repositories/ROS2-Jazzy-Course/ros2_ws/src/my_cpp_pkg/src/number_counter.cpp:9:104:[m[K   required from here
[10.851s] [01m[K/usr/include/c++/13/functional:847:21:[m[K [01;31m[Kerror: [m[Kstatic assertion failed: Wrong number of arguments for pointer-to-member
[10.851s]   846 |       static_assert(_Varargs::[01;31m[Kvalue[m[K
[10.852s]       |                               [01;31m[K~~~~~[m[K
[10.852s]   847 | [01;31m[K                    ? sizeof...(_BoundArgs) >= _Arity::value + 1[m[K
[10.852s]       |                     [01;31m[K^~~~~~~~~~~~~~~~~~~~~~~~~~~~~~~~~~~~~~~~~~~~[m[K
[10.853s]   848 | [01;31m[K                    : sizeof...(_BoundArgs) == _Arity::value + 1[m[K,
[10.853s]       |                     [01;31m[K~~~~~~~~~~~~~~~~~~~~~~~~~~~~~~~~~~~~~~~~~~~~[m[K
[10.853s] [01m[K/usr/include/c++/13/functional:847:21:[m[K [01;36m[Knote: [m[K‘[01m[K(false ? (1 >= (((long unsigned int)std::integral_constant<long unsigned int, 1>::value) + 1)) : (1 == (((long unsigned int)std::integral_constant<long unsigned int, 1>::value) + 1)))[m[K’ evaluates to false
[12.714s] In file included from [01m[K/opt/ros/jazzy/include/rclcpp/rclcpp/subscription_base.hpp:32[m[K,
[12.714s]                  from [01m[K/opt/ros/jazzy/include/rclcpp/rclcpp/callback_group.hpp:29[m[K,
[12.714s]                  from [01m[K/opt/ros/jazzy/include/rclcpp/rclcpp/any_executable.hpp:20[m[K,
[12.715s]                  from [01m[K/opt/ros/jazzy/include/rclcpp/rclcpp/memory_strategy.hpp:25[m[K,
[12.715s]                  from [01m[K/opt/ros/jazzy/include/rclcpp/rclcpp/memory_strategies.hpp:18[m[K,
[12.715s]                  from [01m[K/opt/ros/jazzy/include/rclcpp/rclcpp/executor_options.hpp:22[m[K,
[12.716s]                  from [01m[K/opt/ros/jazzy/include/rclcpp/rclcpp/executor.hpp:38[m[K,
[12.716s]                  from [01m[K/opt/ros/jazzy/include/rclcpp/rclcpp/executors/multi_threaded_executor.hpp:25[m[K,
[12.716s]                  from [01m[K/opt/ros/jazzy/include/rclcpp/rclcpp/executors.hpp:21[m[K,
[12.717s]                  from [01m[K/opt/ros/jazzy/include/rclcpp/rclcpp/rclcpp.hpp:172[m[K:
[12.717s] /opt/ros/jazzy/include/rclcpp/rclcpp/any_subscription_callback.hpp: In instantiation of ‘[01m[Krclcpp::AnySubscriptionCallback<MessageT, AllocatorT> rclcpp::AnySubscriptionCallback<MessageT, AllocatorT>::[01;32m[Kset[m[K(CallbackT) [35m[K[with CallbackT = std::_Bind<void (NumberCounterNode::*(NumberCounterNode*))(example_interfaces::msg::Int64_<std::allocator<void> >)>; MessageT = example_interfaces::msg::Int64_<std::allocator<void> >; AllocatorT = std::allocator<void>][m[K[m[K’:
[12.718s] [01m[K/opt/ros/jazzy/include/rclcpp/rclcpp/subscription_factory.hpp:93:32:[m[K   required from ‘[01m[Krclcpp::SubscriptionFactory rclcpp::[01;32m[Kcreate_subscription_factory[m[K(CallbackT&&, const SubscriptionOptionsWithAllocator<AllocatorT>&, typename MessageMemoryStrategyT::SharedPtr, std::shared_ptr<topic_statistics::SubscriptionTopicStatistics>) [35m[K[with MessageT = example_interfaces::msg::Int64_<std::allocator<void> >; CallbackT = std::_Bind<void (NumberCounterNode::*(NumberCounterNode*))(example_interfaces::msg::Int64_<std::allocator<void> >)>; AllocatorT = std::allocator<void>; SubscriptionT = Subscription<example_interfaces::msg::Int64_<std::allocator<void> > >; MessageMemoryStrategyT = message_memory_strategy::MessageMemoryStrategy<example_interfaces::msg::Int64_<std::allocator<void> >, std::allocator<void> >; typename MessageMemoryStrategyT::SharedPtr = std::shared_ptr<message_memory_strategy::MessageMemoryStrategy<example_interfaces::msg::Int64_<std::allocator<void> >, std::allocator<void> > >][m[K[m[K’
[12.719s] [01m[K/opt/ros/jazzy/include/rclcpp/rclcpp/create_subscription.hpp:121:63:[m[K   required from ‘[01m[Kstd::shared_ptr<ROSMessageT> rclcpp::detail::[01;32m[Kcreate_subscription[m[K(NodeParametersT&, NodeTopicsT&, const std::string&, const rclcpp::QoS&, CallbackT&&, const rclcpp::SubscriptionOptionsWithAllocator<AllocatorT>&, typename MessageMemoryStrategyT::SharedPtr) [35m[K[with MessageT = example_interfaces::msg::Int64_<std::allocator<void> >; CallbackT = std::_Bind<void (NumberCounterNode::*(NumberCounterNode*))(example_interfaces::msg::Int64_<std::allocator<void> >)>; AllocatorT = std::allocator<void>; SubscriptionT = rclcpp::Subscription<example_interfaces::msg::Int64_<std::allocator<void> > >; MessageMemoryStrategyT = rclcpp::message_memory_strategy::MessageMemoryStrategy<example_interfaces::msg::Int64_<std::allocator<void> >, std::allocator<void> >; NodeParametersT = rclcpp::Node; NodeTopicsT = rclcpp::Node; std::string = std::__cxx11::basic_string<char>; typename MessageMemoryStrategyT::SharedPtr = std::shared_ptr<rclcpp::message_memory_strategy::MessageMemoryStrategy<example_interfaces::msg::Int64_<std::allocator<void> >, std::allocator<void> > >][m[K[m[K’
[12.719s] [01m[K/opt/ros/jazzy/include/rclcpp/rclcpp/create_subscription.hpp:190:76:[m[K   required from ‘[01m[Kstd::shared_ptr<ROSMessageT> rclcpp::[01;32m[Kcreate_subscription[m[K(NodeT&, const std::string&, const QoS&, CallbackT&&, const SubscriptionOptionsWithAllocator<AllocatorT>&, typename MessageMemoryStrategyT::SharedPtr) [35m[K[with MessageT = example_interfaces::msg::Int64_<std::allocator<void> >; CallbackT = std::_Bind<void (NumberCounterNode::*(NumberCounterNode*))(example_interfaces::msg::Int64_<std::allocator<void> >)>; AllocatorT = std::allocator<void>; SubscriptionT = Subscription<example_interfaces::msg::Int64_<std::allocator<void> > >; MessageMemoryStrategyT = message_memory_strategy::MessageMemoryStrategy<example_interfaces::msg::Int64_<std::allocator<void> >, std::allocator<void> >; NodeT = Node; std::string = std::__cxx11::basic_string<char>; typename MessageMemoryStrategyT::SharedPtr = std::shared_ptr<message_memory_strategy::MessageMemoryStrategy<example_interfaces::msg::Int64_<std::allocator<void> >, std::allocator<void> > >][m[K[m[K’
[12.720s] [01m[K/opt/ros/jazzy/include/rclcpp/rclcpp/node_impl.hpp:99:47:[m[K   required from ‘[01m[Kstd::shared_ptr<ROSMessageT> rclcpp::Node::[01;32m[Kcreate_subscription[m[K(const std::string&, const rclcpp::QoS&, CallbackT&&, const rclcpp::SubscriptionOptionsWithAllocator<AllocatorT>&, typename MessageMemoryStrategyT::SharedPtr) [35m[K[with MessageT = example_interfaces::msg::Int64_<std::allocator<void> >; CallbackT = std::_Bind<void (NumberCounterNode::*(NumberCounterNode*))(example_interfaces::msg::Int64_<std::allocator<void> >)>; AllocatorT = std::allocator<void>; SubscriptionT = rclcpp::Subscription<example_interfaces::msg::Int64_<std::allocator<void> > >; MessageMemoryStrategyT = rclcpp::message_memory_strategy::MessageMemoryStrategy<example_interfaces::msg::Int64_<std::allocator<void> >, std::allocator<void> >; std::string = std::__cxx11::basic_string<char>; typename MessageMemoryStrategyT::SharedPtr = std::shared_ptr<rclcpp::message_memory_strategy::MessageMemoryStrategy<example_interfaces::msg::Int64_<std::allocator<void> >, std::allocator<void> > >][m[K[m[K’
[12.720s] [01m[K/home/k/Main/Studying/GitHub-Repositories/ROS2-Jazzy-Course/ros2_ws/src/my_cpp_pkg/src/number_counter.cpp:9:80:[m[K   required from here
[12.720s] [01m[K/opt/ros/jazzy/include/rclcpp/rclcpp/any_subscription_callback.hpp:396:25:[m[K [01;31m[Kerror: [m[Kno matching function for call to ‘[01m[Kstd::function<void(example_interfaces::msg::Int64_<std::allocator<void> >)>::function(std::_Bind<void (NumberCounterNode::*(NumberCounterNode*))(example_interfaces::msg::Int64_<std::allocator<void> >)>&)[m[K’
[12.720s]   396 |     callback_variant_ = [01;31m[Kstatic_cast<typename scbth::callback_type>(callback)[m[K;
[12.721s]       |                         [01;31m[K^~~~~~~~~~~~~~~~~~~~~~~~~~~~~~~~~~~~~~~~~~~~~~~~~~~~[m[K
[12.721s] In file included from [01m[K/usr/include/c++/13/functional:59[m[K:
[12.722s] [01m[K/usr/include/c++/13/bits/std_function.h:435:9:[m[K [01;36m[Knote: [m[Kcandidate: ‘[01m[Ktemplate<class _Functor, class _Constraints> std::function<_Res(_ArgTypes ...)>::[01;32m[Kfunction[m[K(_Functor&&) [35m[K[with _Constraints = _Functor; _Res = void; _ArgTypes = {example_interfaces::msg::Int64_<std::allocator<void> >}][m[K[m[K’
[12.722s]   435 |         [01;36m[Kfunction[m[K(_Functor&& __f)
[12.722s]       |         [01;36m[K^~~~~~~~[m[K
[12.722s] [01m[K/usr/include/c++/13/bits/std_function.h:435:9:[m[K [01;36m[Knote: [m[K  template argument deduction/substitution failed:
[12.723s] In file included from [01m[K/usr/include/c++/13/bits/move.h:37[m[K,
[12.723s]                  from [01m[K/usr/include/c++/13/bits/new_allocator.h:36[m[K,
[12.723s]                  from [01m[K/usr/include/x86_64-linux-gnu/c++/13/bits/c++allocator.h:33[m[K,
[12.724s]                  from [01m[K/usr/include/c++/13/bits/allocator.h:46[m[K,
[12.724s]                  from [01m[K/usr/include/c++/13/memory:65[m[K,
[12.724s]                  from [01m[K/opt/ros/jazzy/include/rclcpp/rclcpp/rclcpp.hpp:169[m[K:
[12.725s] /usr/include/c++/13/type_traits: In substitution of ‘[01m[Ktemplate<bool _Cond, class _Tp> using std::__enable_if_t = typename std::enable_if::type [35m[K[with bool _Cond = false; _Tp = void][m[K[m[K’:
[12.725s] [01m[K/usr/include/c++/13/bits/std_function.h:353:8:[m[K   required by substitution of ‘[01m[Ktemplate<class _Res, class ... _ArgTypes> template<class _Cond, class _Tp> using std::function<_Res(_ArgTypes ...)>::_Requires = std::__enable_if_t<_Cond::value, _Tp> [35m[K[with _Cond = std::function<void(example_interfaces::msg::Int64_<std::allocator<void> >)>::_Callable<std::_Bind<void (NumberCounterNode::*(NumberCounterNode*))(example_interfaces::msg::Int64_<std::allocator<void> >)>&, std::_Bind<void (NumberCounterNode::*(NumberCounterNode*))(example_interfaces::msg::Int64_<std::allocator<void> >)>, std::__invoke_result<std::_Bind<void (NumberCounterNode::*(NumberCounterNode*))(example_interfaces::msg::Int64_<std::allocator<void> >)>&, example_interfaces::msg::Int64_<std::allocator<void> > > >; _Tp = void; _Res = void; _ArgTypes = {example_interfaces::msg::Int64_<std::allocator<void> >}][m[K[m[K’
[12.725s] [01m[K/usr/include/c++/13/bits/std_function.h:434:9:[m[K   required from ‘[01m[Krclcpp::AnySubscriptionCallback<MessageT, AllocatorT> rclcpp::AnySubscriptionCallback<MessageT, AllocatorT>::[01;32m[Kset[m[K(CallbackT) [35m[K[with CallbackT = std::_Bind<void (NumberCounterNode::*(NumberCounterNode*))(example_interfaces::msg::Int64_<std::allocator<void> >)>; MessageT = example_interfaces::msg::Int64_<std::allocator<void> >; AllocatorT = std::allocator<void>][m[K[m[K’
[12.726s] [01m[K/opt/ros/jazzy/include/rclcpp/rclcpp/subscription_factory.hpp:93:32:[m[K   required from ‘[01m[Krclcpp::SubscriptionFactory rclcpp::[01;32m[Kcreate_subscription_factory[m[K(CallbackT&&, const SubscriptionOptionsWithAllocator<AllocatorT>&, typename MessageMemoryStrategyT::SharedPtr, std::shared_ptr<topic_statistics::SubscriptionTopicStatistics>) [35m[K[with MessageT = example_interfaces::msg::Int64_<std::allocator<void> >; CallbackT = std::_Bind<void (NumberCounterNode::*(NumberCounterNode*))(example_interfaces::msg::Int64_<std::allocator<void> >)>; AllocatorT = std::allocator<void>; SubscriptionT = Subscription<example_interfaces::msg::Int64_<std::allocator<void> > >; MessageMemoryStrategyT = message_memory_strategy::MessageMemoryStrategy<example_interfaces::msg::Int64_<std::allocator<void> >, std::allocator<void> >; typename MessageMemoryStrategyT::SharedPtr = std::shared_ptr<message_memory_strategy::MessageMemoryStrategy<example_interfaces::msg::Int64_<std::allocator<void> >, std::allocator<void> > >][m[K[m[K’
[12.726s] [01m[K/opt/ros/jazzy/include/rclcpp/rclcpp/create_subscription.hpp:121:63:[m[K   required from ‘[01m[Kstd::shared_ptr<ROSMessageT> rclcpp::detail::[01;32m[Kcreate_subscription[m[K(NodeParametersT&, NodeTopicsT&, const std::string&, const rclcpp::QoS&, CallbackT&&, const rclcpp::SubscriptionOptionsWithAllocator<AllocatorT>&, typename MessageMemoryStrategyT::SharedPtr) [35m[K[with MessageT = example_interfaces::msg::Int64_<std::allocator<void> >; CallbackT = std::_Bind<void (NumberCounterNode::*(NumberCounterNode*))(example_interfaces::msg::Int64_<std::allocator<void> >)>; AllocatorT = std::allocator<void>; SubscriptionT = rclcpp::Subscription<example_interfaces::msg::Int64_<std::allocator<void> > >; MessageMemoryStrategyT = rclcpp::message_memory_strategy::MessageMemoryStrategy<example_interfaces::msg::Int64_<std::allocator<void> >, std::allocator<void> >; NodeParametersT = rclcpp::Node; NodeTopicsT = rclcpp::Node; std::string = std::__cxx11::basic_string<char>; typename MessageMemoryStrategyT::SharedPtr = std::shared_ptr<rclcpp::message_memory_strategy::MessageMemoryStrategy<example_interfaces::msg::Int64_<std::allocator<void> >, std::allocator<void> > >][m[K[m[K’
[12.726s] [01m[K/opt/ros/jazzy/include/rclcpp/rclcpp/create_subscription.hpp:190:76:[m[K   required from ‘[01m[Kstd::shared_ptr<ROSMessageT> rclcpp::[01;32m[Kcreate_subscription[m[K(NodeT&, const std::string&, const QoS&, CallbackT&&, const SubscriptionOptionsWithAllocator<AllocatorT>&, typename MessageMemoryStrategyT::SharedPtr) [35m[K[with MessageT = example_interfaces::msg::Int64_<std::allocator<void> >; CallbackT = std::_Bind<void (NumberCounterNode::*(NumberCounterNode*))(example_interfaces::msg::Int64_<std::allocator<void> >)>; AllocatorT = std::allocator<void>; SubscriptionT = Subscription<example_interfaces::msg::Int64_<std::allocator<void> > >; MessageMemoryStrategyT = message_memory_strategy::MessageMemoryStrategy<example_interfaces::msg::Int64_<std::allocator<void> >, std::allocator<void> >; NodeT = Node; std::string = std::__cxx11::basic_string<char>; typename MessageMemoryStrategyT::SharedPtr = std::shared_ptr<message_memory_strategy::MessageMemoryStrategy<example_interfaces::msg::Int64_<std::allocator<void> >, std::allocator<void> > >][m[K[m[K’
[12.727s] [01m[K/opt/ros/jazzy/include/rclcpp/rclcpp/node_impl.hpp:99:47:[m[K   required from ‘[01m[Kstd::shared_ptr<ROSMessageT> rclcpp::Node::[01;32m[Kcreate_subscription[m[K(const std::string&, const rclcpp::QoS&, CallbackT&&, const rclcpp::SubscriptionOptionsWithAllocator<AllocatorT>&, typename MessageMemoryStrategyT::SharedPtr) [35m[K[with MessageT = example_interfaces::msg::Int64_<std::allocator<void> >; CallbackT = std::_Bind<void (NumberCounterNode::*(NumberCounterNode*))(example_interfaces::msg::Int64_<std::allocator<void> >)>; AllocatorT = std::allocator<void>; SubscriptionT = rclcpp::Subscription<example_interfaces::msg::Int64_<std::allocator<void> > >; MessageMemoryStrategyT = rclcpp::message_memory_strategy::MessageMemoryStrategy<example_interfaces::msg::Int64_<std::allocator<void> >, std::allocator<void> >; std::string = std::__cxx11::basic_string<char>; typename MessageMemoryStrategyT::SharedPtr = std::shared_ptr<rclcpp::message_memory_strategy::MessageMemoryStrategy<example_interfaces::msg::Int64_<std::allocator<void> >, std::allocator<void> > >][m[K[m[K’
[12.727s] [01m[K/home/k/Main/Studying/GitHub-Repositories/ROS2-Jazzy-Course/ros2_ws/src/my_cpp_pkg/src/number_counter.cpp:9:80:[m[K   required from here
[12.727s] [01m[K/usr/include/c++/13/type_traits:116:11:[m[K [01;31m[Kerror: [m[Kno type named ‘[01m[Ktype[m[K’ in ‘[01m[Kstruct std::enable_if<false, void>[m[K’
[12.727s]   116 |     using [01;31m[K__enable_if_t[m[K = typename enable_if<_Cond, _Tp>::type;
[12.728s]       |           [01;31m[K^~~~~~~~~~~~~[m[K
[12.728s] /opt/ros/jazzy/include/rclcpp/rclcpp/any_subscription_callback.hpp: In instantiation of ‘[01m[Krclcpp::AnySubscriptionCallback<MessageT, AllocatorT> rclcpp::AnySubscriptionCallback<MessageT, AllocatorT>::[01;32m[Kset[m[K(CallbackT) [35m[K[with CallbackT = std::_Bind<void (NumberCounterNode::*(NumberCounterNode*))(example_interfaces::msg::Int64_<std::allocator<void> >)>; MessageT = example_interfaces::msg::Int64_<std::allocator<void> >; AllocatorT = std::allocator<void>][m[K[m[K’:
[12.728s] [01m[K/opt/ros/jazzy/include/rclcpp/rclcpp/subscription_factory.hpp:93:32:[m[K   required from ‘[01m[Krclcpp::SubscriptionFactory rclcpp::[01;32m[Kcreate_subscription_factory[m[K(CallbackT&&, const SubscriptionOptionsWithAllocator<AllocatorT>&, typename MessageMemoryStrategyT::SharedPtr, std::shared_ptr<topic_statistics::SubscriptionTopicStatistics>) [35m[K[with MessageT = example_interfaces::msg::Int64_<std::allocator<void> >; CallbackT = std::_Bind<void (NumberCounterNode::*(NumberCounterNode*))(example_interfaces::msg::Int64_<std::allocator<void> >)>; AllocatorT = std::allocator<void>; SubscriptionT = Subscription<example_interfaces::msg::Int64_<std::allocator<void> > >; MessageMemoryStrategyT = message_memory_strategy::MessageMemoryStrategy<example_interfaces::msg::Int64_<std::allocator<void> >, std::allocator<void> >; typename MessageMemoryStrategyT::SharedPtr = std::shared_ptr<message_memory_strategy::MessageMemoryStrategy<example_interfaces::msg::Int64_<std::allocator<void> >, std::allocator<void> > >][m[K[m[K’
[12.729s] [01m[K/opt/ros/jazzy/include/rclcpp/rclcpp/create_subscription.hpp:121:63:[m[K   required from ‘[01m[Kstd::shared_ptr<ROSMessageT> rclcpp::detail::[01;32m[Kcreate_subscription[m[K(NodeParametersT&, NodeTopicsT&, const std::string&, const rclcpp::QoS&, CallbackT&&, const rclcpp::SubscriptionOptionsWithAllocator<AllocatorT>&, typename MessageMemoryStrategyT::SharedPtr) [35m[K[with MessageT = example_interfaces::msg::Int64_<std::allocator<void> >; CallbackT = std::_Bind<void (NumberCounterNode::*(NumberCounterNode*))(example_interfaces::msg::Int64_<std::allocator<void> >)>; AllocatorT = std::allocator<void>; SubscriptionT = rclcpp::Subscription<example_interfaces::msg::Int64_<std::allocator<void> > >; MessageMemoryStrategyT = rclcpp::message_memory_strategy::MessageMemoryStrategy<example_interfaces::msg::Int64_<std::allocator<void> >, std::allocator<void> >; NodeParametersT = rclcpp::Node; NodeTopicsT = rclcpp::Node; std::string = std::__cxx11::basic_string<char>; typename MessageMemoryStrategyT::SharedPtr = std::shared_ptr<rclcpp::message_memory_strategy::MessageMemoryStrategy<example_interfaces::msg::Int64_<std::allocator<void> >, std::allocator<void> > >][m[K[m[K’
[12.729s] [01m[K/opt/ros/jazzy/include/rclcpp/rclcpp/create_subscription.hpp:190:76:[m[K   required from ‘[01m[Kstd::shared_ptr<ROSMessageT> rclcpp::[01;32m[Kcreate_subscription[m[K(NodeT&, const std::string&, const QoS&, CallbackT&&, const SubscriptionOptionsWithAllocator<AllocatorT>&, typename MessageMemoryStrategyT::SharedPtr) [35m[K[with MessageT = example_interfaces::msg::Int64_<std::allocator<void> >; CallbackT = std::_Bind<void (NumberCounterNode::*(NumberCounterNode*))(example_interfaces::msg::Int64_<std::allocator<void> >)>; AllocatorT = std::allocator<void>; SubscriptionT = Subscription<example_interfaces::msg::Int64_<std::allocator<void> > >; MessageMemoryStrategyT = message_memory_strategy::MessageMemoryStrategy<example_interfaces::msg::Int64_<std::allocator<void> >, std::allocator<void> >; NodeT = Node; std::string = std::__cxx11::basic_string<char>; typename MessageMemoryStrategyT::SharedPtr = std::shared_ptr<message_memory_strategy::MessageMemoryStrategy<example_interfaces::msg::Int64_<std::allocator<void> >, std::allocator<void> > >][m[K[m[K’
[12.729s] [01m[K/opt/ros/jazzy/include/rclcpp/rclcpp/node_impl.hpp:99:47:[m[K   required from ‘[01m[Kstd::shared_ptr<ROSMessageT> rclcpp::Node::[01;32m[Kcreate_subscription[m[K(const std::string&, const rclcpp::QoS&, CallbackT&&, const rclcpp::SubscriptionOptionsWithAllocator<AllocatorT>&, typename MessageMemoryStrategyT::SharedPtr) [35m[K[with MessageT = example_interfaces::msg::Int64_<std::allocator<void> >; CallbackT = std::_Bind<void (NumberCounterNode::*(NumberCounterNode*))(example_interfaces::msg::Int64_<std::allocator<void> >)>; AllocatorT = std::allocator<void>; SubscriptionT = rclcpp::Subscription<example_interfaces::msg::Int64_<std::allocator<void> > >; MessageMemoryStrategyT = rclcpp::message_memory_strategy::MessageMemoryStrategy<example_interfaces::msg::Int64_<std::allocator<void> >, std::allocator<void> >; std::string = std::__cxx11::basic_string<char>; typename MessageMemoryStrategyT::SharedPtr = std::shared_ptr<rclcpp::message_memory_strategy::MessageMemoryStrategy<example_interfaces::msg::Int64_<std::allocator<void> >, std::allocator<void> > >][m[K[m[K’
[12.730s] [01m[K/home/k/Main/Studying/GitHub-Repositories/ROS2-Jazzy-Course/ros2_ws/src/my_cpp_pkg/src/number_counter.cpp:9:80:[m[K   required from here
[12.730s] [01m[K/usr/include/c++/13/bits/std_function.h:404:7:[m[K [01;36m[Knote: [m[Kcandidate: ‘[01m[Kstd::function<_Res(_ArgTypes ...)>::[01;32m[Kfunction[m[K(std::function<_Res(_ArgTypes ...)>&&) [35m[K[with _Res = void; _ArgTypes = {example_interfaces::msg::Int64_<std::allocator<void> >}][m[K[m[K’
[12.730s]   404 |       [01;36m[Kfunction[m[K(function&& __x) noexcept
[12.731s]       |       [01;36m[K^~~~~~~~[m[K
[12.731s] [01m[K/usr/include/c++/13/bits/std_function.h:404:27:[m[K [01;36m[Knote: [m[K  no known conversion for argument 1 from ‘[01m[Kstd::_Bind<void (NumberCounterNode::*(NumberCounterNode*))(example_interfaces::msg::Int64_<std::allocator<void> >)>[m[K’ to ‘[01m[Kstd::function<void(example_interfaces::msg::Int64_<std::allocator<void> >)>&&[m[K’
[12.731s]   404 |       function([01;36m[Kfunction&& __x[m[K) noexcept
[12.731s]       |                [01;36m[K~~~~~~~~~~~^~~[m[K
[12.732s] [01m[K/usr/include/c++/13/bits/std_function.h:386:7:[m[K [01;36m[Knote: [m[Kcandidate: ‘[01m[Kstd::function<_Res(_ArgTypes ...)>::[01;32m[Kfunction[m[K(const std::function<_Res(_ArgTypes ...)>&) [35m[K[with _Res = void; _ArgTypes = {example_interfaces::msg::Int64_<std::allocator<void> >}][m[K[m[K’
[12.732s]   386 |       [01;36m[Kfunction[m[K(const function& __x)
[12.732s]       |       [01;36m[K^~~~~~~~[m[K
[12.733s] [01m[K/usr/include/c++/13/bits/std_function.h:386:32:[m[K [01;36m[Knote: [m[K  no known conversion for argument 1 from ‘[01m[Kstd::_Bind<void (NumberCounterNode::*(NumberCounterNode*))(example_interfaces::msg::Int64_<std::allocator<void> >)>[m[K’ to ‘[01m[Kconst std::function<void(example_interfaces::msg::Int64_<std::allocator<void> >)>&[m[K’
[12.733s]   386 |       function([01;36m[Kconst function& __x[m[K)
[12.733s]       |                [01;36m[K~~~~~~~~~~~~~~~~^~~[m[K
[12.734s] [01m[K/usr/include/c++/13/bits/std_function.h:375:7:[m[K [01;36m[Knote: [m[Kcandidate: ‘[01m[Kstd::function<_Res(_ArgTypes ...)>::[01;32m[Kfunction[m[K(std::nullptr_t) [35m[K[with _Res = void; _ArgTypes = {example_interfaces::msg::Int64_<std::allocator<void> >}; std::nullptr_t = std::nullptr_t][m[K[m[K’
[12.734s]   375 |       [01;36m[Kfunction[m[K(nullptr_t) noexcept
[12.734s]       |       [01;36m[K^~~~~~~~[m[K
[12.734s] [01m[K/usr/include/c++/13/bits/std_function.h:375:16:[m[K [01;36m[Knote: [m[K  no known conversion for argument 1 from ‘[01m[Kstd::_Bind<void (NumberCounterNode::*(NumberCounterNode*))(example_interfaces::msg::Int64_<std::allocator<void> >)>[m[K’ to ‘[01m[Kstd::nullptr_t[m[K’
[12.735s]   375 |       function([01;36m[Knullptr_t[m[K) noexcept
[12.735s]       |                [01;36m[K^~~~~~~~~[m[K
[12.735s] [01m[K/usr/include/c++/13/bits/std_function.h:368:7:[m[K [01;36m[Knote: [m[Kcandidate: ‘[01m[Kstd::function<_Res(_ArgTypes ...)>::[01;32m[Kfunction[m[K() [35m[K[with _Res = void; _ArgTypes = {example_interfaces::msg::Int64_<std::allocator<void> >}][m[K[m[K’
[12.736s]   368 |       [01;36m[Kfunction[m[K() noexcept
[12.736s]       |       [01;36m[K^~~~~~~~[m[K
[12.736s] [01m[K/usr/include/c++/13/bits/std_function.h:368:7:[m[K [01;36m[Knote: [m[K  candidate expects 0 arguments, 1 provided
[17.520s] gmake[2]: *** [CMakeFiles/number_counter.dir/build.make:76: CMakeFiles/number_counter.dir/src/number_counter.cpp.o] Error 1
[17.520s] gmake[1]: *** [CMakeFiles/Makefile2:249: CMakeFiles/number_counter.dir/all] Error 2
[17.521s] gmake[1]: *** Waiting for unfinished jobs....
[18.231s] [ 90%] [32m[1mLinking CXX executable number_publisher[0m
[19.257s] [ 90%] Built target number_publisher
[19.260s] gmake: *** [Makefile:146: all] Error 2
[19.266s] Invoked command in '/home/k/Main/Studying/GitHub-Repositories/ROS2-Jazzy-Course/ros2_ws/build/my_cpp_pkg' returned '2': CMAKE_PREFIX_PATH=${CMAKE_PREFIX_PATH}:/home/k/Main/Studying/GitHub-Repositories/ROS2-Jazzy-Course/ros2_ws/install/my_py_pkg:/opt/ros/jazzy DEBUGINFOD_URLS=https://debuginfod.ubuntu.com /usr/bin/cmake --build /home/k/Main/Studying/GitHub-Repositories/ROS2-Jazzy-Course/ros2_ws/build/my_cpp_pkg -- -j4 -l4
