[2.369s] Invoking command in '/home/k/Main/Studying/GitHub-Repositories/ROS2-Jazzy-Course/ros2_ws/build/my_py_pkg': DEBUGINFOD_URLS=https://debuginfod.ubuntu.com PYTHONPATH=/home/k/Main/Studying/GitHub-Repositories/ROS2-Jazzy-Course/ros2_ws/build/my_py_pkg/prefix_override:/usr/lib/python3/dist-packages/colcon_core/task/python/colcon_distutils_commands:/home/k/Main/Studying/GitHub-Repositories/ROS2-Jazzy-Course/ros2_ws/install/my_py_pkg/lib/python3.12/site-packages:${PYTHONPATH} /usr/bin/python3 -W ignore:setup.py install is deprecated -W ignore:easy_install command is deprecated setup.py develop --uninstall --editable --build-directory /home/k/Main/Studying/GitHub-Repositories/ROS2-Jazzy-Course/ros2_ws/build/my_py_pkg/build
[3.248s] running develop
[3.867s] Removing /home/k/Main/Studying/GitHub-Repositories/ROS2-Jazzy-Course/ros2_ws/install/my_py_pkg/lib/python3.12/site-packages/my-py-pkg.egg-link (link to .)
[3.957s] Invoked command in '/home/k/Main/Studying/GitHub-Repositories/ROS2-Jazzy-Course/ros2_ws/build/my_py_pkg' returned '0': DEBUGINFOD_URLS=https://debuginfod.ubuntu.com PYTHONPATH=/home/k/Main/Studying/GitHub-Repositories/ROS2-Jazzy-Course/ros2_ws/build/my_py_pkg/prefix_override:/usr/lib/python3/dist-packages/colcon_core/task/python/colcon_distutils_commands:/home/k/Main/Studying/GitHub-Repositories/ROS2-Jazzy-Course/ros2_ws/install/my_py_pkg/lib/python3.12/site-packages:${PYTHONPATH} /usr/bin/python3 -W ignore:setup.py install is deprecated -W ignore:easy_install command is deprecated setup.py develop --uninstall --editable --build-directory /home/k/Main/Studying/GitHub-Repositories/ROS2-Jazzy-Course/ros2_ws/build/my_py_pkg/build
[3.960s] Invoking command in '/home/k/Main/Studying/GitHub-Repositories/ROS2-Jazzy-Course/ros2_ws/src/my_py_pkg': DEBUGINFOD_URLS=https://debuginfod.ubuntu.com PYTHONPATH=/home/k/Main/Studying/GitHub-Repositories/ROS2-Jazzy-Course/ros2_ws/build/my_py_pkg/prefix_override:/usr/lib/python3/dist-packages/colcon_core/task/python/colcon_distutils_commands:/home/k/Main/Studying/GitHub-Repositories/ROS2-Jazzy-Course/ros2_ws/install/my_py_pkg/lib/python3.12/site-packages:${PYTHONPATH} /usr/bin/python3 -W ignore:setup.py install is deprecated -W ignore:easy_install command is deprecated setup.py egg_info --egg-base ../../build/my_py_pkg build --build-base /home/k/Main/Studying/GitHub-Repositories/ROS2-Jazzy-Course/ros2_ws/build/my_py_pkg/build install --record /home/k/Main/Studying/GitHub-Repositories/ROS2-Jazzy-Course/ros2_ws/build/my_py_pkg/install.log --single-version-externally-managed install_data --force
[4.765s] running egg_info
[4.823s] writing ../../build/my_py_pkg/my_py_pkg.egg-info/PKG-INFO
[4.824s] writing dependency_links to ../../build/my_py_pkg/my_py_pkg.egg-info/dependency_links.txt
[4.825s] writing entry points to ../../build/my_py_pkg/my_py_pkg.egg-info/entry_points.txt
[4.825s] writing requirements to ../../build/my_py_pkg/my_py_pkg.egg-info/requires.txt
[4.826s] writing top-level names to ../../build/my_py_pkg/my_py_pkg.egg-info/top_level.txt
[4.949s] reading manifest file '../../build/my_py_pkg/my_py_pkg.egg-info/SOURCES.txt'
[4.952s] writing manifest file '../../build/my_py_pkg/my_py_pkg.egg-info/SOURCES.txt'
[4.953s] running build
[4.954s] running build_py
[4.954s] copying my_py_pkg/add_two_ints_client_no_oop.py -> /home/k/Main/Studying/GitHub-Repositories/ROS2-Jazzy-Course/ros2_ws/build/my_py_pkg/build/lib/my_py_pkg
[4.957s] copying my_py_pkg/hardware_status_publisher.py -> /home/k/Main/Studying/GitHub-Repositories/ROS2-Jazzy-Course/ros2_ws/build/my_py_pkg/build/lib/my_py_pkg
[4.957s] copying my_py_pkg/add_two_ints_client.py -> /home/k/Main/Studying/GitHub-Repositories/ROS2-Jazzy-Course/ros2_ws/build/my_py_pkg/build/lib/my_py_pkg
[4.957s] copying my_py_pkg/add_two_ints_server.py -> /home/k/Main/Studying/GitHub-Repositories/ROS2-Jazzy-Course/ros2_ws/build/my_py_pkg/build/lib/my_py_pkg
[4.957s] copying my_py_pkg/reset_counter.py -> /home/k/Main/Studying/GitHub-Repositories/ROS2-Jazzy-Course/ros2_ws/build/my_py_pkg/build/lib/my_py_pkg
[4.957s] copying my_py_pkg/number_publisher.py -> /home/k/Main/Studying/GitHub-Repositories/ROS2-Jazzy-Course/ros2_ws/build/my_py_pkg/build/lib/my_py_pkg
[4.957s] copying my_py_pkg/python_node_template.py -> /home/k/Main/Studying/GitHub-Repositories/ROS2-Jazzy-Course/ros2_ws/build/my_py_pkg/build/lib/my_py_pkg
[4.957s] copying my_py_pkg/robot_news_station.py -> /home/k/Main/Studying/GitHub-Repositories/ROS2-Jazzy-Course/ros2_ws/build/my_py_pkg/build/lib/my_py_pkg
[4.958s] copying my_py_pkg/number_counter.py -> /home/k/Main/Studying/GitHub-Repositories/ROS2-Jazzy-Course/ros2_ws/build/my_py_pkg/build/lib/my_py_pkg
[4.958s] copying my_py_pkg/smartphone.py -> /home/k/Main/Studying/GitHub-Repositories/ROS2-Jazzy-Course/ros2_ws/build/my_py_pkg/build/lib/my_py_pkg
[4.958s] running install
[4.986s] running install_lib
[5.048s] creating /home/k/Main/Studying/GitHub-Repositories/ROS2-Jazzy-Course/ros2_ws/install/my_py_pkg/lib/python3.12/site-packages/my_py_pkg
[5.049s] copying /home/k/Main/Studying/GitHub-Repositories/ROS2-Jazzy-Course/ros2_ws/build/my_py_pkg/build/lib/my_py_pkg/add_two_ints_client_no_oop.py -> /home/k/Main/Studying/GitHub-Repositories/ROS2-Jazzy-Course/ros2_ws/install/my_py_pkg/lib/python3.12/site-packages/my_py_pkg
[5.049s] copying /home/k/Main/Studying/GitHub-Repositories/ROS2-Jazzy-Course/ros2_ws/build/my_py_pkg/build/lib/my_py_pkg/__init__.py -> /home/k/Main/Studying/GitHub-Repositories/ROS2-Jazzy-Course/ros2_ws/install/my_py_pkg/lib/python3.12/site-packages/my_py_pkg
[5.050s] copying /home/k/Main/Studying/GitHub-Repositories/ROS2-Jazzy-Course/ros2_ws/build/my_py_pkg/build/lib/my_py_pkg/hardware_status_publisher.py -> /home/k/Main/Studying/GitHub-Repositories/ROS2-Jazzy-Course/ros2_ws/install/my_py_pkg/lib/python3.12/site-packages/my_py_pkg
[5.051s] copying /home/k/Main/Studying/GitHub-Repositories/ROS2-Jazzy-Course/ros2_ws/build/my_py_pkg/build/lib/my_py_pkg/add_two_ints_client.py -> /home/k/Main/Studying/GitHub-Repositories/ROS2-Jazzy-Course/ros2_ws/install/my_py_pkg/lib/python3.12/site-packages/my_py_pkg
[5.051s] copying /home/k/Main/Studying/GitHub-Repositories/ROS2-Jazzy-Course/ros2_ws/build/my_py_pkg/build/lib/my_py_pkg/add_two_ints_server.py -> /home/k/Main/Studying/GitHub-Repositories/ROS2-Jazzy-Course/ros2_ws/install/my_py_pkg/lib/python3.12/site-packages/my_py_pkg
[5.051s] copying /home/k/Main/Studying/GitHub-Repositories/ROS2-Jazzy-Course/ros2_ws/build/my_py_pkg/build/lib/my_py_pkg/my_first_node.py -> /home/k/Main/Studying/GitHub-Repositories/ROS2-Jazzy-Course/ros2_ws/install/my_py_pkg/lib/python3.12/site-packages/my_py_pkg
[5.051s] copying /home/k/Main/Studying/GitHub-Repositories/ROS2-Jazzy-Course/ros2_ws/build/my_py_pkg/build/lib/my_py_pkg/reset_counter.py -> /home/k/Main/Studying/GitHub-Repositories/ROS2-Jazzy-Course/ros2_ws/install/my_py_pkg/lib/python3.12/site-packages/my_py_pkg
[5.052s] copying /home/k/Main/Studying/GitHub-Repositories/ROS2-Jazzy-Course/ros2_ws/build/my_py_pkg/build/lib/my_py_pkg/number_publisher.py -> /home/k/Main/Studying/GitHub-Repositories/ROS2-Jazzy-Course/ros2_ws/install/my_py_pkg/lib/python3.12/site-packages/my_py_pkg
[5.052s] copying /home/k/Main/Studying/GitHub-Repositories/ROS2-Jazzy-Course/ros2_ws/build/my_py_pkg/build/lib/my_py_pkg/python_node_template.py -> /home/k/Main/Studying/GitHub-Repositories/ROS2-Jazzy-Course/ros2_ws/install/my_py_pkg/lib/python3.12/site-packages/my_py_pkg
[5.052s] copying /home/k/Main/Studying/GitHub-Repositories/ROS2-Jazzy-Course/ros2_ws/build/my_py_pkg/build/lib/my_py_pkg/robot_news_station.py -> /home/k/Main/Studying/GitHub-Repositories/ROS2-Jazzy-Course/ros2_ws/install/my_py_pkg/lib/python3.12/site-packages/my_py_pkg
[5.053s] copying /home/k/Main/Studying/GitHub-Repositories/ROS2-Jazzy-Course/ros2_ws/build/my_py_pkg/build/lib/my_py_pkg/number_counter.py -> /home/k/Main/Studying/GitHub-Repositories/ROS2-Jazzy-Course/ros2_ws/install/my_py_pkg/lib/python3.12/site-packages/my_py_pkg
[5.053s] copying /home/k/Main/Studying/GitHub-Repositories/ROS2-Jazzy-Course/ros2_ws/build/my_py_pkg/build/lib/my_py_pkg/smartphone.py -> /home/k/Main/Studying/GitHub-Repositories/ROS2-Jazzy-Course/ros2_ws/install/my_py_pkg/lib/python3.12/site-packages/my_py_pkg
[5.054s] byte-compiling /home/k/Main/Studying/GitHub-Repositories/ROS2-Jazzy-Course/ros2_ws/install/my_py_pkg/lib/python3.12/site-packages/my_py_pkg/add_two_ints_client_no_oop.py to add_two_ints_client_no_oop.cpython-312.pyc
[5.056s] byte-compiling /home/k/Main/Studying/GitHub-Repositories/ROS2-Jazzy-Course/ros2_ws/install/my_py_pkg/lib/python3.12/site-packages/my_py_pkg/__init__.py to __init__.cpython-312.pyc
[5.056s] byte-compiling /home/k/Main/Studying/GitHub-Repositories/ROS2-Jazzy-Course/ros2_ws/install/my_py_pkg/lib/python3.12/site-packages/my_py_pkg/hardware_status_publisher.py to hardware_status_publisher.cpython-312.pyc
[5.057s] byte-compiling /home/k/Main/Studying/GitHub-Repositories/ROS2-Jazzy-Course/ros2_ws/install/my_py_pkg/lib/python3.12/site-packages/my_py_pkg/add_two_ints_client.py to add_two_ints_client.cpython-312.pyc
[5.059s] byte-compiling /home/k/Main/Studying/GitHub-Repositories/ROS2-Jazzy-Course/ros2_ws/install/my_py_pkg/lib/python3.12/site-packages/my_py_pkg/add_two_ints_server.py to add_two_ints_server.cpython-312.pyc
[5.060s] byte-compiling /home/k/Main/Studying/GitHub-Repositories/ROS2-Jazzy-Course/ros2_ws/install/my_py_pkg/lib/python3.12/site-packages/my_py_pkg/my_first_node.py to my_first_node.cpython-312.pyc
[5.061s] byte-compiling /home/k/Main/Studying/GitHub-Repositories/ROS2-Jazzy-Course/ros2_ws/install/my_py_pkg/lib/python3.12/site-packages/my_py_pkg/reset_counter.py to reset_counter.cpython-312.pyc
[5.062s] byte-compiling /home/k/Main/Studying/GitHub-Repositories/ROS2-Jazzy-Course/ros2_ws/install/my_py_pkg/lib/python3.12/site-packages/my_py_pkg/number_publisher.py to number_publisher.cpython-312.pyc
[5.063s] byte-compiling /home/k/Main/Studying/GitHub-Repositories/ROS2-Jazzy-Course/ros2_ws/install/my_py_pkg/lib/python3.12/site-packages/my_py_pkg/python_node_template.py to python_node_template.cpython-312.pyc
[5.064s] byte-compiling /home/k/Main/Studying/GitHub-Repositories/ROS2-Jazzy-Course/ros2_ws/install/my_py_pkg/lib/python3.12/site-packages/my_py_pkg/robot_news_station.py to robot_news_station.cpython-312.pyc
[5.065s] byte-compiling /home/k/Main/Studying/GitHub-Repositories/ROS2-Jazzy-Course/ros2_ws/install/my_py_pkg/lib/python3.12/site-packages/my_py_pkg/number_counter.py to number_counter.cpython-312.pyc
[5.067s] byte-compiling /home/k/Main/Studying/GitHub-Repositories/ROS2-Jazzy-Course/ros2_ws/install/my_py_pkg/lib/python3.12/site-packages/my_py_pkg/smartphone.py to smartphone.cpython-312.pyc
[5.068s] running install_data
[5.068s] copying resource/my_py_pkg -> /home/k/Main/Studying/GitHub-Repositories/ROS2-Jazzy-Course/ros2_ws/install/my_py_pkg/share/ament_index/resource_index/packages
[5.068s] copying package.xml -> /home/k/Main/Studying/GitHub-Repositories/ROS2-Jazzy-Course/ros2_ws/install/my_py_pkg/share/my_py_pkg
[5.069s] running install_egg_info
[5.133s] Copying ../../build/my_py_pkg/my_py_pkg.egg-info to /home/k/Main/Studying/GitHub-Repositories/ROS2-Jazzy-Course/ros2_ws/install/my_py_pkg/lib/python3.12/site-packages/my_py_pkg-0.0.0-py3.12.egg-info
[5.136s] running install_scripts
[5.526s] Installing add_two_ints script to /home/k/Main/Studying/GitHub-Repositories/ROS2-Jazzy-Course/ros2_ws/install/my_py_pkg/lib/my_py_pkg
[5.527s] Installing add_two_ints_client script to /home/k/Main/Studying/GitHub-Repositories/ROS2-Jazzy-Course/ros2_ws/install/my_py_pkg/lib/my_py_pkg
[5.527s] Installing add_two_ints_client_no_oop script to /home/k/Main/Studying/GitHub-Repositories/ROS2-Jazzy-Course/ros2_ws/install/my_py_pkg/lib/my_py_pkg
[5.527s] Installing hardware_status_publisher script to /home/k/Main/Studying/GitHub-Repositories/ROS2-Jazzy-Course/ros2_ws/install/my_py_pkg/lib/my_py_pkg
[5.528s] Installing number_counter script to /home/k/Main/Studying/GitHub-Repositories/ROS2-Jazzy-Course/ros2_ws/install/my_py_pkg/lib/my_py_pkg
[5.529s] Installing number_publisher script to /home/k/Main/Studying/GitHub-Repositories/ROS2-Jazzy-Course/ros2_ws/install/my_py_pkg/lib/my_py_pkg
[5.529s] Installing py_node script to /home/k/Main/Studying/GitHub-Repositories/ROS2-Jazzy-Course/ros2_ws/install/my_py_pkg/lib/my_py_pkg
[5.529s] Installing reset_counter script to /home/k/Main/Studying/GitHub-Repositories/ROS2-Jazzy-Course/ros2_ws/install/my_py_pkg/lib/my_py_pkg
[5.529s] Installing robot_news_station script to /home/k/Main/Studying/GitHub-Repositories/ROS2-Jazzy-Course/ros2_ws/install/my_py_pkg/lib/my_py_pkg
[5.530s] Installing smartphone script to /home/k/Main/Studying/GitHub-Repositories/ROS2-Jazzy-Course/ros2_ws/install/my_py_pkg/lib/my_py_pkg
[5.530s] writing list of installed files to '/home/k/Main/Studying/GitHub-Repositories/ROS2-Jazzy-Course/ros2_ws/build/my_py_pkg/install.log'
[5.611s] Invoked command in '/home/k/Main/Studying/GitHub-Repositories/ROS2-Jazzy-Course/ros2_ws/src/my_py_pkg' returned '0': DEBUGINFOD_URLS=https://debuginfod.ubuntu.com PYTHONPATH=/home/k/Main/Studying/GitHub-Repositories/ROS2-Jazzy-Course/ros2_ws/build/my_py_pkg/prefix_override:/usr/lib/python3/dist-packages/colcon_core/task/python/colcon_distutils_commands:/home/k/Main/Studying/GitHub-Repositories/ROS2-Jazzy-Course/ros2_ws/install/my_py_pkg/lib/python3.12/site-packages:${PYTHONPATH} /usr/bin/python3 -W ignore:setup.py install is deprecated -W ignore:easy_install command is deprecated setup.py egg_info --egg-base ../../build/my_py_pkg build --build-base /home/k/Main/Studying/GitHub-Repositories/ROS2-Jazzy-Course/ros2_ws/build/my_py_pkg/build install --record /home/k/Main/Studying/GitHub-Repositories/ROS2-Jazzy-Course/ros2_ws/build/my_py_pkg/install.log --single-version-externally-managed install_data --force
