[0.029s] Invoking command in '/home/k/Main/Studying/GitHub-Repositories/ROS2-Jazzy-Course/ros2_ws/build/my_cpp_pkg': CMAKE_PREFIX_PATH=${CMAKE_PREFIX_PATH}:/home/k/Main/Studying/GitHub-Repositories/ROS2-Jazzy-Course/ros2_ws/install/my_py_pkg:/opt/ros/jazzy DEBUGINFOD_URLS=https://debuginfod.ubuntu.com /usr/bin/cmake --build /home/k/Main/Studying/GitHub-Repositories/ROS2-Jazzy-Course/ros2_ws/build/my_cpp_pkg -- -j4 -l4
[0.108s] -- Found ament_cmake: 2.5.4 (/opt/ros/jazzy/share/ament_cmake/cmake)
[0.801s] -- Found rclcpp: 28.1.9 (/opt/ros/jazzy/share/rclcpp/cmake)
[0.908s] -- Found rosidl_generator_c: 4.6.5 (/opt/ros/jazzy/share/rosidl_generator_c/cmake)
[0.952s] -- Found rosidl_generator_cpp: 4.6.5 (/opt/ros/jazzy/share/rosidl_generator_cpp/cmake)
[1.001s] -- Using all available rosidl_typesupport_c: rosidl_typesupport_fastrtps_c;rosidl_typesupport_introspection_c
[1.062s] -- Using all available rosidl_typesupport_cpp: rosidl_typesupport_fastrtps_cpp;rosidl_typesupport_introspection_cpp
[1.340s] -- Found rmw_implementation_cmake: 7.3.2 (/opt/ros/jazzy/share/rmw_implementation_cmake/cmake)
[1.346s] -- Found rmw_fastrtps_cpp: 8.4.2 (/opt/ros/jazzy/share/rmw_fastrtps_cpp/cmake)
[1.588s] -- Using RMW implementation 'rmw_fastrtps_cpp' as default
[1.868s] -- Found example_interfaces: 0.12.0 (/opt/ros/jazzy/share/example_interfaces/cmake)
[2.108s] -- Found ament_lint_auto: 0.17.2 (/opt/ros/jazzy/share/ament_lint_auto/cmake)
[2.419s] -- Added test 'cppcheck' to perform static code analysis on C / C++ code
[2.421s] -- Configured cppcheck include dirs: 
[2.422s] -- Configured cppcheck exclude dirs and/or files: 
[2.422s] -- Added test 'lint_cmake' to check CMake code style
[2.426s] -- Added test 'uncrustify' to check C / C++ code style
[2.427s] -- Configured uncrustify additional arguments: 
[2.428s] -- Added test 'xmllint' to check XML markup files
[2.430s] -- Configuring done (2.3s)
[2.447s] [31mCMake Error at CMakeLists.txt:43 (add_executable):
[2.447s]   Cannot find source file:
[2.448s] 
[2.448s]     src/add_two_ints_client_no_oop.cpp
[2.448s] 
[2.448s]   Tried extensions .c .C .c++ .cc .cpp .cxx .cu .mpp .m .M .mm .ixx .cppm
[2.449s]   .ccm .cxxm .c++m .h .hh .h++ .hm .hpp .hxx .in .txx .f .F .for .f77 .f90
[2.449s]   .f95 .f03 .hip .ispc
[2.449s] 
[2.449s] [0m
[2.458s] [31mCMake Error at CMakeLists.txt:43 (add_executable):
[2.458s]   No SOURCES given to target: add_two_ints_client_no_oop
[2.458s] 
[2.458s] [0m
[2.459s] [0mCMake Generate step failed.  Build files cannot be regenerated correctly.[0m
[2.476s] gmake: *** [Makefile:472: cmake_check_build_system] Error 1
[2.483s] Invoked command in '/home/k/Main/Studying/GitHub-Repositories/ROS2-Jazzy-Course/ros2_ws/build/my_cpp_pkg' returned '2': CMAKE_PREFIX_PATH=${CMAKE_PREFIX_PATH}:/home/k/Main/Studying/GitHub-Repositories/ROS2-Jazzy-Course/ros2_ws/install/my_py_pkg:/opt/ros/jazzy DEBUGINFOD_URLS=https://debuginfod.ubuntu.com /usr/bin/cmake --build /home/k/Main/Studying/GitHub-Repositories/ROS2-Jazzy-Course/ros2_ws/build/my_cpp_pkg -- -j4 -l4
