[0.042s] Invoking command in '/home/k/Main/Studying/GitHub-Repositories/ROS2-Jazzy-Course/ros2_ws/build/my_cpp_pkg': CMAKE_PREFIX_PATH=${CMAKE_PREFIX_PATH}:/home/k/Main/Studying/GitHub-Repositories/ROS2-Jazzy-Course/ros2_ws/install/my_py_pkg:/opt/ros/jazzy DEBUGINFOD_URLS=https://debuginfod.ubuntu.com /usr/bin/cmake --build /home/k/Main/Studying/GitHub-Repositories/ROS2-Jazzy-Course/ros2_ws/build/my_cpp_pkg -- -j4 -l4
[0.377s] [ 11%] Built target robot_news_station
[0.404s] [ 22%] Built target cpp_node
[0.414s] [ 33%] Built target number_publisher
[0.429s] [ 44%] Built target smartphone
[0.580s] [ 55%] Built target add_two_ints_client
[0.584s] [ 66%] Built target add_two_ints_client_no_oop
[0.602s] [ 83%] Built target add_two_ints_server
[0.603s] [ 83%] [32mBuilding CXX object CMakeFiles/number_counter.dir/src/number_counter.cpp.o[0m
[0.694s] [ 94%] Built target reset_counter
[24.057s] [100%] [32m[1mLinking CXX executable number_counter[0m
[24.953s] [100%] Built target number_counter
[24.982s] Invoked command in '/home/k/Main/Studying/GitHub-Repositories/ROS2-Jazzy-Course/ros2_ws/build/my_cpp_pkg' returned '0': CMAKE_PREFIX_PATH=${CMAKE_PREFIX_PATH}:/home/k/Main/Studying/GitHub-Repositories/ROS2-Jazzy-Course/ros2_ws/install/my_py_pkg:/opt/ros/jazzy DEBUGINFOD_URLS=https://debuginfod.ubuntu.com /usr/bin/cmake --build /home/k/Main/Studying/GitHub-Repositories/ROS2-Jazzy-Course/ros2_ws/build/my_cpp_pkg -- -j4 -l4
[25.005s] Invoking command in '/home/k/Main/Studying/GitHub-Repositories/ROS2-Jazzy-Course/ros2_ws/build/my_cpp_pkg': CMAKE_PREFIX_PATH=${CMAKE_PREFIX_PATH}:/home/k/Main/Studying/GitHub-Repositories/ROS2-Jazzy-Course/ros2_ws/install/my_py_pkg:/opt/ros/jazzy DEBUGINFOD_URLS=https://debuginfod.ubuntu.com /usr/bin/cmake --install /home/k/Main/Studying/GitHub-Repositories/ROS2-Jazzy-Course/ros2_ws/build/my_cpp_pkg
[25.024s] -- Install configuration: ""
[25.025s] -- Up-to-date: /home/k/Main/Studying/GitHub-Repositories/ROS2-Jazzy-Course/ros2_ws/install/my_cpp_pkg/lib/my_cpp_pkg/cpp_node
[25.026s] -- Up-to-date: /home/k/Main/Studying/GitHub-Repositories/ROS2-Jazzy-Course/ros2_ws/install/my_cpp_pkg/lib/my_cpp_pkg/robot_news_station
[25.027s] -- Up-to-date: /home/k/Main/Studying/GitHub-Repositories/ROS2-Jazzy-Course/ros2_ws/install/my_cpp_pkg/lib/my_cpp_pkg/smartphone
[25.028s] -- Up-to-date: /home/k/Main/Studying/GitHub-Repositories/ROS2-Jazzy-Course/ros2_ws/install/my_cpp_pkg/lib/my_cpp_pkg/number_publisher
[25.029s] -- Installing: /home/k/Main/Studying/GitHub-Repositories/ROS2-Jazzy-Course/ros2_ws/install/my_cpp_pkg/lib/my_cpp_pkg/number_counter
[25.041s] -- Set non-toolchain portion of runtime path of "/home/k/Main/Studying/GitHub-Repositories/ROS2-Jazzy-Course/ros2_ws/install/my_cpp_pkg/lib/my_cpp_pkg/number_counter" to ""
[25.042s] -- Up-to-date: /home/k/Main/Studying/GitHub-Repositories/ROS2-Jazzy-Course/ros2_ws/install/my_cpp_pkg/lib/my_cpp_pkg/add_two_ints_server
[25.043s] -- Up-to-date: /home/k/Main/Studying/GitHub-Repositories/ROS2-Jazzy-Course/ros2_ws/install/my_cpp_pkg/lib/my_cpp_pkg/add_two_ints_client_no_oop
[25.043s] -- Up-to-date: /home/k/Main/Studying/GitHub-Repositories/ROS2-Jazzy-Course/ros2_ws/install/my_cpp_pkg/lib/my_cpp_pkg/add_two_ints_client
[25.044s] -- Up-to-date: /home/k/Main/Studying/GitHub-Repositories/ROS2-Jazzy-Course/ros2_ws/install/my_cpp_pkg/lib/my_cpp_pkg/reset_counter
[25.045s] -- Up-to-date: /home/k/Main/Studying/GitHub-Repositories/ROS2-Jazzy-Course/ros2_ws/install/my_cpp_pkg/share/ament_index/resource_index/package_run_dependencies/my_cpp_pkg
[25.045s] -- Up-to-date: /home/k/Main/Studying/GitHub-Repositories/ROS2-Jazzy-Course/ros2_ws/install/my_cpp_pkg/share/ament_index/resource_index/parent_prefix_path/my_cpp_pkg
[25.046s] -- Up-to-date: /home/k/Main/Studying/GitHub-Repositories/ROS2-Jazzy-Course/ros2_ws/install/my_cpp_pkg/share/my_cpp_pkg/environment/ament_prefix_path.sh
[25.046s] -- Up-to-date: /home/k/Main/Studying/GitHub-Repositories/ROS2-Jazzy-Course/ros2_ws/install/my_cpp_pkg/share/my_cpp_pkg/environment/ament_prefix_path.dsv
[25.046s] -- Up-to-date: /home/k/Main/Studying/GitHub-Repositories/ROS2-Jazzy-Course/ros2_ws/install/my_cpp_pkg/share/my_cpp_pkg/environment/path.sh
[25.046s] -- Up-to-date: /home/k/Main/Studying/GitHub-Repositories/ROS2-Jazzy-Course/ros2_ws/install/my_cpp_pkg/share/my_cpp_pkg/environment/path.dsv
[25.047s] -- Up-to-date: /home/k/Main/Studying/GitHub-Repositories/ROS2-Jazzy-Course/ros2_ws/install/my_cpp_pkg/share/my_cpp_pkg/local_setup.bash
[25.047s] -- Up-to-date: /home/k/Main/Studying/GitHub-Repositories/ROS2-Jazzy-Course/ros2_ws/install/my_cpp_pkg/share/my_cpp_pkg/local_setup.sh
[25.047s] -- Up-to-date: /home/k/Main/Studying/GitHub-Repositories/ROS2-Jazzy-Course/ros2_ws/install/my_cpp_pkg/share/my_cpp_pkg/local_setup.zsh
[25.048s] -- Up-to-date: /home/k/Main/Studying/GitHub-Repositories/ROS2-Jazzy-Course/ros2_ws/install/my_cpp_pkg/share/my_cpp_pkg/local_setup.dsv
[25.048s] -- Installing: /home/k/Main/Studying/GitHub-Repositories/ROS2-Jazzy-Course/ros2_ws/install/my_cpp_pkg/share/my_cpp_pkg/package.dsv
[25.048s] -- Up-to-date: /home/k/Main/Studying/GitHub-Repositories/ROS2-Jazzy-Course/ros2_ws/install/my_cpp_pkg/share/ament_index/resource_index/packages/my_cpp_pkg
[25.048s] -- Up-to-date: /home/k/Main/Studying/GitHub-Repositories/ROS2-Jazzy-Course/ros2_ws/install/my_cpp_pkg/share/my_cpp_pkg/cmake/my_cpp_pkgConfig.cmake
[25.048s] -- Up-to-date: /home/k/Main/Studying/GitHub-Repositories/ROS2-Jazzy-Course/ros2_ws/install/my_cpp_pkg/share/my_cpp_pkg/cmake/my_cpp_pkgConfig-version.cmake
[25.048s] -- Up-to-date: /home/k/Main/Studying/GitHub-Repositories/ROS2-Jazzy-Course/ros2_ws/install/my_cpp_pkg/share/my_cpp_pkg/package.xml
[25.052s] Invoked command in '/home/k/Main/Studying/GitHub-Repositories/ROS2-Jazzy-Course/ros2_ws/build/my_cpp_pkg' returned '0': CMAKE_PREFIX_PATH=${CMAKE_PREFIX_PATH}:/home/k/Main/Studying/GitHub-Repositories/ROS2-Jazzy-Course/ros2_ws/install/my_py_pkg:/opt/ros/jazzy DEBUGINFOD_URLS=https://debuginfod.ubuntu.com /usr/bin/cmake --install /home/k/Main/Studying/GitHub-Repositories/ROS2-Jazzy-Course/ros2_ws/build/my_cpp_pkg
