[2.690s] Invoking command in '/home/k/Main/Studying/GitHub-Repositories/ROS2-Jazzy-Course/ros2_ws/build/my_py_pkg': DEBUGINFOD_URLS=https://debuginfod.ubuntu.com PYTHONPATH=/home/k/Main/Studying/GitHub-Repositories/ROS2-Jazzy-Course/ros2_ws/build/my_py_pkg/prefix_override:/usr/lib/python3/dist-packages/colcon_core/task/python/colcon_distutils_commands:/home/k/Main/Studying/GitHub-Repositories/ROS2-Jazzy-Course/ros2_ws/install/my_py_pkg/lib/python3.12/site-packages:${PYTHONPATH} /usr/bin/python3 -W ignore:setup.py install is deprecated -W ignore:easy_install command is deprecated setup.py develop --editable --build-directory /home/k/Main/Studying/GitHub-Repositories/ROS2-Jazzy-Course/ros2_ws/build/my_py_pkg/build --no-deps symlink_data
[3.650s] running develop
[4.274s] running egg_info
[4.334s] writing my_py_pkg.egg-info/PKG-INFO
[4.334s] writing dependency_links to my_py_pkg.egg-info/dependency_links.txt
[4.334s] writing entry points to my_py_pkg.egg-info/entry_points.txt
[4.335s] writing requirements to my_py_pkg.egg-info/requires.txt
[4.335s] writing top-level names to my_py_pkg.egg-info/top_level.txt
[4.459s] reading manifest file 'my_py_pkg.egg-info/SOURCES.txt'
[4.460s] writing manifest file 'my_py_pkg.egg-info/SOURCES.txt'
[4.524s] running build_ext
[4.525s] Creating /home/k/Main/Studying/GitHub-Repositories/ROS2-Jazzy-Course/ros2_ws/install/my_py_pkg/lib/python3.12/site-packages/my-py-pkg.egg-link (link to .)
[4.526s] Installing add_two_ints script to /home/k/Main/Studying/GitHub-Repositories/ROS2-Jazzy-Course/ros2_ws/install/my_py_pkg/lib/my_py_pkg
[4.526s] Installing number_counter script to /home/k/Main/Studying/GitHub-Repositories/ROS2-Jazzy-Course/ros2_ws/install/my_py_pkg/lib/my_py_pkg
[4.527s] Installing number_publisher script to /home/k/Main/Studying/GitHub-Repositories/ROS2-Jazzy-Course/ros2_ws/install/my_py_pkg/lib/my_py_pkg
[4.527s] Installing py_node script to /home/k/Main/Studying/GitHub-Repositories/ROS2-Jazzy-Course/ros2_ws/install/my_py_pkg/lib/my_py_pkg
[4.528s] Installing robot_news_station script to /home/k/Main/Studying/GitHub-Repositories/ROS2-Jazzy-Course/ros2_ws/install/my_py_pkg/lib/my_py_pkg
[4.528s] Installing smartphone script to /home/k/Main/Studying/GitHub-Repositories/ROS2-Jazzy-Course/ros2_ws/install/my_py_pkg/lib/my_py_pkg
[4.528s] 
[4.529s] Installed /home/k/Main/Studying/GitHub-Repositories/ROS2-Jazzy-Course/ros2_ws/build/my_py_pkg
[4.532s] running symlink_data
[4.622s] Invoked command in '/home/k/Main/Studying/GitHub-Repositories/ROS2-Jazzy-Course/ros2_ws/build/my_py_pkg' returned '0': DEBUGINFOD_URLS=https://debuginfod.ubuntu.com PYTHONPATH=/home/k/Main/Studying/GitHub-Repositories/ROS2-Jazzy-Course/ros2_ws/build/my_py_pkg/prefix_override:/usr/lib/python3/dist-packages/colcon_core/task/python/colcon_distutils_commands:/home/k/Main/Studying/GitHub-Repositories/ROS2-Jazzy-Course/ros2_ws/install/my_py_pkg/lib/python3.12/site-packages:${PYTHONPATH} /usr/bin/python3 -W ignore:setup.py install is deprecated -W ignore:easy_install command is deprecated setup.py develop --editable --build-directory /home/k/Main/Studying/GitHub-Repositories/ROS2-Jazzy-Course/ros2_ws/build/my_py_pkg/build --no-deps symlink_data
