[0.417s] DEBUG:colcon:Command line arguments: ['/usr/bin/colcon', 'build', '--packages-select', 'my_cpp_pkg']
[0.417s] DEBUG:colcon:Parsed command line arguments: Namespace(log_base=None, log_level=None, verb_name='build', build_base='build', install_base='install', merge_install=False, symlink_install=False, test_result_base=None, continue_on_error=False, executor='parallel', parallel_workers=4, event_handlers=None, ignore_user_meta=False, metas=['./colcon.meta'], base_paths=['.'], packages_ignore=None, packages_ignore_regex=None, paths=None, packages_up_to=None, packages_up_to_regex=None, packages_above=None, packages_above_and_dependencies=None, packages_above_depth=None, packages_select_by_dep=None, packages_skip_by_dep=None, packages_skip_up_to=None, packages_select_build_failed=False, packages_skip_build_finished=False, packages_select_test_failures=False, packages_skip_test_passed=False, packages_select=['my_cpp_pkg'], packages_skip=None, packages_select_regex=None, packages_skip_regex=None, packages_start=None, packages_end=None, allow_overriding=[], cmake_args=None, cmake_target=None, cmake_target_skip_unavailable=False, cmake_clean_cache=False, cmake_clean_first=False, cmake_force_configure=False, ament_cmake_args=None, catkin_cmake_args=None, catkin_skip_building_tests=False, mixin_files=None, mixin=None, verb_parser=<colcon_mixin.mixin.mixin_argument.MixinArgumentDecorator object at 0x7c9c1d96baa0>, verb_extension=<colcon_core.verb.build.BuildVerb object at 0x7c9c1d9097f0>, main=<bound method BuildVerb.main of <colcon_core.verb.build.BuildVerb object at 0x7c9c1d9097f0>>, mixin_verb=('build',))
[0.625s] Level 1:colcon.colcon_core.package_discovery:discover_packages(colcon_meta) check parameters
[0.625s] Level 1:colcon.colcon_core.package_discovery:discover_packages(recursive) check parameters
[0.627s] Level 1:colcon.colcon_core.package_discovery:discover_packages(ignore) check parameters
[0.627s] Level 1:colcon.colcon_core.package_discovery:discover_packages(path) check parameters
[0.627s] Level 1:colcon.colcon_core.package_discovery:discover_packages(colcon_meta) discover
[0.628s] Level 1:colcon.colcon_core.package_discovery:discover_packages(recursive) discover
[0.628s] INFO:colcon.colcon_core.package_discovery:Crawling recursively for packages in '/home/k/Main/Studying/GitHub-Repositories/ROS2-Jazzy-Course/ros2_ws'
[0.628s] Level 1:colcon.colcon_core.package_identification:_identify(.) by extensions ['ignore', 'ignore_ament_install']
[0.628s] Level 1:colcon.colcon_core.package_identification:_identify(.) by extension 'ignore'
[0.628s] Level 1:colcon.colcon_core.package_identification:_identify(.) by extension 'ignore_ament_install'
[0.628s] Level 1:colcon.colcon_core.package_identification:_identify(.) by extensions ['colcon_pkg']
[0.629s] Level 1:colcon.colcon_core.package_identification:_identify(.) by extension 'colcon_pkg'
[0.629s] Level 1:colcon.colcon_core.package_identification:_identify(.) by extensions ['colcon_meta']
[0.629s] Level 1:colcon.colcon_core.package_identification:_identify(.) by extension 'colcon_meta'
[0.629s] Level 1:colcon.colcon_core.package_identification:_identify(.) by extensions ['ros']
[0.629s] Level 1:colcon.colcon_core.package_identification:_identify(.) by extension 'ros'
[0.751s] Level 1:colcon.colcon_core.package_identification:_identify(.) by extensions ['cmake', 'python']
[0.751s] Level 1:colcon.colcon_core.package_identification:_identify(.) by extension 'cmake'
[0.751s] Level 1:colcon.colcon_core.package_identification:_identify(.) by extension 'python'
[0.751s] Level 1:colcon.colcon_core.package_identification:_identify(.) by extensions ['python_setup_py']
[0.751s] Level 1:colcon.colcon_core.package_identification:_identify(.) by extension 'python_setup_py'
[0.751s] Level 1:colcon.colcon_core.package_identification:_identify(build) by extensions ['ignore', 'ignore_ament_install']
[0.752s] Level 1:colcon.colcon_core.package_identification:_identify(build) by extension 'ignore'
[0.752s] Level 1:colcon.colcon_core.package_identification:_identify(build) ignored
[0.752s] Level 1:colcon.colcon_core.package_identification:_identify(install) by extensions ['ignore', 'ignore_ament_install']
[0.752s] Level 1:colcon.colcon_core.package_identification:_identify(install) by extension 'ignore'
[0.752s] Level 1:colcon.colcon_core.package_identification:_identify(install) ignored
[0.753s] Level 1:colcon.colcon_core.package_identification:_identify(log) by extensions ['ignore', 'ignore_ament_install']
[0.753s] Level 1:colcon.colcon_core.package_identification:_identify(log) by extension 'ignore'
[0.753s] Level 1:colcon.colcon_core.package_identification:_identify(log) ignored
[0.753s] Level 1:colcon.colcon_core.package_identification:_identify(src) by extensions ['ignore', 'ignore_ament_install']
[0.753s] Level 1:colcon.colcon_core.package_identification:_identify(src) by extension 'ignore'
[0.753s] Level 1:colcon.colcon_core.package_identification:_identify(src) by extension 'ignore_ament_install'
[0.753s] Level 1:colcon.colcon_core.package_identification:_identify(src) by extensions ['colcon_pkg']
[0.754s] Level 1:colcon.colcon_core.package_identification:_identify(src) by extension 'colcon_pkg'
[0.754s] Level 1:colcon.colcon_core.package_identification:_identify(src) by extensions ['colcon_meta']
[0.754s] Level 1:colcon.colcon_core.package_identification:_identify(src) by extension 'colcon_meta'
[0.754s] Level 1:colcon.colcon_core.package_identification:_identify(src) by extensions ['ros']
[0.754s] Level 1:colcon.colcon_core.package_identification:_identify(src) by extension 'ros'
[0.754s] Level 1:colcon.colcon_core.package_identification:_identify(src) by extensions ['cmake', 'python']
[0.754s] Level 1:colcon.colcon_core.package_identification:_identify(src) by extension 'cmake'
[0.754s] Level 1:colcon.colcon_core.package_identification:_identify(src) by extension 'python'
[0.754s] Level 1:colcon.colcon_core.package_identification:_identify(src) by extensions ['python_setup_py']
[0.754s] Level 1:colcon.colcon_core.package_identification:_identify(src) by extension 'python_setup_py'
[0.755s] Level 1:colcon.colcon_core.package_identification:_identify(src/my_cpp_pkg) by extensions ['ignore', 'ignore_ament_install']
[0.755s] Level 1:colcon.colcon_core.package_identification:_identify(src/my_cpp_pkg) by extension 'ignore'
[0.755s] Level 1:colcon.colcon_core.package_identification:_identify(src/my_cpp_pkg) by extension 'ignore_ament_install'
[0.755s] Level 1:colcon.colcon_core.package_identification:_identify(src/my_cpp_pkg) by extensions ['colcon_pkg']
[0.755s] Level 1:colcon.colcon_core.package_identification:_identify(src/my_cpp_pkg) by extension 'colcon_pkg'
[0.755s] Level 1:colcon.colcon_core.package_identification:_identify(src/my_cpp_pkg) by extensions ['colcon_meta']
[0.755s] Level 1:colcon.colcon_core.package_identification:_identify(src/my_cpp_pkg) by extension 'colcon_meta'
[0.756s] Level 1:colcon.colcon_core.package_identification:_identify(src/my_cpp_pkg) by extensions ['ros']
[0.756s] Level 1:colcon.colcon_core.package_identification:_identify(src/my_cpp_pkg) by extension 'ros'
[0.763s] DEBUG:colcon.colcon_core.package_identification:Package 'src/my_cpp_pkg' with type 'ros.ament_cmake' and name 'my_cpp_pkg'
[0.764s] Level 1:colcon.colcon_core.package_identification:_identify(src/my_py_pkg) by extensions ['ignore', 'ignore_ament_install']
[0.764s] Level 1:colcon.colcon_core.package_identification:_identify(src/my_py_pkg) by extension 'ignore'
[0.764s] Level 1:colcon.colcon_core.package_identification:_identify(src/my_py_pkg) by extension 'ignore_ament_install'
[0.764s] Level 1:colcon.colcon_core.package_identification:_identify(src/my_py_pkg) by extensions ['colcon_pkg']
[0.764s] Level 1:colcon.colcon_core.package_identification:_identify(src/my_py_pkg) by extension 'colcon_pkg'
[0.765s] Level 1:colcon.colcon_core.package_identification:_identify(src/my_py_pkg) by extensions ['colcon_meta']
[0.765s] Level 1:colcon.colcon_core.package_identification:_identify(src/my_py_pkg) by extension 'colcon_meta'
[0.765s] Level 1:colcon.colcon_core.package_identification:_identify(src/my_py_pkg) by extensions ['ros']
[0.765s] Level 1:colcon.colcon_core.package_identification:_identify(src/my_py_pkg) by extension 'ros'
[0.767s] DEBUG:colcon.colcon_core.package_identification:Package 'src/my_py_pkg' with type 'ros.ament_python' and name 'my_py_pkg'
[0.767s] Level 1:colcon.colcon_core.package_discovery:discover_packages(recursive) using defaults
[0.767s] Level 1:colcon.colcon_core.package_discovery:discover_packages(ignore) discover
[0.767s] Level 1:colcon.colcon_core.package_discovery:discover_packages(ignore) using defaults
[0.767s] Level 1:colcon.colcon_core.package_discovery:discover_packages(path) discover
[0.767s] Level 1:colcon.colcon_core.package_discovery:discover_packages(path) using defaults
[0.836s] INFO:colcon.colcon_core.package_selection:Skipping not selected package 'my_py_pkg' in 'src/my_py_pkg'
[0.837s] Level 1:colcon.colcon_core.package_discovery:discover_packages(prefix_path) check parameters
[0.837s] Level 1:colcon.colcon_core.package_discovery:discover_packages(prefix_path) discover
[0.842s] DEBUG:colcon.colcon_installed_package_information.package_discovery:Found 2 installed packages in /home/k/Main/Studying/GitHub-Repositories/ROS2-Jazzy-Course/ros2_ws/install
[0.851s] DEBUG:colcon.colcon_installed_package_information.package_discovery:Found 285 installed packages in /opt/ros/jazzy
[0.855s] Level 1:colcon.colcon_core.package_discovery:discover_packages(prefix_path) using defaults
[1.091s] Level 5:colcon.colcon_core.verb:set package 'my_cpp_pkg' build argument 'cmake_args' from command line to 'None'
[1.092s] Level 5:colcon.colcon_core.verb:set package 'my_cpp_pkg' build argument 'cmake_target' from command line to 'None'
[1.092s] Level 5:colcon.colcon_core.verb:set package 'my_cpp_pkg' build argument 'cmake_target_skip_unavailable' from command line to 'False'
[1.092s] Level 5:colcon.colcon_core.verb:set package 'my_cpp_pkg' build argument 'cmake_clean_cache' from command line to 'False'
[1.092s] Level 5:colcon.colcon_core.verb:set package 'my_cpp_pkg' build argument 'cmake_clean_first' from command line to 'False'
[1.092s] Level 5:colcon.colcon_core.verb:set package 'my_cpp_pkg' build argument 'cmake_force_configure' from command line to 'False'
[1.092s] Level 5:colcon.colcon_core.verb:set package 'my_cpp_pkg' build argument 'ament_cmake_args' from command line to 'None'
[1.092s] Level 5:colcon.colcon_core.verb:set package 'my_cpp_pkg' build argument 'catkin_cmake_args' from command line to 'None'
[1.092s] Level 5:colcon.colcon_core.verb:set package 'my_cpp_pkg' build argument 'catkin_skip_building_tests' from command line to 'False'
[1.093s] DEBUG:colcon.colcon_core.verb:Building package 'my_cpp_pkg' with the following arguments: {'ament_cmake_args': None, 'build_base': '/home/k/Main/Studying/GitHub-Repositories/ROS2-Jazzy-Course/ros2_ws/build/my_cpp_pkg', 'catkin_cmake_args': None, 'catkin_skip_building_tests': False, 'cmake_args': None, 'cmake_clean_cache': False, 'cmake_clean_first': False, 'cmake_force_configure': False, 'cmake_target': None, 'cmake_target_skip_unavailable': False, 'install_base': '/home/k/Main/Studying/GitHub-Repositories/ROS2-Jazzy-Course/ros2_ws/install/my_cpp_pkg', 'merge_install': False, 'path': '/home/k/Main/Studying/GitHub-Repositories/ROS2-Jazzy-Course/ros2_ws/src/my_cpp_pkg', 'symlink_install': False, 'test_result_base': None}
[1.093s] INFO:colcon.colcon_core.executor:Executing jobs using 'parallel' executor
[1.095s] DEBUG:colcon.colcon_parallel_executor.executor.parallel:run_until_complete
[1.096s] INFO:colcon.colcon_ros.task.ament_cmake.build:Building ROS package in '/home/k/Main/Studying/GitHub-Repositories/ROS2-Jazzy-Course/ros2_ws/src/my_cpp_pkg' with build type 'ament_cmake'
[1.096s] INFO:colcon.colcon_cmake.task.cmake.build:Building CMake package in '/home/k/Main/Studying/GitHub-Repositories/ROS2-Jazzy-Course/ros2_ws/src/my_cpp_pkg'
[1.102s] INFO:colcon.colcon_core.plugin_system:Skipping extension 'colcon_core.shell.bat': Not used on non-Windows systems
[1.102s] INFO:colcon.colcon_core.shell:Skip shell extension 'powershell' for command environment: Not usable outside of PowerShell
[1.103s] DEBUG:colcon.colcon_core.shell:Skip shell extension 'dsv' for command environment
[1.136s] DEBUG:colcon.colcon_core.event_handler.log_command:Invoking command in '/home/k/Main/Studying/GitHub-Repositories/ROS2-Jazzy-Course/ros2_ws/build/my_cpp_pkg': CMAKE_PREFIX_PATH=${CMAKE_PREFIX_PATH}:/home/k/Main/Studying/GitHub-Repositories/ROS2-Jazzy-Course/ros2_ws/install/my_py_pkg:/opt/ros/jazzy DEBUGINFOD_URLS=https://debuginfod.ubuntu.com /usr/bin/cmake --build /home/k/Main/Studying/GitHub-Repositories/ROS2-Jazzy-Course/ros2_ws/build/my_cpp_pkg -- -j4 -l4
[14.044s] DEBUG:colcon.colcon_core.event_handler.log_command:Invoked command in '/home/k/Main/Studying/GitHub-Repositories/ROS2-Jazzy-Course/ros2_ws/build/my_cpp_pkg' returned '0': CMAKE_PREFIX_PATH=${CMAKE_PREFIX_PATH}:/home/k/Main/Studying/GitHub-Repositories/ROS2-Jazzy-Course/ros2_ws/install/my_py_pkg:/opt/ros/jazzy DEBUGINFOD_URLS=https://debuginfod.ubuntu.com /usr/bin/cmake --build /home/k/Main/Studying/GitHub-Repositories/ROS2-Jazzy-Course/ros2_ws/build/my_cpp_pkg -- -j4 -l4
[14.073s] DEBUG:colcon.colcon_core.event_handler.log_command:Invoking command in '/home/k/Main/Studying/GitHub-Repositories/ROS2-Jazzy-Course/ros2_ws/build/my_cpp_pkg': CMAKE_PREFIX_PATH=${CMAKE_PREFIX_PATH}:/home/k/Main/Studying/GitHub-Repositories/ROS2-Jazzy-Course/ros2_ws/install/my_py_pkg:/opt/ros/jazzy DEBUGINFOD_URLS=https://debuginfod.ubuntu.com /usr/bin/cmake --install /home/k/Main/Studying/GitHub-Repositories/ROS2-Jazzy-Course/ros2_ws/build/my_cpp_pkg
[14.112s] Level 1:colcon.colcon_core.environment:create_environment_scripts_only(my_cpp_pkg)
[14.113s] DEBUG:colcon.colcon_core.event_handler.log_command:Invoked command in '/home/k/Main/Studying/GitHub-Repositories/ROS2-Jazzy-Course/ros2_ws/build/my_cpp_pkg' returned '0': CMAKE_PREFIX_PATH=${CMAKE_PREFIX_PATH}:/home/k/Main/Studying/GitHub-Repositories/ROS2-Jazzy-Course/ros2_ws/install/my_py_pkg:/opt/ros/jazzy DEBUGINFOD_URLS=https://debuginfod.ubuntu.com /usr/bin/cmake --install /home/k/Main/Studying/GitHub-Repositories/ROS2-Jazzy-Course/ros2_ws/build/my_cpp_pkg
[14.118s] Level 1:colcon.colcon_core.environment:checking '/home/k/Main/Studying/GitHub-Repositories/ROS2-Jazzy-Course/ros2_ws/install/my_cpp_pkg' for CMake module files
[14.121s] Level 1:colcon.colcon_core.environment:checking '/home/k/Main/Studying/GitHub-Repositories/ROS2-Jazzy-Course/ros2_ws/install/my_cpp_pkg' for CMake config files
[14.122s] Level 1:colcon.colcon_core.shell:create_environment_hook('my_cpp_pkg', 'cmake_prefix_path')
[14.122s] INFO:colcon.colcon_core.shell:Creating environment hook '/home/k/Main/Studying/GitHub-Repositories/ROS2-Jazzy-Course/ros2_ws/install/my_cpp_pkg/share/my_cpp_pkg/hook/cmake_prefix_path.ps1'
[14.124s] INFO:colcon.colcon_core.shell:Creating environment descriptor '/home/k/Main/Studying/GitHub-Repositories/ROS2-Jazzy-Course/ros2_ws/install/my_cpp_pkg/share/my_cpp_pkg/hook/cmake_prefix_path.dsv'
[14.125s] INFO:colcon.colcon_core.shell:Creating environment hook '/home/k/Main/Studying/GitHub-Repositories/ROS2-Jazzy-Course/ros2_ws/install/my_cpp_pkg/share/my_cpp_pkg/hook/cmake_prefix_path.sh'
[14.127s] Level 1:colcon.colcon_core.environment:checking '/home/k/Main/Studying/GitHub-Repositories/ROS2-Jazzy-Course/ros2_ws/install/my_cpp_pkg/lib'
[14.128s] Level 1:colcon.colcon_core.environment:checking '/home/k/Main/Studying/GitHub-Repositories/ROS2-Jazzy-Course/ros2_ws/install/my_cpp_pkg/bin'
[14.128s] Level 1:colcon.colcon_core.environment:checking '/home/k/Main/Studying/GitHub-Repositories/ROS2-Jazzy-Course/ros2_ws/install/my_cpp_pkg/lib/pkgconfig/my_cpp_pkg.pc'
[14.129s] Level 1:colcon.colcon_core.environment:checking '/home/k/Main/Studying/GitHub-Repositories/ROS2-Jazzy-Course/ros2_ws/install/my_cpp_pkg/lib/python3.12/site-packages'
[14.129s] Level 1:colcon.colcon_core.environment:checking '/home/k/Main/Studying/GitHub-Repositories/ROS2-Jazzy-Course/ros2_ws/install/my_cpp_pkg/bin'
[14.130s] INFO:colcon.colcon_core.shell:Creating package script '/home/k/Main/Studying/GitHub-Repositories/ROS2-Jazzy-Course/ros2_ws/install/my_cpp_pkg/share/my_cpp_pkg/package.ps1'
[14.132s] INFO:colcon.colcon_core.shell:Creating package descriptor '/home/k/Main/Studying/GitHub-Repositories/ROS2-Jazzy-Course/ros2_ws/install/my_cpp_pkg/share/my_cpp_pkg/package.dsv'
[14.133s] INFO:colcon.colcon_core.shell:Creating package script '/home/k/Main/Studying/GitHub-Repositories/ROS2-Jazzy-Course/ros2_ws/install/my_cpp_pkg/share/my_cpp_pkg/package.sh'
[14.136s] INFO:colcon.colcon_core.shell:Creating package script '/home/k/Main/Studying/GitHub-Repositories/ROS2-Jazzy-Course/ros2_ws/install/my_cpp_pkg/share/my_cpp_pkg/package.bash'
[14.138s] INFO:colcon.colcon_core.shell:Creating package script '/home/k/Main/Studying/GitHub-Repositories/ROS2-Jazzy-Course/ros2_ws/install/my_cpp_pkg/share/my_cpp_pkg/package.zsh'
[14.140s] Level 1:colcon.colcon_core.environment:create_file_with_runtime_dependencies(/home/k/Main/Studying/GitHub-Repositories/ROS2-Jazzy-Course/ros2_ws/install/my_cpp_pkg/share/colcon-core/packages/my_cpp_pkg)
[14.142s] Level 1:colcon.colcon_core.environment:create_environment_scripts_only(my_cpp_pkg)
[14.143s] Level 1:colcon.colcon_core.environment:checking '/home/k/Main/Studying/GitHub-Repositories/ROS2-Jazzy-Course/ros2_ws/install/my_cpp_pkg' for CMake module files
[14.145s] Level 1:colcon.colcon_core.environment:checking '/home/k/Main/Studying/GitHub-Repositories/ROS2-Jazzy-Course/ros2_ws/install/my_cpp_pkg' for CMake config files
[14.145s] Level 1:colcon.colcon_core.shell:create_environment_hook('my_cpp_pkg', 'cmake_prefix_path')
[14.146s] INFO:colcon.colcon_core.shell:Creating environment hook '/home/k/Main/Studying/GitHub-Repositories/ROS2-Jazzy-Course/ros2_ws/install/my_cpp_pkg/share/my_cpp_pkg/hook/cmake_prefix_path.ps1'
[14.148s] INFO:colcon.colcon_core.shell:Creating environment descriptor '/home/k/Main/Studying/GitHub-Repositories/ROS2-Jazzy-Course/ros2_ws/install/my_cpp_pkg/share/my_cpp_pkg/hook/cmake_prefix_path.dsv'
[14.148s] INFO:colcon.colcon_core.shell:Creating environment hook '/home/k/Main/Studying/GitHub-Repositories/ROS2-Jazzy-Course/ros2_ws/install/my_cpp_pkg/share/my_cpp_pkg/hook/cmake_prefix_path.sh'
[14.150s] Level 1:colcon.colcon_core.environment:checking '/home/k/Main/Studying/GitHub-Repositories/ROS2-Jazzy-Course/ros2_ws/install/my_cpp_pkg/lib'
[14.150s] Level 1:colcon.colcon_core.environment:checking '/home/k/Main/Studying/GitHub-Repositories/ROS2-Jazzy-Course/ros2_ws/install/my_cpp_pkg/bin'
[14.151s] Level 1:colcon.colcon_core.environment:checking '/home/k/Main/Studying/GitHub-Repositories/ROS2-Jazzy-Course/ros2_ws/install/my_cpp_pkg/lib/pkgconfig/my_cpp_pkg.pc'
[14.151s] Level 1:colcon.colcon_core.environment:checking '/home/k/Main/Studying/GitHub-Repositories/ROS2-Jazzy-Course/ros2_ws/install/my_cpp_pkg/lib/python3.12/site-packages'
[14.152s] Level 1:colcon.colcon_core.environment:checking '/home/k/Main/Studying/GitHub-Repositories/ROS2-Jazzy-Course/ros2_ws/install/my_cpp_pkg/bin'
[14.153s] INFO:colcon.colcon_core.shell:Creating package script '/home/k/Main/Studying/GitHub-Repositories/ROS2-Jazzy-Course/ros2_ws/install/my_cpp_pkg/share/my_cpp_pkg/package.ps1'
[14.155s] INFO:colcon.colcon_core.shell:Creating package descriptor '/home/k/Main/Studying/GitHub-Repositories/ROS2-Jazzy-Course/ros2_ws/install/my_cpp_pkg/share/my_cpp_pkg/package.dsv'
[14.158s] INFO:colcon.colcon_core.shell:Creating package script '/home/k/Main/Studying/GitHub-Repositories/ROS2-Jazzy-Course/ros2_ws/install/my_cpp_pkg/share/my_cpp_pkg/package.sh'
[14.159s] INFO:colcon.colcon_core.shell:Creating package script '/home/k/Main/Studying/GitHub-Repositories/ROS2-Jazzy-Course/ros2_ws/install/my_cpp_pkg/share/my_cpp_pkg/package.bash'
[14.160s] INFO:colcon.colcon_core.shell:Creating package script '/home/k/Main/Studying/GitHub-Repositories/ROS2-Jazzy-Course/ros2_ws/install/my_cpp_pkg/share/my_cpp_pkg/package.zsh'
[14.162s] Level 1:colcon.colcon_core.environment:create_file_with_runtime_dependencies(/home/k/Main/Studying/GitHub-Repositories/ROS2-Jazzy-Course/ros2_ws/install/my_cpp_pkg/share/colcon-core/packages/my_cpp_pkg)
[14.163s] DEBUG:colcon.colcon_parallel_executor.executor.parallel:closing loop
[14.163s] DEBUG:colcon.colcon_parallel_executor.executor.parallel:loop closed
[14.163s] DEBUG:colcon.colcon_parallel_executor.executor.parallel:run_until_complete finished with '0'
[14.163s] DEBUG:colcon.colcon_core.event_reactor:joining thread
[14.180s] INFO:colcon.colcon_core.plugin_system:Skipping extension 'colcon_notification.desktop_notification.terminal_notifier': Not used on non-Darwin systems
[14.180s] INFO:colcon.colcon_core.plugin_system:Skipping extension 'colcon_notification.desktop_notification.win32': Not used on non-Windows systems
[14.180s] INFO:colcon.colcon_notification.desktop_notification:Sending desktop notification using 'notify2'
[14.223s] DEBUG:colcon.colcon_core.event_reactor:joined thread
[14.224s] INFO:colcon.colcon_core.shell:Creating prefix script '/home/k/Main/Studying/GitHub-Repositories/ROS2-Jazzy-Course/ros2_ws/install/local_setup.ps1'
[14.226s] INFO:colcon.colcon_core.shell:Creating prefix util module '/home/k/Main/Studying/GitHub-Repositories/ROS2-Jazzy-Course/ros2_ws/install/_local_setup_util_ps1.py'
[14.231s] INFO:colcon.colcon_core.shell:Creating prefix chain script '/home/k/Main/Studying/GitHub-Repositories/ROS2-Jazzy-Course/ros2_ws/install/setup.ps1'
[14.234s] INFO:colcon.colcon_core.shell:Creating prefix script '/home/k/Main/Studying/GitHub-Repositories/ROS2-Jazzy-Course/ros2_ws/install/local_setup.sh'
[14.236s] INFO:colcon.colcon_core.shell:Creating prefix util module '/home/k/Main/Studying/GitHub-Repositories/ROS2-Jazzy-Course/ros2_ws/install/_local_setup_util_sh.py'
[14.237s] INFO:colcon.colcon_core.shell:Creating prefix chain script '/home/k/Main/Studying/GitHub-Repositories/ROS2-Jazzy-Course/ros2_ws/install/setup.sh'
[14.240s] INFO:colcon.colcon_core.shell:Creating prefix script '/home/k/Main/Studying/GitHub-Repositories/ROS2-Jazzy-Course/ros2_ws/install/local_setup.bash'
[14.242s] INFO:colcon.colcon_core.shell:Creating prefix chain script '/home/k/Main/Studying/GitHub-Repositories/ROS2-Jazzy-Course/ros2_ws/install/setup.bash'
[14.244s] INFO:colcon.colcon_core.shell:Creating prefix script '/home/k/Main/Studying/GitHub-Repositories/ROS2-Jazzy-Course/ros2_ws/install/local_setup.zsh'
[14.246s] INFO:colcon.colcon_core.shell:Creating prefix chain script '/home/k/Main/Studying/GitHub-Repositories/ROS2-Jazzy-Course/ros2_ws/install/setup.zsh'
