[0.034s] Invoking command in '/home/k/Main/Studying/GitHub-Repositories/ROS2-Jazzy-Course/ros2_ws/build/my_cpp_pkg': CMAKE_PREFIX_PATH=${CMAKE_PREFIX_PATH}:/home/k/Main/Studying/GitHub-Repositories/ROS2-Jazzy-Course/ros2_ws/install/my_py_pkg:/opt/ros/jazzy DEBUGINFOD_URLS=https://debuginfod.ubuntu.com /usr/bin/cmake --build /home/k/Main/Studying/GitHub-Repositories/ROS2-Jazzy-Course/ros2_ws/build/my_cpp_pkg -- -j4 -l4
[0.113s] -- Found ament_cmake: 2.5.4 (/opt/ros/jazzy/share/ament_cmake/cmake)
[0.802s] -- Found rclcpp: 28.1.9 (/opt/ros/jazzy/share/rclcpp/cmake)
[0.919s] -- Found rosidl_generator_c: 4.6.5 (/opt/ros/jazzy/share/rosidl_generator_c/cmake)
[0.965s] -- Found rosidl_generator_cpp: 4.6.5 (/opt/ros/jazzy/share/rosidl_generator_cpp/cmake)
[1.017s] -- Using all available rosidl_typesupport_c: rosidl_typesupport_fastrtps_c;rosidl_typesupport_introspection_c
[1.081s] -- Using all available rosidl_typesupport_cpp: rosidl_typesupport_fastrtps_cpp;rosidl_typesupport_introspection_cpp
[1.372s] -- Found rmw_implementation_cmake: 7.3.2 (/opt/ros/jazzy/share/rmw_implementation_cmake/cmake)
[1.378s] -- Found rmw_fastrtps_cpp: 8.4.2 (/opt/ros/jazzy/share/rmw_fastrtps_cpp/cmake)
[1.631s] -- Using RMW implementation 'rmw_fastrtps_cpp' as default
[1.924s] -- Found example_interfaces: 0.12.0 (/opt/ros/jazzy/share/example_interfaces/cmake)
[2.177s] -- Found ament_lint_auto: 0.17.2 (/opt/ros/jazzy/share/ament_lint_auto/cmake)
[2.505s] -- Added test 'cppcheck' to perform static code analysis on C / C++ code
[2.506s] -- Configured cppcheck include dirs: 
[2.507s] -- Configured cppcheck exclude dirs and/or files: 
[2.509s] -- Added test 'lint_cmake' to check CMake code style
[2.513s] -- Added test 'uncrustify' to check C / C++ code style
[2.513s] -- Configured uncrustify additional arguments: 
[2.514s] -- Added test 'xmllint' to check XML markup files
[2.517s] -- Configuring done (2.4s)
[2.709s] -- Generating done (0.2s)
[2.785s] -- Build files have been written to: /home/k/Main/Studying/GitHub-Repositories/ROS2-Jazzy-Course/ros2_ws/build/my_cpp_pkg
[2.916s] [ 11%] Built target cpp_node
[2.924s] [ 22%] Built target number_publisher
[2.933s] [ 33%] Built target robot_news_station
[2.934s] [ 44%] Built target smartphone
[3.009s] [ 50%] [32mBuilding CXX object CMakeFiles/number_counter.dir/src/number_counter.cpp.o[0m
[3.027s] [ 61%] Built target add_two_ints_server
[3.079s] [ 72%] Built target add_two_ints_client_no_oop
[3.084s] [ 83%] Built target add_two_ints_client
[3.085s] [ 88%] [32mBuilding CXX object CMakeFiles/reset_counter.dir/src/reset_counter.cpp.o[0m
[9.367s] In file included from [01m[K/opt/ros/jazzy/include/rclcpp/rclcpp/utilities.hpp:19[m[K,
[9.367s]                  from [01m[K/opt/ros/jazzy/include/rclcpp/rclcpp/logging.hpp:25[m[K,
[9.368s]                  from [01m[K/opt/ros/jazzy/include/rclcpp/rclcpp/copy_all_parameter_values.hpp:27[m[K,
[9.369s]                  from [01m[K/opt/ros/jazzy/include/rclcpp/rclcpp/rclcpp.hpp:171[m[K,
[9.369s]                  from [01m[K/home/k/Main/Studying/GitHub-Repositories/ROS2-Jazzy-Course/ros2_ws/src/my_cpp_pkg/src/number_counter.cpp:1[m[K:
[9.369s] /usr/include/c++/13/functional: In instantiation of ‘[01m[Kstruct std::_Bind_check_arity<void (NumberCounterNode::*)(std::shared_ptr<example_interfaces::srv::SetBool_Request_<std::allocator<void> > >, std::shared_ptr<example_interfaces::srv::SetBool_Response_<std::allocator<void> > >), NumberCounterNode*, const std::_Placeholder<1>&>[m[K’:
[9.370s] [01m[K/usr/include/c++/13/functional:859:12:[m[K   required from ‘[01m[Kstruct std::_Bind_helper<false, void (NumberCounterNode::*)(std::shared_ptr<example_interfaces::srv::SetBool_Request_<std::allocator<void> > >, std::shared_ptr<example_interfaces::srv::SetBool_Response_<std::allocator<void> > >), NumberCounterNode*, const std::_Placeholder<1>&>[m[K’
[9.370s] [01m[K/usr/include/c++/13/functional:881:5:[m[K   required by substitution of ‘[01m[Ktemplate<class _Func, class ... _BoundArgs> typename std::_Bind_helper<std::__is_socketlike<_Func>::value, _Func, _BoundArgs ...>::type std::[01;32m[Kbind[m[K(_Func&&, _BoundArgs&& ...) [35m[K[with _Func = void (NumberCounterNode::*)(std::shared_ptr<example_interfaces::srv::SetBool_Request_<std::allocator<void> > >, std::shared_ptr<example_interfaces::srv::SetBool_Response_<std::allocator<void> > >); _BoundArgs = {NumberCounterNode*, const std::_Placeholder<1>&}][m[K[m[K’
[9.370s] [01m[K/home/k/Main/Studying/GitHub-Repositories/ROS2-Jazzy-Course/ros2_ws/src/my_cpp_pkg/src/number_counter.cpp:14:22:[m[K   required from here
[9.370s] [01m[K/usr/include/c++/13/functional:847:21:[m[K [01;31m[Kerror: [m[Kstatic assertion failed: Wrong number of arguments for pointer-to-member
[9.371s]   846 |       static_assert(_Varargs::[01;31m[Kvalue[m[K
[9.371s]       |                               [01;31m[K~~~~~[m[K
[9.371s]   847 | [01;31m[K                    ? sizeof...(_BoundArgs) >= _Arity::value + 1[m[K
[9.371s]       |                     [01;31m[K^~~~~~~~~~~~~~~~~~~~~~~~~~~~~~~~~~~~~~~~~~~~[m[K
[9.372s]   848 | [01;31m[K                    : sizeof...(_BoundArgs) == _Arity::value + 1[m[K,
[9.372s]       |                     [01;31m[K~~~~~~~~~~~~~~~~~~~~~~~~~~~~~~~~~~~~~~~~~~~~[m[K
[9.372s] [01m[K/usr/include/c++/13/functional:847:21:[m[K [01;36m[Knote: [m[K‘[01m[K(false ? (2 >= (((long unsigned int)std::integral_constant<long unsigned int, 2>::value) + 1)) : (2 == (((long unsigned int)std::integral_constant<long unsigned int, 2>::value) + 1)))[m[K’ evaluates to false
[9.732s] In file included from [01m[K/opt/ros/jazzy/include/rclcpp/rclcpp/utilities.hpp:19[m[K,
[9.733s]                  from [01m[K/opt/ros/jazzy/include/rclcpp/rclcpp/logging.hpp:25[m[K,
[9.733s]                  from [01m[K/opt/ros/jazzy/include/rclcpp/rclcpp/copy_all_parameter_values.hpp:27[m[K,
[9.733s]                  from [01m[K/opt/ros/jazzy/include/rclcpp/rclcpp/rclcpp.hpp:171[m[K,
[9.733s]                  from [01m[K/home/k/Main/Studying/GitHub-Repositories/ROS2-Jazzy-Course/ros2_ws/src/my_cpp_pkg/src/reset_counter.cpp:1[m[K:
[9.734s] /usr/include/c++/13/functional: In instantiation of ‘[01m[Kstruct std::_Bind_check_arity<void (ResetCounterNode::*)()>[m[K’:
[9.735s] [01m[K/usr/include/c++/13/functional:859:12:[m[K   required from ‘[01m[Kstruct std::_Bind_helper<false, void (ResetCounterNode::*)()>[m[K’
[9.735s] [01m[K/usr/include/c++/13/functional:881:5:[m[K   required by substitution of ‘[01m[Ktemplate<class _Func, class ... _BoundArgs> typename std::_Bind_helper<std::__is_socketlike<_Func>::value, _Func, _BoundArgs ...>::type std::[01;32m[Kbind[m[K(_Func&&, _BoundArgs&& ...) [35m[K[with _Func = void (ResetCounterNode::*)(); _BoundArgs = {}][m[K[m[K’
[9.735s] [01m[K/home/k/Main/Studying/GitHub-Repositories/ROS2-Jazzy-Course/ros2_ws/src/my_cpp_pkg/src/reset_counter.cpp:11:77:[m[K   required from here
[9.736s] [01m[K/usr/include/c++/13/functional:847:21:[m[K [01;31m[Kerror: [m[Kstatic assertion failed: Wrong number of arguments for pointer-to-member
[9.736s]   846 |       static_assert(_Varargs::[01;31m[Kvalue[m[K
[9.736s]       |                               [01;31m[K~~~~~[m[K
[9.736s]   847 | [01;31m[K                    ? sizeof...(_BoundArgs) >= _Arity::value + 1[m[K
[9.737s]       |                     [01;31m[K^~~~~~~~~~~~~~~~~~~~~~~~~~~~~~~~~~~~~~~~~~~~[m[K
[9.737s]   848 | [01;31m[K                    : sizeof...(_BoundArgs) == _Arity::value + 1[m[K,
[9.737s]       |                     [01;31m[K~~~~~~~~~~~~~~~~~~~~~~~~~~~~~~~~~~~~~~~~~~~~[m[K
[9.737s] [01m[K/usr/include/c++/13/functional:847:21:[m[K [01;36m[Knote: [m[K‘[01m[K(false ? (0 >= (((long unsigned int)std::integral_constant<long unsigned int, 0>::value) + 1)) : (0 == (((long unsigned int)std::integral_constant<long unsigned int, 0>::value) + 1)))[m[K’ evaluates to false
[9.738s] /usr/include/c++/13/functional: In substitution of ‘[01m[Ktemplate<class _Functor, class ... _Bound_args> template<class _Fn, class _CallArgs, class ... _BArgs> using std::_Bind<_Functor(_Bound_args ...)>::_Res_type_impl = typename std::result_of<_Fn&(decltype (std::_Mu<typename std::remove_cv<_BArgs>::type, std::is_bind_expression<typename std::remove_cv<_BArgs>::type>::value, (std::is_placeholder<typename std::remove_cv<_BArgs>::type>::value > 0)>()(declval<_BArgs&>(), declval<_CallArgs&>()))&& ...)>::type [35m[K[with _Fn = void (ResetCounterNode::*)(); _BArgs = _CallArgs; _Functor = void (ResetCounterNode::*)(); _Bound_args = {}][m[K[m[K’:
[9.738s] [01m[K/usr/include/c++/13/functional:556:8:[m[K   required from ‘[01m[Kclass std::_Bind<void (ResetCounterNode::*())()>[m[K’
[9.738s] [01m[K/home/k/Main/Studying/GitHub-Repositories/ROS2-Jazzy-Course/ros2_ws/src/my_cpp_pkg/src/reset_counter.cpp:11:77:[m[K   required from here
[9.738s] [01m[K/usr/include/c++/13/functional:552:15:[m[K [01;31m[Kerror: [m[Kno type named ‘[01m[Ktype[m[K’ in ‘[01m[Kstruct std::result_of<void (ResetCounterNode::*&())()>[m[K’
[9.739s]   552 |         using [01;31m[K_Res_type_impl[m[K
[9.739s]       |               [01;31m[K^~~~~~~~~~~~~~[m[K
[9.739s] /usr/include/c++/13/functional: In substitution of ‘[01m[Ktemplate<class _Functor, class ... _Bound_args> template<class _Fn, class _CallArgs, class ... _BArgs> using std::_Bind<_Functor(_Bound_args ...)>::_Res_type_impl = typename std::result_of<_Fn&(decltype (std::_Mu<typename std::remove_cv<_BArgs>::type, std::is_bind_expression<typename std::remove_cv<_BArgs>::type>::value, (std::is_placeholder<typename std::remove_cv<_BArgs>::type>::value > 0)>()(declval<_BArgs&>(), declval<_CallArgs&>()))&& ...)>::type [35m[K[with _Fn = void (ResetCounterNode::*)(); _CallArgs = std::tuple<_UTypes ...>; _BArgs = {}; _Functor = void (ResetCounterNode::*)(); _Bound_args = {}][m[K[m[K’:
[9.739s] [01m[K/usr/include/c++/13/functional:556:8:[m[K   required by substitution of ‘[01m[Ktemplate<class _Functor, class ... _Bound_args> template<class _CallArgs> using std::_Bind<_Functor(_Bound_args ...)>::_Res_type = std::_Bind<_Functor(_Bound_args ...)>::_Res_type_impl<_Functor, _CallArgs, _Bound_args ...> [35m[K[with _CallArgs = std::tuple<_UTypes ...>; _Functor = void (ResetCounterNode::*)(); _Bound_args = {}][m[K[m[K’
[9.739s] [01m[K/usr/include/c++/13/functional:589:2:[m[K   required from ‘[01m[Kclass std::_Bind<void (ResetCounterNode::*())()>[m[K’
[9.740s] [01m[K/home/k/Main/Studying/GitHub-Repositories/ROS2-Jazzy-Course/ros2_ws/src/my_cpp_pkg/src/reset_counter.cpp:11:77:[m[K   required from here
[9.740s] [01m[K/usr/include/c++/13/functional:552:15:[m[K [01;31m[Kerror: [m[Kno type named ‘[01m[Ktype[m[K’ in ‘[01m[Kstruct std::result_of<void (ResetCounterNode::*&())()>[m[K’
[9.750s] In file included from [01m[K/opt/ros/jazzy/include/rclcpp/rclcpp/logging.hpp:24[m[K:
[9.750s] [01m[K/home/k/Main/Studying/GitHub-Repositories/ROS2-Jazzy-Course/ros2_ws/src/my_cpp_pkg/src/reset_counter.cpp:[m[K In member function ‘[01m[Kvoid ResetCounterNode::[01;32m[KcallbackTimer[m[K()[m[K’:
[9.750s] [01m[K/home/k/Main/Studying/GitHub-Repositories/ROS2-Jazzy-Course/ros2_ws/src/my_cpp_pkg/src/reset_counter.cpp:26:45:[m[K [01;35m[Kwarning: [m[Kformat ‘[01m[K%s[m[K’ expects argument of type ‘[01m[Kchar*[m[K’, but argument 5 has type ‘[01m[Kstd::string[m[K’ {aka ‘[01m[Kstd::__cxx11::basic_string<char>[m[K’} [[01;35m[K]8;;https://gcc.gnu.org/onlinedocs/gcc/Warning-Options.html#index-Wformat=-Wformat=]8;;[m[K]
[9.751s]    26 |             RCLCPP_INFO(this->get_logger(), [01;35m[K"%s"[m[K, waitingForServiceCalls_[waitingForServiceCounter_]);
[9.751s]       |                                             [01;35m[K^~~~[m[K
[9.751s] [01m[K/home/k/Main/Studying/GitHub-Repositories/ROS2-Jazzy-Course/ros2_ws/src/my_cpp_pkg/src/reset_counter.cpp:26:47:[m[K [01;36m[Knote: [m[Kformat string is defined here
[9.751s]    26 |             RCLCPP_INFO(this->get_logger(), "[01;36m[K%s[m[K", waitingForServiceCalls_[waitingForServiceCounter_]);
[9.752s]       |                                              [01;36m[K~^[m[K
[9.752s]       |                                               [01;36m[K|[m[K
[9.752s]       |                                               [01;36m[Kchar*[m[K
[9.765s] [01m[K/home/k/Main/Studying/GitHub-Repositories/ROS2-Jazzy-Course/ros2_ws/src/my_cpp_pkg/src/reset_counter.cpp:[m[K In member function ‘[01m[Kvoid ResetCounterNode::[01;32m[KcallbackService[m[K(rclcpp::Client<example_interfaces::srv::SetBool>::SharedFuture)[m[K’:
[9.766s] [01m[K/home/k/Main/Studying/GitHub-Repositories/ROS2-Jazzy-Course/ros2_ws/src/my_cpp_pkg/src/reset_counter.cpp:43:41:[m[K [01;35m[Kwarning: [m[Kformat ‘[01m[K%s[m[K’ expects argument of type ‘[01m[Kchar*[m[K’, but argument 5 has type ‘[01m[Kexample_interfaces::srv::SetBool_Response_<std::allocator<void> >::_message_type[m[K’ {aka ‘[01m[Kstd::__cxx11::basic_string<char>[m[K’} [[01;35m[K]8;;https://gcc.gnu.org/onlinedocs/gcc/Warning-Options.html#index-Wformat=-Wformat=]8;;[m[K]
[9.766s]    43 |         RCLCPP_INFO(this->get_logger(), [01;35m[K"%s"[m[K, response->message);
[9.766s]       |                                         [01;35m[K^~~~[m[K
[9.766s] [01m[K/home/k/Main/Studying/GitHub-Repositories/ROS2-Jazzy-Course/ros2_ws/src/my_cpp_pkg/src/reset_counter.cpp:43:43:[m[K [01;36m[Knote: [m[Kformat string is defined here
[9.766s]    43 |         RCLCPP_INFO(this->get_logger(), "[01;36m[K%s[m[K", response->message);
[9.767s]       |                                          [01;36m[K~^[m[K
[9.767s]       |                                           [01;36m[K|[m[K
[9.767s]       |                                           [01;36m[Kchar*[m[K
[10.588s] In file included from [01m[K/opt/ros/jazzy/include/rclcpp/rclcpp/service.hpp:37[m[K,
[10.588s]                  from [01m[K/opt/ros/jazzy/include/rclcpp/rclcpp/callback_group.hpp:28[m[K,
[10.588s]                  from [01m[K/opt/ros/jazzy/include/rclcpp/rclcpp/any_executable.hpp:20[m[K,
[10.588s]                  from [01m[K/opt/ros/jazzy/include/rclcpp/rclcpp/memory_strategy.hpp:25[m[K,
[10.588s]                  from [01m[K/opt/ros/jazzy/include/rclcpp/rclcpp/memory_strategies.hpp:18[m[K,
[10.589s]                  from [01m[K/opt/ros/jazzy/include/rclcpp/rclcpp/executor_options.hpp:22[m[K,
[10.589s]                  from [01m[K/opt/ros/jazzy/include/rclcpp/rclcpp/executor.hpp:38[m[K,
[10.589s]                  from [01m[K/opt/ros/jazzy/include/rclcpp/rclcpp/executors/multi_threaded_executor.hpp:25[m[K,
[10.589s]                  from [01m[K/opt/ros/jazzy/include/rclcpp/rclcpp/executors.hpp:21[m[K,
[10.590s]                  from [01m[K/opt/ros/jazzy/include/rclcpp/rclcpp/rclcpp.hpp:172[m[K:
[10.590s] /opt/ros/jazzy/include/rclcpp/rclcpp/any_service_callback.hpp: In instantiation of ‘[01m[Kvoid rclcpp::AnyServiceCallback<ServiceT>::[01;32m[Kset[m[K(CallbackT&&) [35m[K[with CallbackT = std::_Bind<void (NumberCounterNode::*(NumberCounterNode*, std::_Placeholder<1>))(std::shared_ptr<example_interfaces::srv::SetBool_Request_<std::allocator<void> > >, std::shared_ptr<example_interfaces::srv::SetBool_Response_<std::allocator<void> > >)>; typename std::enable_if<(! rclcpp::detail::can_be_nullptr<CallbackT>::value), int>::type <anonymous> = 0; ServiceT = example_interfaces::srv::SetBool][m[K[m[K’:
[10.590s] [01m[K/opt/ros/jazzy/include/rclcpp/rclcpp/create_service.hpp:69:27:[m[K   required from ‘[01m[Ktypename rclcpp::Service<ServiceT>::SharedPtr rclcpp::[01;32m[Kcreate_service[m[K(std::shared_ptr<node_interfaces::NodeBaseInterface>, std::shared_ptr<node_interfaces::NodeServicesInterface>, const std::string&, CallbackT&&, const rmw_qos_profile_t&, CallbackGroup::SharedPtr) [35m[K[with ServiceT = example_interfaces::srv::SetBool; CallbackT = std::_Bind<void (NumberCounterNode::*(NumberCounterNode*, std::_Placeholder<1>))(std::shared_ptr<example_interfaces::srv::SetBool_Request_<std::allocator<void> > >, std::shared_ptr<example_interfaces::srv::SetBool_Response_<std::allocator<void> > >)>; typename Service<ServiceT>::SharedPtr = std::shared_ptr<Service<example_interfaces::srv::SetBool> >; std::string = std::__cxx11::basic_string<char>; rmw_qos_profile_t = rmw_qos_profile_s; CallbackGroup::SharedPtr = std::shared_ptr<CallbackGroup>][m[K[m[K’
[10.591s] [01m[K/opt/ros/jazzy/include/rclcpp/rclcpp/create_service.hpp:51:45:[m[K   required from ‘[01m[Ktypename rclcpp::Service<ServiceT>::SharedPtr rclcpp::[01;32m[Kcreate_service[m[K(std::shared_ptr<node_interfaces::NodeBaseInterface>, std::shared_ptr<node_interfaces::NodeServicesInterface>, const std::string&, CallbackT&&, const QoS&, CallbackGroup::SharedPtr) [35m[K[with ServiceT = example_interfaces::srv::SetBool; CallbackT = std::_Bind<void (NumberCounterNode::*(NumberCounterNode*, std::_Placeholder<1>))(std::shared_ptr<example_interfaces::srv::SetBool_Request_<std::allocator<void> > >, std::shared_ptr<example_interfaces::srv::SetBool_Response_<std::allocator<void> > >)>; typename Service<ServiceT>::SharedPtr = std::shared_ptr<Service<example_interfaces::srv::SetBool> >; std::string = std::__cxx11::basic_string<char>; CallbackGroup::SharedPtr = std::shared_ptr<CallbackGroup>][m[K[m[K’
[10.591s] [01m[K/opt/ros/jazzy/include/rclcpp/rclcpp/node_impl.hpp:181:53:[m[K   required from ‘[01m[Ktypename rclcpp::Service<ServiceT>::SharedPtr rclcpp::Node::[01;32m[Kcreate_service[m[K(const std::string&, CallbackT&&, const rclcpp::QoS&, rclcpp::CallbackGroup::SharedPtr) [35m[K[with ServiceT = example_interfaces::srv::SetBool; CallbackT = std::_Bind<void (NumberCounterNode::*(NumberCounterNode*, std::_Placeholder<1>))(std::shared_ptr<example_interfaces::srv::SetBool_Request_<std::allocator<void> > >, std::shared_ptr<example_interfaces::srv::SetBool_Response_<std::allocator<void> > >)>; typename rclcpp::Service<ServiceT>::SharedPtr = std::shared_ptr<rclcpp::Service<example_interfaces::srv::SetBool> >; std::string = std::__cxx11::basic_string<char>; rclcpp::CallbackGroup::SharedPtr = std::shared_ptr<rclcpp::CallbackGroup>][m[K[m[K’
[10.591s] [01m[K/home/k/Main/Studying/GitHub-Repositories/ROS2-Jazzy-Course/ros2_ws/src/my_cpp_pkg/src/number_counter.cpp:13:74:[m[K   required from here
[10.591s] [01m[K/opt/ros/jazzy/include/rclcpp/rclcpp/any_service_callback.hpp:78:52:[m[K [01;31m[Kerror: [m[Kno matching function for call to ‘[01m[Kstd::variant<std::monostate, std::function<void(std::shared_ptr<example_interfaces::srv::SetBool_Request_<std::allocator<void> > >, std::shared_ptr<example_interfaces::srv::SetBool_Response_<std::allocator<void> > >)>, std::function<void(std::shared_ptr<rmw_request_id_s>, std::shared_ptr<example_interfaces::srv::SetBool_Request_<std::allocator<void> > >, std::shared_ptr<example_interfaces::srv::SetBool_Response_<std::allocator<void> > >)>, std::function<void(std::shared_ptr<rmw_request_id_s>, std::shared_ptr<example_interfaces::srv::SetBool_Request_<std::allocator<void> > >)>, std::function<void(std::shared_ptr<rclcpp::Service<example_interfaces::srv::SetBool> >, std::shared_ptr<rmw_request_id_s>, std::shared_ptr<example_interfaces::srv::SetBool_Request_<std::allocator<void> > >)> >::emplace<rclcpp::AnyServiceCallback<example_interfaces::srv::SetBool>::SharedPtrCallback>(std::_Bind<void (NumberCounterNode::*(NumberCounterNode*, std::_Placeholder<1>))(std::shared_ptr<example_interfaces::srv::SetBool_Request_<std::allocator<void> > >, std::shared_ptr<example_interfaces::srv::SetBool_Response_<std::allocator<void> > >)>&)[m[K’
[10.592s]    78 |       [01;31m[Kcallback_.template emplace<SharedPtrCallback>(callback)[m[K;
[10.592s]       |       [01;31m[K~~~~~~~~~~~~~~~~~~~~~~~~~~~~~~~~~~~~~~~~~~~~~^~~~~~~~~~[m[K
[10.592s] In file included from [01m[K/opt/ros/jazzy/include/rclcpp/rclcpp/client.hpp:29[m[K,
[10.592s]                  from [01m[K/opt/ros/jazzy/include/rclcpp/rclcpp/callback_group.hpp:24[m[K:
[10.593s] [01m[K/usr/include/c++/13/variant:1519:9:[m[K [01;36m[Knote: [m[Kcandidate: ‘[01m[Ktemplate<class _Tp, class ... _Args> std::enable_if_t<(is_constructible_v<_Tp, _Args ...> && __exactly_once<_Tp>), _Tp&> std::variant<_Types>::[01;32m[Kemplace[m[K(_Args&& ...) [35m[K[with _Args = _Tp; _Types = {std::monostate, std::function<void(std::shared_ptr<example_interfaces::srv::SetBool_Request_<std::allocator<void> > >, std::shared_ptr<example_interfaces::srv::SetBool_Response_<std::allocator<void> > >)>, std::function<void(std::shared_ptr<rmw_request_id_s>, std::shared_ptr<example_interfaces::srv::SetBool_Request_<std::allocator<void> > >, std::shared_ptr<example_interfaces::srv::SetBool_Response_<std::allocator<void> > >)>, std::function<void(std::shared_ptr<rmw_request_id_s>, std::shared_ptr<example_interfaces::srv::SetBool_Request_<std::allocator<void> > >)>, std::function<void(std::shared_ptr<rclcpp::Service<example_interfaces::srv::SetBool> >, std::shared_ptr<rmw_request_id_s>, std::shared_ptr<example_interfaces::srv::SetBool_Request_<std::allocator<void> > >)>}][m[K[m[K’
[10.593s]  1519 |         [01;36m[Kemplace[m[K(_Args&&... __args)
[10.593s]       |         [01;36m[K^~~~~~~[m[K
[10.593s] [01m[K/usr/include/c++/13/variant:1519:9:[m[K [01;36m[Knote: [m[K  template argument deduction/substitution failed:
[10.593s] In file included from [01m[K/usr/include/c++/13/bits/move.h:37[m[K,
[10.595s]                  from [01m[K/usr/include/c++/13/bits/new_allocator.h:36[m[K,
[10.595s]                  from [01m[K/usr/include/x86_64-linux-gnu/c++/13/bits/c++allocator.h:33[m[K,
[10.595s]                  from [01m[K/usr/include/c++/13/bits/allocator.h:46[m[K,
[10.596s]                  from [01m[K/usr/include/c++/13/memory:65[m[K,
[10.596s]                  from [01m[K/opt/ros/jazzy/include/rclcpp/rclcpp/rclcpp.hpp:169[m[K:
[10.596s] /usr/include/c++/13/type_traits: In substitution of ‘[01m[Ktemplate<bool _Cond, class _Tp> using std::enable_if_t = typename std::enable_if::type [35m[K[with bool _Cond = false; _Tp = std::function<void(std::shared_ptr<example_interfaces::srv::SetBool_Request_<std::allocator<void> > >, std::shared_ptr<example_interfaces::srv::SetBool_Response_<std::allocator<void> > >)>&][m[K[m[K’:
[10.596s] [01m[K/usr/include/c++/13/variant:1519:2:[m[K   required by substitution of ‘[01m[Ktemplate<class _Tp, class ... _Args> std::enable_if_t<(is_constructible_v<_Tp, _Args ...> && __exactly_once<_Tp>), _Tp&> std::variant<std::monostate, std::function<void(std::shared_ptr<example_interfaces::srv::SetBool_Request_<std::allocator<void> > >, std::shared_ptr<example_interfaces::srv::SetBool_Response_<std::allocator<void> > >)>, std::function<void(std::shared_ptr<rmw_request_id_s>, std::shared_ptr<example_interfaces::srv::SetBool_Request_<std::allocator<void> > >, std::shared_ptr<example_interfaces::srv::SetBool_Response_<std::allocator<void> > >)>, std::function<void(std::shared_ptr<rmw_request_id_s>, std::shared_ptr<example_interfaces::srv::SetBool_Request_<std::allocator<void> > >)>, std::function<void(std::shared_ptr<rclcpp::Service<example_interfaces::srv::SetBool> >, std::shared_ptr<rmw_request_id_s>, std::shared_ptr<example_interfaces::srv::SetBool_Request_<std::allocator<void> > >)> >::[01;32m[Kemplace[m[K(_Args&& ...) [35m[K[with _Tp = std::function<void(std::shared_ptr<example_interfaces::srv::SetBool_Request_<std::allocator<void> > >, std::shared_ptr<example_interfaces::srv::SetBool_Response_<std::allocator<void> > >)>; _Args = {std::_Bind<void (NumberCounterNode::*(NumberCounterNode*, std::_Placeholder<1>))(std::shared_ptr<example_interfaces::srv::SetBool_Request_<std::allocator<void> > >, std::shared_ptr<example_interfaces::srv::SetBool_Response_<std::allocator<void> > >)>&}][m[K[m[K’
[10.597s] [01m[K/opt/ros/jazzy/include/rclcpp/rclcpp/any_service_callback.hpp:78:52:[m[K   required from ‘[01m[Kvoid rclcpp::AnyServiceCallback<ServiceT>::[01;32m[Kset[m[K(CallbackT&&) [35m[K[with CallbackT = std::_Bind<void (NumberCounterNode::*(NumberCounterNode*, std::_Placeholder<1>))(std::shared_ptr<example_interfaces::srv::SetBool_Request_<std::allocator<void> > >, std::shared_ptr<example_interfaces::srv::SetBool_Response_<std::allocator<void> > >)>; typename std::enable_if<(! rclcpp::detail::can_be_nullptr<CallbackT>::value), int>::type <anonymous> = 0; ServiceT = example_interfaces::srv::SetBool][m[K[m[K’
[10.597s] [01m[K/opt/ros/jazzy/include/rclcpp/rclcpp/create_service.hpp:69:27:[m[K   required from ‘[01m[Ktypename rclcpp::Service<ServiceT>::SharedPtr rclcpp::[01;32m[Kcreate_service[m[K(std::shared_ptr<node_interfaces::NodeBaseInterface>, std::shared_ptr<node_interfaces::NodeServicesInterface>, const std::string&, CallbackT&&, const rmw_qos_profile_t&, CallbackGroup::SharedPtr) [35m[K[with ServiceT = example_interfaces::srv::SetBool; CallbackT = std::_Bind<void (NumberCounterNode::*(NumberCounterNode*, std::_Placeholder<1>))(std::shared_ptr<example_interfaces::srv::SetBool_Request_<std::allocator<void> > >, std::shared_ptr<example_interfaces::srv::SetBool_Response_<std::allocator<void> > >)>; typename Service<ServiceT>::SharedPtr = std::shared_ptr<Service<example_interfaces::srv::SetBool> >; std::string = std::__cxx11::basic_string<char>; rmw_qos_profile_t = rmw_qos_profile_s; CallbackGroup::SharedPtr = std::shared_ptr<CallbackGroup>][m[K[m[K’
[10.597s] [01m[K/opt/ros/jazzy/include/rclcpp/rclcpp/create_service.hpp:51:45:[m[K   required from ‘[01m[Ktypename rclcpp::Service<ServiceT>::SharedPtr rclcpp::[01;32m[Kcreate_service[m[K(std::shared_ptr<node_interfaces::NodeBaseInterface>, std::shared_ptr<node_interfaces::NodeServicesInterface>, const std::string&, CallbackT&&, const QoS&, CallbackGroup::SharedPtr) [35m[K[with ServiceT = example_interfaces::srv::SetBool; CallbackT = std::_Bind<void (NumberCounterNode::*(NumberCounterNode*, std::_Placeholder<1>))(std::shared_ptr<example_interfaces::srv::SetBool_Request_<std::allocator<void> > >, std::shared_ptr<example_interfaces::srv::SetBool_Response_<std::allocator<void> > >)>; typename Service<ServiceT>::SharedPtr = std::shared_ptr<Service<example_interfaces::srv::SetBool> >; std::string = std::__cxx11::basic_string<char>; CallbackGroup::SharedPtr = std::shared_ptr<CallbackGroup>][m[K[m[K’
[10.597s] [01m[K/opt/ros/jazzy/include/rclcpp/rclcpp/node_impl.hpp:181:53:[m[K   required from ‘[01m[Ktypename rclcpp::Service<ServiceT>::SharedPtr rclcpp::Node::[01;32m[Kcreate_service[m[K(const std::string&, CallbackT&&, const rclcpp::QoS&, rclcpp::CallbackGroup::SharedPtr) [35m[K[with ServiceT = example_interfaces::srv::SetBool; CallbackT = std::_Bind<void (NumberCounterNode::*(NumberCounterNode*, std::_Placeholder<1>))(std::shared_ptr<example_interfaces::srv::SetBool_Request_<std::allocator<void> > >, std::shared_ptr<example_interfaces::srv::SetBool_Response_<std::allocator<void> > >)>; typename rclcpp::Service<ServiceT>::SharedPtr = std::shared_ptr<rclcpp::Service<example_interfaces::srv::SetBool> >; std::string = std::__cxx11::basic_string<char>; rclcpp::CallbackGroup::SharedPtr = std::shared_ptr<rclcpp::CallbackGroup>][m[K[m[K’
[10.598s] [01m[K/home/k/Main/Studying/GitHub-Repositories/ROS2-Jazzy-Course/ros2_ws/src/my_cpp_pkg/src/number_counter.cpp:13:74:[m[K   required from here
[10.598s] [01m[K/usr/include/c++/13/type_traits:2610:11:[m[K [01;31m[Kerror: [m[Kno type named ‘[01m[Ktype[m[K’ in ‘[01m[Kstruct std::enable_if<false, std::function<void(std::shared_ptr<example_interfaces::srv::SetBool_Request_<std::allocator<void> > >, std::shared_ptr<example_interfaces::srv::SetBool_Response_<std::allocator<void> > >)>&>[m[K’
[10.598s]  2610 |     using [01;31m[Kenable_if_t[m[K = typename enable_if<_Cond, _Tp>::type;
[10.598s]       |           [01;31m[K^~~~~~~~~~~[m[K
[10.599s] /opt/ros/jazzy/include/rclcpp/rclcpp/any_service_callback.hpp: In instantiation of ‘[01m[Kvoid rclcpp::AnyServiceCallback<ServiceT>::[01;32m[Kset[m[K(CallbackT&&) [35m[K[with CallbackT = std::_Bind<void (NumberCounterNode::*(NumberCounterNode*, std::_Placeholder<1>))(std::shared_ptr<example_interfaces::srv::SetBool_Request_<std::allocator<void> > >, std::shared_ptr<example_interfaces::srv::SetBool_Response_<std::allocator<void> > >)>; typename std::enable_if<(! rclcpp::detail::can_be_nullptr<CallbackT>::value), int>::type <anonymous> = 0; ServiceT = example_interfaces::srv::SetBool][m[K[m[K’:
[10.599s] [01m[K/opt/ros/jazzy/include/rclcpp/rclcpp/create_service.hpp:69:27:[m[K   required from ‘[01m[Ktypename rclcpp::Service<ServiceT>::SharedPtr rclcpp::[01;32m[Kcreate_service[m[K(std::shared_ptr<node_interfaces::NodeBaseInterface>, std::shared_ptr<node_interfaces::NodeServicesInterface>, const std::string&, CallbackT&&, const rmw_qos_profile_t&, CallbackGroup::SharedPtr) [35m[K[with ServiceT = example_interfaces::srv::SetBool; CallbackT = std::_Bind<void (NumberCounterNode::*(NumberCounterNode*, std::_Placeholder<1>))(std::shared_ptr<example_interfaces::srv::SetBool_Request_<std::allocator<void> > >, std::shared_ptr<example_interfaces::srv::SetBool_Response_<std::allocator<void> > >)>; typename Service<ServiceT>::SharedPtr = std::shared_ptr<Service<example_interfaces::srv::SetBool> >; std::string = std::__cxx11::basic_string<char>; rmw_qos_profile_t = rmw_qos_profile_s; CallbackGroup::SharedPtr = std::shared_ptr<CallbackGroup>][m[K[m[K’
[10.599s] [01m[K/opt/ros/jazzy/include/rclcpp/rclcpp/create_service.hpp:51:45:[m[K   required from ‘[01m[Ktypename rclcpp::Service<ServiceT>::SharedPtr rclcpp::[01;32m[Kcreate_service[m[K(std::shared_ptr<node_interfaces::NodeBaseInterface>, std::shared_ptr<node_interfaces::NodeServicesInterface>, const std::string&, CallbackT&&, const QoS&, CallbackGroup::SharedPtr) [35m[K[with ServiceT = example_interfaces::srv::SetBool; CallbackT = std::_Bind<void (NumberCounterNode::*(NumberCounterNode*, std::_Placeholder<1>))(std::shared_ptr<example_interfaces::srv::SetBool_Request_<std::allocator<void> > >, std::shared_ptr<example_interfaces::srv::SetBool_Response_<std::allocator<void> > >)>; typename Service<ServiceT>::SharedPtr = std::shared_ptr<Service<example_interfaces::srv::SetBool> >; std::string = std::__cxx11::basic_string<char>; CallbackGroup::SharedPtr = std::shared_ptr<CallbackGroup>][m[K[m[K’
[10.599s] [01m[K/opt/ros/jazzy/include/rclcpp/rclcpp/node_impl.hpp:181:53:[m[K   required from ‘[01m[Ktypename rclcpp::Service<ServiceT>::SharedPtr rclcpp::Node::[01;32m[Kcreate_service[m[K(const std::string&, CallbackT&&, const rclcpp::QoS&, rclcpp::CallbackGroup::SharedPtr) [35m[K[with ServiceT = example_interfaces::srv::SetBool; CallbackT = std::_Bind<void (NumberCounterNode::*(NumberCounterNode*, std::_Placeholder<1>))(std::shared_ptr<example_interfaces::srv::SetBool_Request_<std::allocator<void> > >, std::shared_ptr<example_interfaces::srv::SetBool_Response_<std::allocator<void> > >)>; typename rclcpp::Service<ServiceT>::SharedPtr = std::shared_ptr<rclcpp::Service<example_interfaces::srv::SetBool> >; std::string = std::__cxx11::basic_string<char>; rclcpp::CallbackGroup::SharedPtr = std::shared_ptr<rclcpp::CallbackGroup>][m[K[m[K’
[10.599s] [01m[K/home/k/Main/Studying/GitHub-Repositories/ROS2-Jazzy-Course/ros2_ws/src/my_cpp_pkg/src/number_counter.cpp:13:74:[m[K   required from here
[10.600s] [01m[K/usr/include/c++/13/variant:1530:9:[m[K [01;36m[Knote: [m[Kcandidate: ‘[01m[Ktemplate<class _Tp, class _Up, class ... _Args> std::enable_if_t<(is_constructible_v<_Tp, std::initializer_list<_Up>&, _Args ...> && __exactly_once<_Tp>), _Tp&> std::variant<_Types>::[01;32m[Kemplace[m[K(std::initializer_list<_Up>, _Args&& ...) [35m[K[with _Up = _Tp; _Args = _Up; _Types = {std::monostate, std::function<void(std::shared_ptr<example_interfaces::srv::SetBool_Request_<std::allocator<void> > >, std::shared_ptr<example_interfaces::srv::SetBool_Response_<std::allocator<void> > >)>, std::function<void(std::shared_ptr<rmw_request_id_s>, std::shared_ptr<example_interfaces::srv::SetBool_Request_<std::allocator<void> > >, std::shared_ptr<example_interfaces::srv::SetBool_Response_<std::allocator<void> > >)>, std::function<void(std::shared_ptr<rmw_request_id_s>, std::shared_ptr<example_interfaces::srv::SetBool_Request_<std::allocator<void> > >)>, std::function<void(std::shared_ptr<rclcpp::Service<example_interfaces::srv::SetBool> >, std::shared_ptr<rmw_request_id_s>, std::shared_ptr<example_interfaces::srv::SetBool_Request_<std::allocator<void> > >)>}][m[K[m[K’
[10.600s]  1530 |         [01;36m[Kemplace[m[K(initializer_list<_Up> __il, _Args&&... __args)
[10.600s]       |         [01;36m[K^~~~~~~[m[K
[10.600s] [01m[K/usr/include/c++/13/variant:1530:9:[m[K [01;36m[Knote: [m[K  template argument deduction/substitution failed:
[10.601s] [01m[K/opt/ros/jazzy/include/rclcpp/rclcpp/any_service_callback.hpp:78:52:[m[K [01;36m[Knote: [m[K  ‘[01m[Kstd::_Bind<void (NumberCounterNode::*(NumberCounterNode*, std::_Placeholder<1>))(std::shared_ptr<example_interfaces::srv::SetBool_Request_<std::allocator<void> > >, std::shared_ptr<example_interfaces::srv::SetBool_Response_<std::allocator<void> > >)>[m[K’ is not derived from ‘[01m[Kstd::initializer_list<_Value>[m[K’
[10.601s]    78 |       [01;36m[Kcallback_.template emplace<SharedPtrCallback>(callback)[m[K;
[10.601s]       |       [01;36m[K~~~~~~~~~~~~~~~~~~~~~~~~~~~~~~~~~~~~~~~~~~~~~^~~~~~~~~~[m[K
[10.601s] [01m[K/usr/include/c++/13/variant:1540:9:[m[K [01;36m[Knote: [m[Kcandidate: ‘[01m[Ktemplate<long unsigned int _Np, class ... _Args> std::enable_if_t<is_constructible_v<std::variant<_Types>::__to_type<_Np, typename std::enable_if<(_Np < sizeof... (_Types)), void>::type>, _Args ...>, std::variant<_Types>::__to_type<_Np>&> std::variant<_Types>::[01;32m[Kemplace[m[K(_Args&& ...) [35m[K[with long unsigned int _Np = _Np; _Args = {_Args ...}; _Types = {std::monostate, std::function<void(std::shared_ptr<example_interfaces::srv::SetBool_Request_<std::allocator<void> > >, std::shared_ptr<example_interfaces::srv::SetBool_Response_<std::allocator<void> > >)>, std::function<void(std::shared_ptr<rmw_request_id_s>, std::shared_ptr<example_interfaces::srv::SetBool_Request_<std::allocator<void> > >, std::shared_ptr<example_interfaces::srv::SetBool_Response_<std::allocator<void> > >)>, std::function<void(std::shared_ptr<rmw_request_id_s>, std::shared_ptr<example_interfaces::srv::SetBool_Request_<std::allocator<void> > >)>, std::function<void(std::shared_ptr<rclcpp::Service<example_interfaces::srv::SetBool> >, std::shared_ptr<rmw_request_id_s>, std::shared_ptr<example_interfaces::srv::SetBool_Request_<std::allocator<void> > >)>}][m[K[m[K’
[10.601s]  1540 |         [01;36m[Kemplace[m[K(_Args&&... __args)
[10.602s]       |         [01;36m[K^~~~~~~[m[K
[10.602s] [01m[K/usr/include/c++/13/variant:1540:9:[m[K [01;36m[Knote: [m[K  template argument deduction/substitution failed:
[10.602s] [01m[K/opt/ros/jazzy/include/rclcpp/rclcpp/any_service_callback.hpp:78:52:[m[K [01;31m[Kerror: [m[Ktype/value mismatch at argument 1 in template parameter list for ‘[01m[Ktemplate<long unsigned int _Np, class ... _Args> std::enable_if_t<is_constructible_v<std::variant<_Types>::__to_type<_Np, typename std::enable_if<(_Np < sizeof... (_Types)), void>::type>, _Args ...>, std::variant<_Types>::__to_type<_Np>&> std::variant<_Types>::[01;32m[Kemplace[m[K(_Args&& ...) [35m[K[with long unsigned int _Np = _Np; _Args = {_Args ...}; _Types = {std::monostate, std::function<void(std::shared_ptr<example_interfaces::srv::SetBool_Request_<std::allocator<void> > >, std::shared_ptr<example_interfaces::srv::SetBool_Response_<std::allocator<void> > >)>, std::function<void(std::shared_ptr<rmw_request_id_s>, std::shared_ptr<example_interfaces::srv::SetBool_Request_<std::allocator<void> > >, std::shared_ptr<example_interfaces::srv::SetBool_Response_<std::allocator<void> > >)>, std::function<void(std::shared_ptr<rmw_request_id_s>, std::shared_ptr<example_interfaces::srv::SetBool_Request_<std::allocator<void> > >)>, std::function<void(std::shared_ptr<rclcpp::Service<example_interfaces::srv::SetBool> >, std::shared_ptr<rmw_request_id_s>, std::shared_ptr<example_interfaces::srv::SetBool_Request_<std::allocator<void> > >)>}][m[K[m[K’
[10.602s]    78 |       [01;31m[Kcallback_.template emplace<SharedPtrCallback>(callback)[m[K;
[10.603s]       |       [01;31m[K~~~~~~~~~~~~~~~~~~~~~~~~~~~~~~~~~~~~~~~~~~~~~^~~~~~~~~~[m[K
[10.603s] [01m[K/opt/ros/jazzy/include/rclcpp/rclcpp/any_service_callback.hpp:78:52:[m[K [01;36m[Knote: [m[K  expected a constant of type ‘[01m[Klong unsigned int[m[K’, got ‘[01m[Krclcpp::AnyServiceCallback<example_interfaces::srv::SetBool>::SharedPtrCallback[m[K’ {aka ‘[01m[Kstd::function<void(std::shared_ptr<example_interfaces::srv::SetBool_Request_<std::allocator<void> > >, std::shared_ptr<example_interfaces::srv::SetBool_Response_<std::allocator<void> > >)>[m[K’}
[10.603s] [01m[K/usr/include/c++/13/variant:1580:9:[m[K [01;36m[Knote: [m[Kcandidate: ‘[01m[Ktemplate<long unsigned int _Np, class _Up, class ... _Args> std::enable_if_t<is_constructible_v<std::variant<_Types>::__to_type<_Np, typename std::enable_if<(_Np < sizeof... (_Types)), void>::type>, std::initializer_list<_Up>&, _Args ...>, std::variant<_Types>::__to_type<_Np>&> std::variant<_Types>::[01;32m[Kemplace[m[K(std::initializer_list<_Up>, _Args&& ...) [35m[K[with long unsigned int _Np = _Np; _Args = _Up; _Types = {std::monostate, std::function<void(std::shared_ptr<example_interfaces::srv::SetBool_Request_<std::allocator<void> > >, std::shared_ptr<example_interfaces::srv::SetBool_Response_<std::allocator<void> > >)>, std::function<void(std::shared_ptr<rmw_request_id_s>, std::shared_ptr<example_interfaces::srv::SetBool_Request_<std::allocator<void> > >, std::shared_ptr<example_interfaces::srv::SetBool_Response_<std::allocator<void> > >)>, std::function<void(std::shared_ptr<rmw_request_id_s>, std::shared_ptr<example_interfaces::srv::SetBool_Request_<std::allocator<void> > >)>, std::function<void(std::shared_ptr<rclcpp::Service<example_interfaces::srv::SetBool> >, std::shared_ptr<rmw_request_id_s>, std::shared_ptr<example_interfaces::srv::SetBool_Request_<std::allocator<void> > >)>}][m[K[m[K’
[10.603s]  1580 |         [01;36m[Kemplace[m[K(initializer_list<_Up> __il, _Args&&... __args)
[10.604s]       |         [01;36m[K^~~~~~~[m[K
[10.604s] [01m[K/usr/include/c++/13/variant:1580:9:[m[K [01;36m[Knote: [m[K  template argument deduction/substitution failed:
[10.604s] [01m[K/opt/ros/jazzy/include/rclcpp/rclcpp/any_service_callback.hpp:78:52:[m[K [01;31m[Kerror: [m[Ktype/value mismatch at argument 1 in template parameter list for ‘[01m[Ktemplate<long unsigned int _Np, class _Up, class ... _Args> std::enable_if_t<is_constructible_v<std::variant<_Types>::__to_type<_Np, typename std::enable_if<(_Np < sizeof... (_Types)), void>::type>, std::initializer_list<_Up>&, _Args ...>, std::variant<_Types>::__to_type<_Np>&> std::variant<_Types>::[01;32m[Kemplace[m[K(std::initializer_list<_Up>, _Args&& ...) [35m[K[with long unsigned int _Np = _Np; _Args = _Up; _Types = {std::monostate, std::function<void(std::shared_ptr<example_interfaces::srv::SetBool_Request_<std::allocator<void> > >, std::shared_ptr<example_interfaces::srv::SetBool_Response_<std::allocator<void> > >)>, std::function<void(std::shared_ptr<rmw_request_id_s>, std::shared_ptr<example_interfaces::srv::SetBool_Request_<std::allocator<void> > >, std::shared_ptr<example_interfaces::srv::SetBool_Response_<std::allocator<void> > >)>, std::function<void(std::shared_ptr<rmw_request_id_s>, std::shared_ptr<example_interfaces::srv::SetBool_Request_<std::allocator<void> > >)>, std::function<void(std::shared_ptr<rclcpp::Service<example_interfaces::srv::SetBool> >, std::shared_ptr<rmw_request_id_s>, std::shared_ptr<example_interfaces::srv::SetBool_Request_<std::allocator<void> > >)>}][m[K[m[K’
[10.604s]    78 |       [01;31m[Kcallback_.template emplace<SharedPtrCallback>(callback)[m[K;
[10.604s]       |       [01;31m[K~~~~~~~~~~~~~~~~~~~~~~~~~~~~~~~~~~~~~~~~~~~~~^~~~~~~~~~[m[K
[10.605s] [01m[K/opt/ros/jazzy/include/rclcpp/rclcpp/any_service_callback.hpp:78:52:[m[K [01;36m[Knote: [m[K  expected a constant of type ‘[01m[Klong unsigned int[m[K’, got ‘[01m[Krclcpp::AnyServiceCallback<example_interfaces::srv::SetBool>::SharedPtrCallback[m[K’ {aka ‘[01m[Kstd::function<void(std::shared_ptr<example_interfaces::srv::SetBool_Request_<std::allocator<void> > >, std::shared_ptr<example_interfaces::srv::SetBool_Response_<std::allocator<void> > >)>[m[K’}
[10.605s] [01m[K/usr/include/c++/13/variant:1613:49:[m[K [01;36m[Knote: [m[Kcandidate: ‘[01m[Ktemplate<long unsigned int _Np, class ... _Args> std::enable_if_t<(!(_Np < sizeof... (_Types)))> std::variant<_Types>::[01;32m[Kemplace[m[K(_Args&& ...) [35m[K[with long unsigned int _Np = _Np; _Args = {_Args ...}; _Types = {std::monostate, std::function<void(std::shared_ptr<example_interfaces::srv::SetBool_Request_<std::allocator<void> > >, std::shared_ptr<example_interfaces::srv::SetBool_Response_<std::allocator<void> > >)>, std::function<void(std::shared_ptr<rmw_request_id_s>, std::shared_ptr<example_interfaces::srv::SetBool_Request_<std::allocator<void> > >, std::shared_ptr<example_interfaces::srv::SetBool_Response_<std::allocator<void> > >)>, std::function<void(std::shared_ptr<rmw_request_id_s>, std::shared_ptr<example_interfaces::srv::SetBool_Request_<std::allocator<void> > >)>, std::function<void(std::shared_ptr<rclcpp::Service<example_interfaces::srv::SetBool> >, std::shared_ptr<rmw_request_id_s>, std::shared_ptr<example_interfaces::srv::SetBool_Request_<std::allocator<void> > >)>}][m[K[m[K’ (deleted)
[10.605s]  1613 |         enable_if_t<!(_Np < sizeof...(_Types))> [01;36m[Kemplace[m[K(_Args&&...) = delete;
[10.605s]       |                                                 [01;36m[K^~~~~~~[m[K
[10.606s] [01m[K/usr/include/c++/13/variant:1613:49:[m[K [01;36m[Knote: [m[K  template argument deduction/substitution failed:
[10.606s] [01m[K/opt/ros/jazzy/include/rclcpp/rclcpp/any_service_callback.hpp:78:52:[m[K [01;31m[Kerror: [m[Ktype/value mismatch at argument 1 in template parameter list for ‘[01m[Ktemplate<long unsigned int _Np, class ... _Args> std::enable_if_t<(!(_Np < sizeof... (_Types)))> std::variant<_Types>::[01;32m[Kemplace[m[K(_Args&& ...) [35m[K[with long unsigned int _Np = _Np; _Args = {_Args ...}; _Types = {std::monostate, std::function<void(std::shared_ptr<example_interfaces::srv::SetBool_Request_<std::allocator<void> > >, std::shared_ptr<example_interfaces::srv::SetBool_Response_<std::allocator<void> > >)>, std::function<void(std::shared_ptr<rmw_request_id_s>, std::shared_ptr<example_interfaces::srv::SetBool_Request_<std::allocator<void> > >, std::shared_ptr<example_interfaces::srv::SetBool_Response_<std::allocator<void> > >)>, std::function<void(std::shared_ptr<rmw_request_id_s>, std::shared_ptr<example_interfaces::srv::SetBool_Request_<std::allocator<void> > >)>, std::function<void(std::shared_ptr<rclcpp::Service<example_interfaces::srv::SetBool> >, std::shared_ptr<rmw_request_id_s>, std::shared_ptr<example_interfaces::srv::SetBool_Request_<std::allocator<void> > >)>}][m[K[m[K’
[10.606s]    78 |       [01;31m[Kcallback_.template emplace<SharedPtrCallback>(callback)[m[K;
[10.606s]       |       [01;31m[K~~~~~~~~~~~~~~~~~~~~~~~~~~~~~~~~~~~~~~~~~~~~~^~~~~~~~~~[m[K
[10.606s] [01m[K/opt/ros/jazzy/include/rclcpp/rclcpp/any_service_callback.hpp:78:52:[m[K [01;36m[Knote: [m[K  expected a constant of type ‘[01m[Klong unsigned int[m[K’, got ‘[01m[Krclcpp::AnyServiceCallback<example_interfaces::srv::SetBool>::SharedPtrCallback[m[K’ {aka ‘[01m[Kstd::function<void(std::shared_ptr<example_interfaces::srv::SetBool_Request_<std::allocator<void> > >, std::shared_ptr<example_interfaces::srv::SetBool_Response_<std::allocator<void> > >)>[m[K’}
[10.607s] [01m[K/usr/include/c++/13/variant:1616:43:[m[K [01;36m[Knote: [m[Kcandidate: ‘[01m[Ktemplate<class _Tp, class ... _Args> std::enable_if_t<(! __exactly_once<_Tp>)> std::variant<_Types>::[01;32m[Kemplace[m[K(_Args&& ...) [35m[K[with _Args = _Tp; _Types = {std::monostate, std::function<void(std::shared_ptr<example_interfaces::srv::SetBool_Request_<std::allocator<void> > >, std::shared_ptr<example_interfaces::srv::SetBool_Response_<std::allocator<void> > >)>, std::function<void(std::shared_ptr<rmw_request_id_s>, std::shared_ptr<example_interfaces::srv::SetBool_Request_<std::allocator<void> > >, std::shared_ptr<example_interfaces::srv::SetBool_Response_<std::allocator<void> > >)>, std::function<void(std::shared_ptr<rmw_request_id_s>, std::shared_ptr<example_interfaces::srv::SetBool_Request_<std::allocator<void> > >)>, std::function<void(std::shared_ptr<rclcpp::Service<example_interfaces::srv::SetBool> >, std::shared_ptr<rmw_request_id_s>, std::shared_ptr<example_interfaces::srv::SetBool_Request_<std::allocator<void> > >)>}][m[K[m[K’ (deleted)
[10.607s]  1616 |         enable_if_t<!__exactly_once<_Tp>> [01;36m[Kemplace[m[K(_Args&&...) = delete;
[10.607s]       |                                           [01;36m[K^~~~~~~[m[K
[10.607s] [01m[K/usr/include/c++/13/variant:1616:43:[m[K [01;36m[Knote: [m[K  template argument deduction/substitution failed:
[10.608s] /usr/include/c++/13/type_traits: In substitution of ‘[01m[Ktemplate<bool _Cond, class _Tp> using std::enable_if_t = typename std::enable_if::type [35m[K[with bool _Cond = false; _Tp = void][m[K[m[K’:
[10.608s] [01m[K/usr/include/c++/13/variant:1616:36:[m[K   required by substitution of ‘[01m[Ktemplate<class _Tp, class ... _Args> std::enable_if_t<(! __exactly_once<_Tp>), void> std::variant<std::monostate, std::function<void(std::shared_ptr<example_interfaces::srv::SetBool_Request_<std::allocator<void> > >, std::shared_ptr<example_interfaces::srv::SetBool_Response_<std::allocator<void> > >)>, std::function<void(std::shared_ptr<rmw_request_id_s>, std::shared_ptr<example_interfaces::srv::SetBool_Request_<std::allocator<void> > >, std::shared_ptr<example_interfaces::srv::SetBool_Response_<std::allocator<void> > >)>, std::function<void(std::shared_ptr<rmw_request_id_s>, std::shared_ptr<example_interfaces::srv::SetBool_Request_<std::allocator<void> > >)>, std::function<void(std::shared_ptr<rclcpp::Service<example_interfaces::srv::SetBool> >, std::shared_ptr<rmw_request_id_s>, std::shared_ptr<example_interfaces::srv::SetBool_Request_<std::allocator<void> > >)> >::[01;32m[Kemplace[m[K(_Args&& ...) [35m[K[with _Tp = std::function<void(std::shared_ptr<example_interfaces::srv::SetBool_Request_<std::allocator<void> > >, std::shared_ptr<example_interfaces::srv::SetBool_Response_<std::allocator<void> > >)>; _Args = <missing>][m[K[m[K’
[10.608s] [01m[K/opt/ros/jazzy/include/rclcpp/rclcpp/any_service_callback.hpp:78:52:[m[K   required from ‘[01m[Kvoid rclcpp::AnyServiceCallback<ServiceT>::[01;32m[Kset[m[K(CallbackT&&) [35m[K[with CallbackT = std::_Bind<void (NumberCounterNode::*(NumberCounterNode*, std::_Placeholder<1>))(std::shared_ptr<example_interfaces::srv::SetBool_Request_<std::allocator<void> > >, std::shared_ptr<example_interfaces::srv::SetBool_Response_<std::allocator<void> > >)>; typename std::enable_if<(! rclcpp::detail::can_be_nullptr<CallbackT>::value), int>::type <anonymous> = 0; ServiceT = example_interfaces::srv::SetBool][m[K[m[K’
[10.608s] [01m[K/opt/ros/jazzy/include/rclcpp/rclcpp/create_service.hpp:69:27:[m[K   required from ‘[01m[Ktypename rclcpp::Service<ServiceT>::SharedPtr rclcpp::[01;32m[Kcreate_service[m[K(std::shared_ptr<node_interfaces::NodeBaseInterface>, std::shared_ptr<node_interfaces::NodeServicesInterface>, const std::string&, CallbackT&&, const rmw_qos_profile_t&, CallbackGroup::SharedPtr) [35m[K[with ServiceT = example_interfaces::srv::SetBool; CallbackT = std::_Bind<void (NumberCounterNode::*(NumberCounterNode*, std::_Placeholder<1>))(std::shared_ptr<example_interfaces::srv::SetBool_Request_<std::allocator<void> > >, std::shared_ptr<example_interfaces::srv::SetBool_Response_<std::allocator<void> > >)>; typename Service<ServiceT>::SharedPtr = std::shared_ptr<Service<example_interfaces::srv::SetBool> >; std::string = std::__cxx11::basic_string<char>; rmw_qos_profile_t = rmw_qos_profile_s; CallbackGroup::SharedPtr = std::shared_ptr<CallbackGroup>][m[K[m[K’
[10.609s] [01m[K/opt/ros/jazzy/include/rclcpp/rclcpp/create_service.hpp:51:45:[m[K   required from ‘[01m[Ktypename rclcpp::Service<ServiceT>::SharedPtr rclcpp::[01;32m[Kcreate_service[m[K(std::shared_ptr<node_interfaces::NodeBaseInterface>, std::shared_ptr<node_interfaces::NodeServicesInterface>, const std::string&, CallbackT&&, const QoS&, CallbackGroup::SharedPtr) [35m[K[with ServiceT = example_interfaces::srv::SetBool; CallbackT = std::_Bind<void (NumberCounterNode::*(NumberCounterNode*, std::_Placeholder<1>))(std::shared_ptr<example_interfaces::srv::SetBool_Request_<std::allocator<void> > >, std::shared_ptr<example_interfaces::srv::SetBool_Response_<std::allocator<void> > >)>; typename Service<ServiceT>::SharedPtr = std::shared_ptr<Service<example_interfaces::srv::SetBool> >; std::string = std::__cxx11::basic_string<char>; CallbackGroup::SharedPtr = std::shared_ptr<CallbackGroup>][m[K[m[K’
[10.609s] [01m[K/opt/ros/jazzy/include/rclcpp/rclcpp/node_impl.hpp:181:53:[m[K   required from ‘[01m[Ktypename rclcpp::Service<ServiceT>::SharedPtr rclcpp::Node::[01;32m[Kcreate_service[m[K(const std::string&, CallbackT&&, const rclcpp::QoS&, rclcpp::CallbackGroup::SharedPtr) [35m[K[with ServiceT = example_interfaces::srv::SetBool; CallbackT = std::_Bind<void (NumberCounterNode::*(NumberCounterNode*, std::_Placeholder<1>))(std::shared_ptr<example_interfaces::srv::SetBool_Request_<std::allocator<void> > >, std::shared_ptr<example_interfaces::srv::SetBool_Response_<std::allocator<void> > >)>; typename rclcpp::Service<ServiceT>::SharedPtr = std::shared_ptr<rclcpp::Service<example_interfaces::srv::SetBool> >; std::string = std::__cxx11::basic_string<char>; rclcpp::CallbackGroup::SharedPtr = std::shared_ptr<rclcpp::CallbackGroup>][m[K[m[K’
[10.609s] [01m[K/home/k/Main/Studying/GitHub-Repositories/ROS2-Jazzy-Course/ros2_ws/src/my_cpp_pkg/src/number_counter.cpp:13:74:[m[K   required from here
[10.609s] [01m[K/usr/include/c++/13/type_traits:2610:11:[m[K [01;31m[Kerror: [m[Kno type named ‘[01m[Ktype[m[K’ in ‘[01m[Kstruct std::enable_if<false, void>[m[K’
[10.610s]  2610 |     using [01;31m[Kenable_if_t[m[K = typename enable_if<_Cond, _Tp>::type;
[10.610s]       |           [01;31m[K^~~~~~~~~~~[m[K
[11.656s] In file included from [01m[K/opt/ros/jazzy/include/rclcpp/rclcpp/callback_group.hpp:30[m[K,
[11.656s]                  from [01m[K/opt/ros/jazzy/include/rclcpp/rclcpp/any_executable.hpp:20[m[K,
[11.657s]                  from [01m[K/opt/ros/jazzy/include/rclcpp/rclcpp/memory_strategy.hpp:25[m[K,
[11.657s]                  from [01m[K/opt/ros/jazzy/include/rclcpp/rclcpp/memory_strategies.hpp:18[m[K,
[11.657s]                  from [01m[K/opt/ros/jazzy/include/rclcpp/rclcpp/executor_options.hpp:22[m[K,
[11.657s]                  from [01m[K/opt/ros/jazzy/include/rclcpp/rclcpp/executor.hpp:38[m[K,
[11.658s]                  from [01m[K/opt/ros/jazzy/include/rclcpp/rclcpp/executors/multi_threaded_executor.hpp:25[m[K,
[11.658s]                  from [01m[K/opt/ros/jazzy/include/rclcpp/rclcpp/executors.hpp:21[m[K,
[11.658s]                  from [01m[K/opt/ros/jazzy/include/rclcpp/rclcpp/rclcpp.hpp:172[m[K:
[11.658s] /opt/ros/jazzy/include/rclcpp/rclcpp/timer.hpp: In instantiation of ‘[01m[Kvoid rclcpp::GenericTimer<FunctorT, <anonymous> >::[01;32m[Kexecute_callback_delegate[m[K(const rcl_timer_call_info_t&) [35m[K[with CallbackT = std::_Bind<void (ResetCounterNode::*())()>; typename std::enable_if<rclcpp::function_traits::same_arguments<CallbackT, std::function<void()> >::value>::type* <anonymous> = 0; FunctorT = std::_Bind<void (ResetCounterNode::*())()>; typename std::enable_if<((rclcpp::function_traits::same_arguments<FunctorT, std::function<void()> >::value || rclcpp::function_traits::same_arguments<FunctorT, std::function<void(rclcpp::TimerBase&)> >::value) || rclcpp::function_traits::same_arguments<FunctorT, std::function<void(const rclcpp::TimerInfo&)> >::value)>::type* <anonymous> = 0; rcl_timer_call_info_t = rcl_timer_call_info_s][m[K[m[K’:
[11.658s] [01m[K/opt/ros/jazzy/include/rclcpp/rclcpp/timer.hpp:292:32:[m[K   required from ‘[01m[Kvoid rclcpp::GenericTimer<FunctorT, <anonymous> >::[01;32m[Kexecute_callback[m[K(const std::shared_ptr<void>&) [35m[K[with FunctorT = std::_Bind<void (ResetCounterNode::*())()>; typename std::enable_if<((rclcpp::function_traits::same_arguments<FunctorT, std::function<void()> >::value || rclcpp::function_traits::same_arguments<FunctorT, std::function<void(rclcpp::TimerBase&)> >::value) || rclcpp::function_traits::same_arguments<FunctorT, std::function<void(const rclcpp::TimerInfo&)> >::value)>::type* <anonymous> = 0][m[K[m[K’
[11.659s] [01m[K/opt/ros/jazzy/include/rclcpp/rclcpp/timer.hpp:289:3:[m[K   required from here
[11.660s] [01m[K/opt/ros/jazzy/include/rclcpp/rclcpp/timer.hpp:306:14:[m[K [01;31m[Kerror: [m[Kno match for call to ‘[01m[K(std::_Bind<void (ResetCounterNode::*())()>) ()[m[K’
[11.660s]   306 |     [01;31m[Kcallback_()[m[K;
[11.660s]       |     [01;31m[K~~~~~~~~~^~[m[K
[11.660s] [01m[K/usr/include/c++/13/functional:589:9:[m[K [01;36m[Knote: [m[Kcandidate: ‘[01m[Ktemplate<class ... _Args, class _Result> _Result std::_Bind<_Functor(_Bound_args ...)>::[01;32m[Koperator()[m[K(_Args&& ...) [35m[K[with _Args = {_Args ...}; _Functor = void (ResetCounterNode::*)(); _Bound_args = {}][m[K[m[K’
[11.661s]   589 |         [01;36m[Koperator[m[K()(_Args&&... __args)
[11.661s]       |         [01;36m[K^~~~~~~~[m[K
[11.661s] [01m[K/usr/include/c++/13/functional:589:9:[m[K [01;36m[Knote: [m[K  template argument deduction/substitution failed:
[11.661s] [01m[K/usr/include/c++/13/functional:601:9:[m[K [01;36m[Knote: [m[Kcandidate: ‘[01m[Ktemplate<class ... _Args, class _Result> _Result std::_Bind<_Functor(_Bound_args ...)>::[01;32m[Koperator()[m[K(_Args&& ...) const [35m[K[with _Args = {_Args ...}; _Functor = void (ResetCounterNode::*)(); _Bound_args = {}][m[K[m[K’
[11.661s]   601 |         [01;36m[Koperator[m[K()(_Args&&... __args) const
[11.662s]       |         [01;36m[K^~~~~~~~[m[K
[11.662s] [01m[K/usr/include/c++/13/functional:601:9:[m[K [01;36m[Knote: [m[K  template argument deduction/substitution failed:
[11.662s] /usr/include/c++/13/functional: In substitution of ‘[01m[Ktemplate<class _Functor, class ... _Bound_args> template<class _Fn, class _CallArgs, class ... _BArgs> using std::_Bind<_Functor(_Bound_args ...)>::_Res_type_impl = typename std::result_of<_Fn&(decltype (std::_Mu<typename std::remove_cv<_BArgs>::type, std::is_bind_expression<typename std::remove_cv<_BArgs>::type>::value, (std::is_placeholder<typename std::remove_cv<_BArgs>::type>::value > 0)>()(declval<_BArgs&>(), declval<_CallArgs&>()))&& ...)>::type [35m[K[with _Fn = void (ResetCounterNode::* const)(); _CallArgs = std::tuple<>; _BArgs = {}; _Functor = void (ResetCounterNode::*)(); _Bound_args = {}][m[K[m[K’:
[11.662s] [01m[K/usr/include/c++/13/functional:563:8:[m[K   required by substitution of ‘[01m[Ktemplate<class _Functor, class ... _Bound_args> template<class _CallArgs, template<class _CallArgs, template<class> class __cv_quals> template<class _Functor, class ... _Bound_args> template<class> class __cv_quals> using std::_Bind<_Functor(_Bound_args ...)>::_Res_type_cv = std::_Bind<_Functor(_Bound_args ...)>::_Res_type_impl<typename __cv_quals<typename std::enable_if<(bool)((std::tuple_size<_Tuple>::value + 1)), _Functor>::type>::type, _CallArgs, typename __cv_quals<_Bound_args>::type ...> [35m[K[with _CallArgs = std::tuple<>; __cv_quals = std::add_const; _Functor = void (ResetCounterNode::*)(); _Bound_args = {}][m[K[m[K’
[11.663s] [01m[K/usr/include/c++/13/functional:598:9:[m[K   required from ‘[01m[Kvoid rclcpp::GenericTimer<FunctorT, <anonymous> >::[01;32m[Kexecute_callback_delegate[m[K(const rcl_timer_call_info_t&) [35m[K[with CallbackT = std::_Bind<void (ResetCounterNode::*())()>; typename std::enable_if<rclcpp::function_traits::same_arguments<CallbackT, std::function<void()> >::value>::type* <anonymous> = 0; FunctorT = std::_Bind<void (ResetCounterNode::*())()>; typename std::enable_if<((rclcpp::function_traits::same_arguments<FunctorT, std::function<void()> >::value || rclcpp::function_traits::same_arguments<FunctorT, std::function<void(rclcpp::TimerBase&)> >::value) || rclcpp::function_traits::same_arguments<FunctorT, std::function<void(const rclcpp::TimerInfo&)> >::value)>::type* <anonymous> = 0; rcl_timer_call_info_t = rcl_timer_call_info_s][m[K[m[K’
[11.663s] [01m[K/opt/ros/jazzy/include/rclcpp/rclcpp/timer.hpp:292:32:[m[K   required from ‘[01m[Kvoid rclcpp::GenericTimer<FunctorT, <anonymous> >::[01;32m[Kexecute_callback[m[K(const std::shared_ptr<void>&) [35m[K[with FunctorT = std::_Bind<void (ResetCounterNode::*())()>; typename std::enable_if<((rclcpp::function_traits::same_arguments<FunctorT, std::function<void()> >::value || rclcpp::function_traits::same_arguments<FunctorT, std::function<void(rclcpp::TimerBase&)> >::value) || rclcpp::function_traits::same_arguments<FunctorT, std::function<void(const rclcpp::TimerInfo&)> >::value)>::type* <anonymous> = 0][m[K[m[K’
[11.663s] [01m[K/opt/ros/jazzy/include/rclcpp/rclcpp/timer.hpp:289:3:[m[K   required from here
[11.663s] [01m[K/usr/include/c++/13/functional:552:15:[m[K [01;31m[Kerror: [m[Kno type named ‘[01m[Ktype[m[K’ in ‘[01m[Kstruct std::result_of<void (ResetCounterNode::* const&())()>[m[K’
[11.663s]   552 |         using [01;31m[K_Res_type_impl[m[K
[11.664s]       |               [01;31m[K^~~~~~~~~~~~~~[m[K
[11.664s] /opt/ros/jazzy/include/rclcpp/rclcpp/timer.hpp: In instantiation of ‘[01m[Kvoid rclcpp::GenericTimer<FunctorT, <anonymous> >::[01;32m[Kexecute_callback_delegate[m[K(const rcl_timer_call_info_t&) [35m[K[with CallbackT = std::_Bind<void (ResetCounterNode::*())()>; typename std::enable_if<rclcpp::function_traits::same_arguments<CallbackT, std::function<void()> >::value>::type* <anonymous> = 0; FunctorT = std::_Bind<void (ResetCounterNode::*())()>; typename std::enable_if<((rclcpp::function_traits::same_arguments<FunctorT, std::function<void()> >::value || rclcpp::function_traits::same_arguments<FunctorT, std::function<void(rclcpp::TimerBase&)> >::value) || rclcpp::function_traits::same_arguments<FunctorT, std::function<void(const rclcpp::TimerInfo&)> >::value)>::type* <anonymous> = 0; rcl_timer_call_info_t = rcl_timer_call_info_s][m[K[m[K’:
[11.664s] [01m[K/opt/ros/jazzy/include/rclcpp/rclcpp/timer.hpp:292:32:[m[K   required from ‘[01m[Kvoid rclcpp::GenericTimer<FunctorT, <anonymous> >::[01;32m[Kexecute_callback[m[K(const std::shared_ptr<void>&) [35m[K[with FunctorT = std::_Bind<void (ResetCounterNode::*())()>; typename std::enable_if<((rclcpp::function_traits::same_arguments<FunctorT, std::function<void()> >::value || rclcpp::function_traits::same_arguments<FunctorT, std::function<void(rclcpp::TimerBase&)> >::value) || rclcpp::function_traits::same_arguments<FunctorT, std::function<void(const rclcpp::TimerInfo&)> >::value)>::type* <anonymous> = 0][m[K[m[K’
[11.664s] [01m[K/opt/ros/jazzy/include/rclcpp/rclcpp/timer.hpp:289:3:[m[K   required from here
[11.665s] [01m[K/usr/include/c++/13/functional:614:9:[m[K [01;36m[Knote: [m[Kcandidate: ‘[01m[Ktemplate<class ... _Args, class _Result> _Result std::_Bind<_Functor(_Bound_args ...)>::[01;32m[Koperator()[m[K(_Args&& ...) volatile [35m[K[with _Args = {_Args ...}; _Functor = void (ResetCounterNode::*)(); _Bound_args = {}][m[K[m[K’
[11.668s]   614 |         [01;36m[Koperator[m[K()(_Args&&... __args) volatile
[11.668s]       |         [01;36m[K^~~~~~~~[m[K
[11.669s] [01m[K/usr/include/c++/13/functional:614:9:[m[K [01;36m[Knote: [m[K  template argument deduction/substitution failed:
[11.669s] /usr/include/c++/13/functional: In substitution of ‘[01m[Ktemplate<class _Functor, class ... _Bound_args> template<class _Fn, class _CallArgs, class ... _BArgs> using std::_Bind<_Functor(_Bound_args ...)>::_Res_type_impl = typename std::result_of<_Fn&(decltype (std::_Mu<typename std::remove_cv<_BArgs>::type, std::is_bind_expression<typename std::remove_cv<_BArgs>::type>::value, (std::is_placeholder<typename std::remove_cv<_BArgs>::type>::value > 0)>()(declval<_BArgs&>(), declval<_CallArgs&>()))&& ...)>::type [35m[K[with _Fn = void (ResetCounterNode::* volatile)(); _CallArgs = std::tuple<>; _BArgs = {}; _Functor = void (ResetCounterNode::*)(); _Bound_args = {}][m[K[m[K’:
[11.669s] [01m[K/usr/include/c++/13/functional:563:8:[m[K   required by substitution of ‘[01m[Ktemplate<class _Functor, class ... _Bound_args> template<class _CallArgs, template<class _CallArgs, template<class> class __cv_quals> template<class _Functor, class ... _Bound_args> template<class> class __cv_quals> using std::_Bind<_Functor(_Bound_args ...)>::_Res_type_cv = std::_Bind<_Functor(_Bound_args ...)>::_Res_type_impl<typename __cv_quals<typename std::enable_if<(bool)((std::tuple_size<_Tuple>::value + 1)), _Functor>::type>::type, _CallArgs, typename __cv_quals<_Bound_args>::type ...> [35m[K[with _CallArgs = std::tuple<>; __cv_quals = std::add_volatile; _Functor = void (ResetCounterNode::*)(); _Bound_args = {}][m[K[m[K’
[11.669s] [01m[K/usr/include/c++/13/functional:611:9:[m[K   required from ‘[01m[Kvoid rclcpp::GenericTimer<FunctorT, <anonymous> >::[01;32m[Kexecute_callback_delegate[m[K(const rcl_timer_call_info_t&) [35m[K[with CallbackT = std::_Bind<void (ResetCounterNode::*())()>; typename std::enable_if<rclcpp::function_traits::same_arguments<CallbackT, std::function<void()> >::value>::type* <anonymous> = 0; FunctorT = std::_Bind<void (ResetCounterNode::*())()>; typename std::enable_if<((rclcpp::function_traits::same_arguments<FunctorT, std::function<void()> >::value || rclcpp::function_traits::same_arguments<FunctorT, std::function<void(rclcpp::TimerBase&)> >::value) || rclcpp::function_traits::same_arguments<FunctorT, std::function<void(const rclcpp::TimerInfo&)> >::value)>::type* <anonymous> = 0; rcl_timer_call_info_t = rcl_timer_call_info_s][m[K[m[K’
[11.670s] [01m[K/opt/ros/jazzy/include/rclcpp/rclcpp/timer.hpp:292:32:[m[K   required from ‘[01m[Kvoid rclcpp::GenericTimer<FunctorT, <anonymous> >::[01;32m[Kexecute_callback[m[K(const std::shared_ptr<void>&) [35m[K[with FunctorT = std::_Bind<void (ResetCounterNode::*())()>; typename std::enable_if<((rclcpp::function_traits::same_arguments<FunctorT, std::function<void()> >::value || rclcpp::function_traits::same_arguments<FunctorT, std::function<void(rclcpp::TimerBase&)> >::value) || rclcpp::function_traits::same_arguments<FunctorT, std::function<void(const rclcpp::TimerInfo&)> >::value)>::type* <anonymous> = 0][m[K[m[K’
[11.670s] [01m[K/opt/ros/jazzy/include/rclcpp/rclcpp/timer.hpp:289:3:[m[K   required from here
[11.670s] [01m[K/usr/include/c++/13/functional:552:15:[m[K [01;31m[Kerror: [m[Kno type named ‘[01m[Ktype[m[K’ in ‘[01m[Kstruct std::result_of<void (ResetCounterNode::* volatile&())()>[m[K’
[11.670s]   552 |         using [01;31m[K_Res_type_impl[m[K
[11.671s]       |               [01;31m[K^~~~~~~~~~~~~~[m[K
[11.671s] /opt/ros/jazzy/include/rclcpp/rclcpp/timer.hpp: In instantiation of ‘[01m[Kvoid rclcpp::GenericTimer<FunctorT, <anonymous> >::[01;32m[Kexecute_callback_delegate[m[K(const rcl_timer_call_info_t&) [35m[K[with CallbackT = std::_Bind<void (ResetCounterNode::*())()>; typename std::enable_if<rclcpp::function_traits::same_arguments<CallbackT, std::function<void()> >::value>::type* <anonymous> = 0; FunctorT = std::_Bind<void (ResetCounterNode::*())()>; typename std::enable_if<((rclcpp::function_traits::same_arguments<FunctorT, std::function<void()> >::value || rclcpp::function_traits::same_arguments<FunctorT, std::function<void(rclcpp::TimerBase&)> >::value) || rclcpp::function_traits::same_arguments<FunctorT, std::function<void(const rclcpp::TimerInfo&)> >::value)>::type* <anonymous> = 0; rcl_timer_call_info_t = rcl_timer_call_info_s][m[K[m[K’:
[11.671s] [01m[K/opt/ros/jazzy/include/rclcpp/rclcpp/timer.hpp:292:32:[m[K   required from ‘[01m[Kvoid rclcpp::GenericTimer<FunctorT, <anonymous> >::[01;32m[Kexecute_callback[m[K(const std::shared_ptr<void>&) [35m[K[with FunctorT = std::_Bind<void (ResetCounterNode::*())()>; typename std::enable_if<((rclcpp::function_traits::same_arguments<FunctorT, std::function<void()> >::value || rclcpp::function_traits::same_arguments<FunctorT, std::function<void(rclcpp::TimerBase&)> >::value) || rclcpp::function_traits::same_arguments<FunctorT, std::function<void(const rclcpp::TimerInfo&)> >::value)>::type* <anonymous> = 0][m[K[m[K’
[11.671s] [01m[K/opt/ros/jazzy/include/rclcpp/rclcpp/timer.hpp:289:3:[m[K   required from here
[11.671s] [01m[K/usr/include/c++/13/functional:626:9:[m[K [01;36m[Knote: [m[Kcandidate: ‘[01m[Ktemplate<class ... _Args, class _Result> _Result std::_Bind<_Functor(_Bound_args ...)>::[01;32m[Koperator()[m[K(_Args&& ...) const volatile [35m[K[with _Args = {_Args ...}; _Functor = void (ResetCounterNode::*)(); _Bound_args = {}][m[K[m[K’
[11.672s]   626 |         [01;36m[Koperator[m[K()(_Args&&... __args) const volatile
[11.672s]       |         [01;36m[K^~~~~~~~[m[K
[11.672s] [01m[K/usr/include/c++/13/functional:626:9:[m[K [01;36m[Knote: [m[K  template argument deduction/substitution failed:
[11.672s] /usr/include/c++/13/functional: In substitution of ‘[01m[Ktemplate<class _Functor, class ... _Bound_args> template<class _Fn, class _CallArgs, class ... _BArgs> using std::_Bind<_Functor(_Bound_args ...)>::_Res_type_impl = typename std::result_of<_Fn&(decltype (std::_Mu<typename std::remove_cv<_BArgs>::type, std::is_bind_expression<typename std::remove_cv<_BArgs>::type>::value, (std::is_placeholder<typename std::remove_cv<_BArgs>::type>::value > 0)>()(declval<_BArgs&>(), declval<_CallArgs&>()))&& ...)>::type [35m[K[with _Fn = void (ResetCounterNode::* const volatile)(); _CallArgs = std::tuple<>; _BArgs = {}; _Functor = void (ResetCounterNode::*)(); _Bound_args = {}][m[K[m[K’:
[11.673s] [01m[K/usr/include/c++/13/functional:563:8:[m[K   required by substitution of ‘[01m[Ktemplate<class _Functor, class ... _Bound_args> template<class _CallArgs, template<class _CallArgs, template<class> class __cv_quals> template<class _Functor, class ... _Bound_args> template<class> class __cv_quals> using std::_Bind<_Functor(_Bound_args ...)>::_Res_type_cv = std::_Bind<_Functor(_Bound_args ...)>::_Res_type_impl<typename __cv_quals<typename std::enable_if<(bool)((std::tuple_size<_Tuple>::value + 1)), _Functor>::type>::type, _CallArgs, typename __cv_quals<_Bound_args>::type ...> [35m[K[with _CallArgs = std::tuple<>; __cv_quals = std::add_cv; _Functor = void (ResetCounterNode::*)(); _Bound_args = {}][m[K[m[K’
[11.673s] [01m[K/usr/include/c++/13/functional:623:9:[m[K   required from ‘[01m[Kvoid rclcpp::GenericTimer<FunctorT, <anonymous> >::[01;32m[Kexecute_callback_delegate[m[K(const rcl_timer_call_info_t&) [35m[K[with CallbackT = std::_Bind<void (ResetCounterNode::*())()>; typename std::enable_if<rclcpp::function_traits::same_arguments<CallbackT, std::function<void()> >::value>::type* <anonymous> = 0; FunctorT = std::_Bind<void (ResetCounterNode::*())()>; typename std::enable_if<((rclcpp::function_traits::same_arguments<FunctorT, std::function<void()> >::value || rclcpp::function_traits::same_arguments<FunctorT, std::function<void(rclcpp::TimerBase&)> >::value) || rclcpp::function_traits::same_arguments<FunctorT, std::function<void(const rclcpp::TimerInfo&)> >::value)>::type* <anonymous> = 0; rcl_timer_call_info_t = rcl_timer_call_info_s][m[K[m[K’
[11.676s] [01m[K/opt/ros/jazzy/include/rclcpp/rclcpp/timer.hpp:292:32:[m[K   required from ‘[01m[Kvoid rclcpp::GenericTimer<FunctorT, <anonymous> >::[01;32m[Kexecute_callback[m[K(const std::shared_ptr<void>&) [35m[K[with FunctorT = std::_Bind<void (ResetCounterNode::*())()>; typename std::enable_if<((rclcpp::function_traits::same_arguments<FunctorT, std::function<void()> >::value || rclcpp::function_traits::same_arguments<FunctorT, std::function<void(rclcpp::TimerBase&)> >::value) || rclcpp::function_traits::same_arguments<FunctorT, std::function<void(const rclcpp::TimerInfo&)> >::value)>::type* <anonymous> = 0][m[K[m[K’
[11.676s] [01m[K/opt/ros/jazzy/include/rclcpp/rclcpp/timer.hpp:289:3:[m[K   required from here
[11.677s] [01m[K/usr/include/c++/13/functional:552:15:[m[K [01;31m[Kerror: [m[Kno type named ‘[01m[Ktype[m[K’ in ‘[01m[Kstruct std::result_of<void (ResetCounterNode::* const volatile&())()>[m[K’
[11.677s]   552 |         using [01;31m[K_Res_type_impl[m[K
[11.679s]       |               [01;31m[K^~~~~~~~~~~~~~[m[K
[12.083s] gmake[2]: *** [CMakeFiles/reset_counter.dir/build.make:76: CMakeFiles/reset_counter.dir/src/reset_counter.cpp.o] Error 1
[12.085s] gmake[1]: *** [CMakeFiles/Makefile2:361: CMakeFiles/reset_counter.dir/all] Error 2
[12.086s] gmake[1]: *** Waiting for unfinished jobs....
[15.277s] gmake[2]: *** [CMakeFiles/number_counter.dir/build.make:76: CMakeFiles/number_counter.dir/src/number_counter.cpp.o] Error 1
[15.278s] gmake[1]: *** [CMakeFiles/Makefile2:257: CMakeFiles/number_counter.dir/all] Error 2
[15.278s] gmake: *** [Makefile:146: all] Error 2
[15.284s] Invoked command in '/home/k/Main/Studying/GitHub-Repositories/ROS2-Jazzy-Course/ros2_ws/build/my_cpp_pkg' returned '2': CMAKE_PREFIX_PATH=${CMAKE_PREFIX_PATH}:/home/k/Main/Studying/GitHub-Repositories/ROS2-Jazzy-Course/ros2_ws/install/my_py_pkg:/opt/ros/jazzy DEBUGINFOD_URLS=https://debuginfod.ubuntu.com /usr/bin/cmake --build /home/k/Main/Studying/GitHub-Repositories/ROS2-Jazzy-Course/ros2_ws/build/my_cpp_pkg -- -j4 -l4
