[ 11%] Built target smartphone
[ 22%] Built target cpp_node
[ 33%] Built target number_publisher
[ 44%] Built target robot_news_station
[ 55%] Built target add_two_ints_server
[ 66%] Built target add_two_ints_client_no_oop
[ 77%] Built target add_two_ints_client
[ 83%] [32mBuilding CXX object CMakeFiles/number_counter.dir/src/number_counter.cpp.o[0m
[ 88%] [32mBuilding CXX object CMakeFiles/reset_counter.dir/src/reset_counter.cpp.o[0m
In file included from [01m[K/opt/ros/jazzy/include/rclcpp/rclcpp/logging.hpp:24[m[K,
                 from [01m[K/opt/ros/jazzy/include/rclcpp/rclcpp/copy_all_parameter_values.hpp:27[m[K,
                 from [01m[K/opt/ros/jazzy/include/rclcpp/rclcpp/rclcpp.hpp:171[m[K,
                 from [01m[K/home/k/Main/Studying/GitHub-Repositories/ROS2-Jazzy-Course/ros2_ws/src/my_cpp_pkg/src/reset_counter.cpp:1[m[K:
[01m[K/home/k/Main/Studying/GitHub-Repositories/ROS2-Jazzy-Course/ros2_ws/src/my_cpp_pkg/src/reset_counter.cpp:[m[K In member function ‘[01m[Kvoid ResetCounterNode::[01;32m[KcallbackTimer[m[K()[m[K’:
[01m[K/home/k/Main/Studying/GitHub-Repositories/ROS2-Jazzy-Course/ros2_ws/src/my_cpp_pkg/src/reset_counter.cpp:27:45:[m[K [01;35m[Kwarning: [m[Kformat ‘[01m[K%s[m[K’ expects argument of type ‘[01m[Kchar*[m[K’, but argument 5 has type ‘[01m[Kstd::string[m[K’ {aka ‘[01m[Kstd::__cxx11::basic_string<char>[m[K’} [[01;35m[K]8;;https://gcc.gnu.org/onlinedocs/gcc/Warning-Options.html#index-Wformat=-Wformat=]8;;[m[K]
   27 |             RCLCPP_INFO(this->get_logger(), [01;35m[K"%s"[m[K, waitingForServiceCalls_[waitingForServiceCounter_]);
      |                                             [01;35m[K^~~~[m[K
[01m[K/home/k/Main/Studying/GitHub-Repositories/ROS2-Jazzy-Course/ros2_ws/src/my_cpp_pkg/src/reset_counter.cpp:27:47:[m[K [01;36m[Knote: [m[Kformat string is defined here
   27 |             RCLCPP_INFO(this->get_logger(), "[01;36m[K%s[m[K", waitingForServiceCalls_[waitingForServiceCounter_]);
      |                                              [01;36m[K~^[m[K
      |                                               [01;36m[K|[m[K
      |                                               [01;36m[Kchar*[m[K
In file included from [01m[K/opt/ros/jazzy/include/rclcpp/rclcpp/utilities.hpp:19[m[K,
                 from [01m[K/opt/ros/jazzy/include/rclcpp/rclcpp/logging.hpp:25[m[K:
/usr/include/c++/13/functional: In instantiation of ‘[01m[Kstruct std::_Bind_check_arity<void (ResetCounterNode::*)(std::shared_future<std::shared_ptr<example_interfaces::srv::SetBool_Response_<std::allocator<void> > > >), ResetCounterNode*, const std::_Placeholder<1>&, const std::_Placeholder<2>&>[m[K’:
[01m[K/usr/include/c++/13/functional:859:12:[m[K   required from ‘[01m[Kstruct std::_Bind_helper<false, void (ResetCounterNode::*)(std::shared_future<std::shared_ptr<example_interfaces::srv::SetBool_Response_<std::allocator<void> > > >), ResetCounterNode*, const std::_Placeholder<1>&, const std::_Placeholder<2>&>[m[K’
[01m[K/usr/include/c++/13/functional:881:5:[m[K   required by substitution of ‘[01m[Ktemplate<class _Func, class ... _BoundArgs> typename std::_Bind_helper<std::__is_socketlike<_Func>::value, _Func, _BoundArgs ...>::type std::[01;32m[Kbind[m[K(_Func&&, _BoundArgs&& ...) [35m[K[with _Func = void (ResetCounterNode::*)(std::shared_future<std::shared_ptr<example_interfaces::srv::SetBool_Response_<std::allocator<void> > > >); _BoundArgs = {ResetCounterNode*, const std::_Placeholder<1>&, const std::_Placeholder<2>&}][m[K[m[K’
[01m[K/home/k/Main/Studying/GitHub-Repositories/ROS2-Jazzy-Course/ros2_ws/src/my_cpp_pkg/src/reset_counter.cpp:38:55:[m[K   required from here
[01m[K/usr/include/c++/13/functional:847:21:[m[K [01;31m[Kerror: [m[Kstatic assertion failed: Wrong number of arguments for pointer-to-member
  846 |       static_assert(_Varargs::[01;31m[Kvalue[m[K
      |                               [01;31m[K~~~~~[m[K
  847 | [01;31m[K                    ? sizeof...(_BoundArgs) >= _Arity::value + 1[m[K
      |                     [01;31m[K^~~~~~~~~~~~~~~~~~~~~~~~~~~~~~~~~~~~~~~~~~~~[m[K
  848 | [01;31m[K                    : sizeof...(_BoundArgs) == _Arity::value + 1[m[K,
      |                     [01;31m[K~~~~~~~~~~~~~~~~~~~~~~~~~~~~~~~~~~~~~~~~~~~~[m[K
[01m[K/usr/include/c++/13/functional:847:21:[m[K [01;36m[Knote: [m[K‘[01m[K(false ? (3 >= (((long unsigned int)std::integral_constant<long unsigned int, 1>::value) + 1)) : (3 == (((long unsigned int)std::integral_constant<long unsigned int, 1>::value) + 1)))[m[K’ evaluates to false
In file included from [01m[K/opt/ros/jazzy/include/rclcpp/rclcpp/utilities.hpp:19[m[K,
                 from [01m[K/opt/ros/jazzy/include/rclcpp/rclcpp/logging.hpp:25[m[K,
                 from [01m[K/opt/ros/jazzy/include/rclcpp/rclcpp/copy_all_parameter_values.hpp:27[m[K,
                 from [01m[K/opt/ros/jazzy/include/rclcpp/rclcpp/rclcpp.hpp:171[m[K,
                 from [01m[K/home/k/Main/Studying/GitHub-Repositories/ROS2-Jazzy-Course/ros2_ws/src/my_cpp_pkg/src/number_counter.cpp:1[m[K:
/usr/include/c++/13/functional: In instantiation of ‘[01m[Kstruct std::_Bind_check_arity<void (NumberCounterNode::*)(std::shared_ptr<example_interfaces::srv::SetBool_Request_<std::allocator<void> > >, std::shared_ptr<example_interfaces::srv::SetBool_Response_<std::allocator<void> > >), NumberCounterNode*, const std::_Placeholder<1>&>[m[K’:
[01m[K/usr/include/c++/13/functional:859:12:[m[K   required from ‘[01m[Kstruct std::_Bind_helper<false, void (NumberCounterNode::*)(std::shared_ptr<example_interfaces::srv::SetBool_Request_<std::allocator<void> > >, std::shared_ptr<example_interfaces::srv::SetBool_Response_<std::allocator<void> > >), NumberCounterNode*, const std::_Placeholder<1>&>[m[K’
[01m[K/usr/include/c++/13/functional:881:5:[m[K   required by substitution of ‘[01m[Ktemplate<class _Func, class ... _BoundArgs> typename std::_Bind_helper<std::__is_socketlike<_Func>::value, _Func, _BoundArgs ...>::type std::[01;32m[Kbind[m[K(_Func&&, _BoundArgs&& ...) [35m[K[with _Func = void (NumberCounterNode::*)(std::shared_ptr<example_interfaces::srv::SetBool_Request_<std::allocator<void> > >, std::shared_ptr<example_interfaces::srv::SetBool_Response_<std::allocator<void> > >); _BoundArgs = {NumberCounterNode*, const std::_Placeholder<1>&}][m[K[m[K’
[01m[K/home/k/Main/Studying/GitHub-Repositories/ROS2-Jazzy-Course/ros2_ws/src/my_cpp_pkg/src/number_counter.cpp:14:22:[m[K   required from here
[01m[K/usr/include/c++/13/functional:847:21:[m[K [01;31m[Kerror: [m[Kstatic assertion failed: Wrong number of arguments for pointer-to-member
  846 |       static_assert(_Varargs::[01;31m[Kvalue[m[K
      |                               [01;31m[K~~~~~[m[K
  847 | [01;31m[K                    ? sizeof...(_BoundArgs) >= _Arity::value + 1[m[K
      |                     [01;31m[K^~~~~~~~~~~~~~~~~~~~~~~~~~~~~~~~~~~~~~~~~~~~[m[K
  848 | [01;31m[K                    : sizeof...(_BoundArgs) == _Arity::value + 1[m[K,
      |                     [01;31m[K~~~~~~~~~~~~~~~~~~~~~~~~~~~~~~~~~~~~~~~~~~~~[m[K
[01m[K/usr/include/c++/13/functional:847:21:[m[K [01;36m[Knote: [m[K‘[01m[K(false ? (2 >= (((long unsigned int)std::integral_constant<long unsigned int, 2>::value) + 1)) : (2 == (((long unsigned int)std::integral_constant<long unsigned int, 2>::value) + 1)))[m[K’ evaluates to false
In file included from [01m[K/opt/ros/jazzy/include/rclcpp/rclcpp/callback_group.hpp:24[m[K,
                 from [01m[K/opt/ros/jazzy/include/rclcpp/rclcpp/any_executable.hpp:20[m[K,
                 from [01m[K/opt/ros/jazzy/include/rclcpp/rclcpp/memory_strategy.hpp:25[m[K,
                 from [01m[K/opt/ros/jazzy/include/rclcpp/rclcpp/memory_strategies.hpp:18[m[K,
                 from [01m[K/opt/ros/jazzy/include/rclcpp/rclcpp/executor_options.hpp:22[m[K,
                 from [01m[K/opt/ros/jazzy/include/rclcpp/rclcpp/executor.hpp:38[m[K,
                 from [01m[K/opt/ros/jazzy/include/rclcpp/rclcpp/executors/multi_threaded_executor.hpp:25[m[K,
                 from [01m[K/opt/ros/jazzy/include/rclcpp/rclcpp/executors.hpp:21[m[K,
                 from [01m[K/opt/ros/jazzy/include/rclcpp/rclcpp/rclcpp.hpp:172[m[K:
/opt/ros/jazzy/include/rclcpp/rclcpp/client.hpp: In instantiation of ‘[01m[Krclcpp::Client<ServiceT>::SharedFutureAndRequestId rclcpp::Client<ServiceT>::[01;32m[Kasync_send_request[m[K(SharedRequest, CallbackT&&) [35m[K[with CallbackT = std::_Bind<void (ResetCounterNode::*(ResetCounterNode*, std::_Placeholder<1>, std::_Placeholder<2>))(std::shared_future<std::shared_ptr<example_interfaces::srv::SetBool_Response_<std::allocator<void> > > >)>; typename std::enable_if<rclcpp::function_traits::same_arguments<CallbackT, std::function<void(std::shared_future<typename ServiceT::Response::SharedPtr>)> >::value>::type* <anonymous> = 0; ServiceT = example_interfaces::srv::SetBool; SharedRequest = std::shared_ptr<example_interfaces::srv::SetBool_Request_<std::allocator<void> > >][m[K[m[K’:
[01m[K/home/k/Main/Studying/GitHub-Repositories/ROS2-Jazzy-Course/ros2_ws/src/my_cpp_pkg/src/reset_counter.cpp:38:36:[m[K   required from here
[01m[K/opt/ros/jazzy/include/rclcpp/rclcpp/client.hpp:678:22:[m[K [01;31m[Kerror: [m[Kno matching function for call to ‘[01m[Kstd::function<void(std::shared_future<std::shared_ptr<example_interfaces::srv::SetBool_Response_<std::allocator<void> > > >)>::function(<brace-enclosed initializer list>)[m[K’
  678 |       [01;31m[Kstd::make_tuple([m[K
      |       [01;31m[K~~~~~~~~~~~~~~~^[m[K
  679 | [01;31m[K        CallbackType{std::forward<CallbackT>(cb)},[m[K
      |         [01;31m[K~~~~~~~~~~~~~~~~~~~~~~~~~~~~~~~~~~~~~~~~~~[m[K
  680 | [01;31m[K        shared_future,[m[K
      |         [01;31m[K~~~~~~~~~~~~~~[m[K
  681 | [01;31m[K        std::move(promise))[m[K);
      |         [01;31m[K~~~~~~~~~~~~~~~~~~~[m[K
In file included from [01m[K/usr/include/c++/13/functional:59[m[K:
[01m[K/usr/include/c++/13/bits/std_function.h:435:9:[m[K [01;36m[Knote: [m[Kcandidate: ‘[01m[Ktemplate<class _Functor, class _Constraints> std::function<_Res(_ArgTypes ...)>::[01;32m[Kfunction[m[K(_Functor&&) [35m[K[with _Constraints = _Functor; _Res = void; _ArgTypes = {std::shared_future<std::shared_ptr<example_interfaces::srv::SetBool_Response_<std::allocator<void> > > >}][m[K[m[K’
  435 |         [01;36m[Kfunction[m[K(_Functor&& __f)
      |         [01;36m[K^~~~~~~~[m[K
[01m[K/usr/include/c++/13/bits/std_function.h:435:9:[m[K [01;36m[Knote: [m[K  template argument deduction/substitution failed:
In file included from [01m[K/usr/include/c++/13/bits/move.h:37[m[K,
                 from [01m[K/usr/include/c++/13/bits/new_allocator.h:36[m[K,
                 from [01m[K/usr/include/x86_64-linux-gnu/c++/13/bits/c++allocator.h:33[m[K,
                 from [01m[K/usr/include/c++/13/bits/allocator.h:46[m[K,
                 from [01m[K/usr/include/c++/13/memory:65[m[K,
                 from [01m[K/opt/ros/jazzy/include/rclcpp/rclcpp/rclcpp.hpp:169[m[K:
/usr/include/c++/13/type_traits: In substitution of ‘[01m[Ktemplate<bool _Cond, class _Tp> using std::__enable_if_t = typename std::enable_if::type [35m[K[with bool _Cond = false; _Tp = void][m[K[m[K’:
[01m[K/usr/include/c++/13/bits/std_function.h:353:8:[m[K   required by substitution of ‘[01m[Ktemplate<class _Res, class ... _ArgTypes> template<class _Cond, class _Tp> using std::function<_Res(_ArgTypes ...)>::_Requires = std::__enable_if_t<_Cond::value, _Tp> [35m[K[with _Cond = std::function<void(std::shared_future<std::shared_ptr<example_interfaces::srv::SetBool_Response_<std::allocator<void> > > >)>::_Callable<std::_Bind<void (ResetCounterNode::*(ResetCounterNode*, std::_Placeholder<1>, std::_Placeholder<2>))(std::shared_future<std::shared_ptr<example_interfaces::srv::SetBool_Response_<std::allocator<void> > > >)>, std::_Bind<void (ResetCounterNode::*(ResetCounterNode*, std::_Placeholder<1>, std::_Placeholder<2>))(std::shared_future<std::shared_ptr<example_interfaces::srv::SetBool_Response_<std::allocator<void> > > >)>, std::__invoke_result<std::_Bind<void (ResetCounterNode::*(ResetCounterNode*, std::_Placeholder<1>, std::_Placeholder<2>))(std::shared_future<std::shared_ptr<example_interfaces::srv::SetBool_Response_<std::allocator<void> > > >)>&, std::shared_future<std::shared_ptr<example_interfaces::srv::SetBool_Response_<std::allocator<void> > > > > >; _Tp = void; _Res = void; _ArgTypes = {std::shared_future<std::shared_ptr<example_interfaces::srv::SetBool_Response_<std::allocator<void> > > >}][m[K[m[K’
[01m[K/usr/include/c++/13/bits/std_function.h:434:9:[m[K   required from ‘[01m[Krclcpp::Client<ServiceT>::SharedFutureAndRequestId rclcpp::Client<ServiceT>::[01;32m[Kasync_send_request[m[K(SharedRequest, CallbackT&&) [35m[K[with CallbackT = std::_Bind<void (ResetCounterNode::*(ResetCounterNode*, std::_Placeholder<1>, std::_Placeholder<2>))(std::shared_future<std::shared_ptr<example_interfaces::srv::SetBool_Response_<std::allocator<void> > > >)>; typename std::enable_if<rclcpp::function_traits::same_arguments<CallbackT, std::function<void(std::shared_future<typename ServiceT::Response::SharedPtr>)> >::value>::type* <anonymous> = 0; ServiceT = example_interfaces::srv::SetBool; SharedRequest = std::shared_ptr<example_interfaces::srv::SetBool_Request_<std::allocator<void> > >][m[K[m[K’
[01m[K/home/k/Main/Studying/GitHub-Repositories/ROS2-Jazzy-Course/ros2_ws/src/my_cpp_pkg/src/reset_counter.cpp:38:36:[m[K   required from here
[01m[K/usr/include/c++/13/type_traits:116:11:[m[K [01;31m[Kerror: [m[Kno type named ‘[01m[Ktype[m[K’ in ‘[01m[Kstruct std::enable_if<false, void>[m[K’
  116 |     using [01;31m[K__enable_if_t[m[K = typename enable_if<_Cond, _Tp>::type;
      |           [01;31m[K^~~~~~~~~~~~~[m[K
/opt/ros/jazzy/include/rclcpp/rclcpp/client.hpp: In instantiation of ‘[01m[Krclcpp::Client<ServiceT>::SharedFutureAndRequestId rclcpp::Client<ServiceT>::[01;32m[Kasync_send_request[m[K(SharedRequest, CallbackT&&) [35m[K[with CallbackT = std::_Bind<void (ResetCounterNode::*(ResetCounterNode*, std::_Placeholder<1>, std::_Placeholder<2>))(std::shared_future<std::shared_ptr<example_interfaces::srv::SetBool_Response_<std::allocator<void> > > >)>; typename std::enable_if<rclcpp::function_traits::same_arguments<CallbackT, std::function<void(std::shared_future<typename ServiceT::Response::SharedPtr>)> >::value>::type* <anonymous> = 0; ServiceT = example_interfaces::srv::SetBool; SharedRequest = std::shared_ptr<example_interfaces::srv::SetBool_Request_<std::allocator<void> > >][m[K[m[K’:
[01m[K/home/k/Main/Studying/GitHub-Repositories/ROS2-Jazzy-Course/ros2_ws/src/my_cpp_pkg/src/reset_counter.cpp:38:36:[m[K   required from here
[01m[K/usr/include/c++/13/bits/std_function.h:404:7:[m[K [01;36m[Knote: [m[Kcandidate: ‘[01m[Kstd::function<_Res(_ArgTypes ...)>::[01;32m[Kfunction[m[K(std::function<_Res(_ArgTypes ...)>&&) [35m[K[with _Res = void; _ArgTypes = {std::shared_future<std::shared_ptr<example_interfaces::srv::SetBool_Response_<std::allocator<void> > > >}][m[K[m[K’
  404 |       [01;36m[Kfunction[m[K(function&& __x) noexcept
      |       [01;36m[K^~~~~~~~[m[K
[01m[K/usr/include/c++/13/bits/std_function.h:404:27:[m[K [01;36m[Knote: [m[K  no known conversion for argument 1 from ‘[01m[Kstd::_Bind<void (ResetCounterNode::*(ResetCounterNode*, std::_Placeholder<1>, std::_Placeholder<2>))(std::shared_future<std::shared_ptr<example_interfaces::srv::SetBool_Response_<std::allocator<void> > > >)>[m[K’ to ‘[01m[Kstd::function<void(std::shared_future<std::shared_ptr<example_interfaces::srv::SetBool_Response_<std::allocator<void> > > >)>&&[m[K’
  404 |       function([01;36m[Kfunction&& __x[m[K) noexcept
      |                [01;36m[K~~~~~~~~~~~^~~[m[K
[01m[K/usr/include/c++/13/bits/std_function.h:386:7:[m[K [01;36m[Knote: [m[Kcandidate: ‘[01m[Kstd::function<_Res(_ArgTypes ...)>::[01;32m[Kfunction[m[K(const std::function<_Res(_ArgTypes ...)>&) [35m[K[with _Res = void; _ArgTypes = {std::shared_future<std::shared_ptr<example_interfaces::srv::SetBool_Response_<std::allocator<void> > > >}][m[K[m[K’
  386 |       [01;36m[Kfunction[m[K(const function& __x)
      |       [01;36m[K^~~~~~~~[m[K
[01m[K/usr/include/c++/13/bits/std_function.h:386:32:[m[K [01;36m[Knote: [m[K  no known conversion for argument 1 from ‘[01m[Kstd::_Bind<void (ResetCounterNode::*(ResetCounterNode*, std::_Placeholder<1>, std::_Placeholder<2>))(std::shared_future<std::shared_ptr<example_interfaces::srv::SetBool_Response_<std::allocator<void> > > >)>[m[K’ to ‘[01m[Kconst std::function<void(std::shared_future<std::shared_ptr<example_interfaces::srv::SetBool_Response_<std::allocator<void> > > >)>&[m[K’
  386 |       function([01;36m[Kconst function& __x[m[K)
      |                [01;36m[K~~~~~~~~~~~~~~~~^~~[m[K
[01m[K/usr/include/c++/13/bits/std_function.h:375:7:[m[K [01;36m[Knote: [m[Kcandidate: ‘[01m[Kstd::function<_Res(_ArgTypes ...)>::[01;32m[Kfunction[m[K(std::nullptr_t) [35m[K[with _Res = void; _ArgTypes = {std::shared_future<std::shared_ptr<example_interfaces::srv::SetBool_Response_<std::allocator<void> > > >}; std::nullptr_t = std::nullptr_t][m[K[m[K’
  375 |       [01;36m[Kfunction[m[K(nullptr_t) noexcept
      |       [01;36m[K^~~~~~~~[m[K
[01m[K/usr/include/c++/13/bits/std_function.h:375:16:[m[K [01;36m[Knote: [m[K  no known conversion for argument 1 from ‘[01m[Kstd::_Bind<void (ResetCounterNode::*(ResetCounterNode*, std::_Placeholder<1>, std::_Placeholder<2>))(std::shared_future<std::shared_ptr<example_interfaces::srv::SetBool_Response_<std::allocator<void> > > >)>[m[K’ to ‘[01m[Kstd::nullptr_t[m[K’
  375 |       function([01;36m[Knullptr_t[m[K) noexcept
      |                [01;36m[K^~~~~~~~~[m[K
[01m[K/usr/include/c++/13/bits/std_function.h:368:7:[m[K [01;36m[Knote: [m[Kcandidate: ‘[01m[Kstd::function<_Res(_ArgTypes ...)>::[01;32m[Kfunction[m[K() [35m[K[with _Res = void; _ArgTypes = {std::shared_future<std::shared_ptr<example_interfaces::srv::SetBool_Response_<std::allocator<void> > > >}][m[K[m[K’
  368 |       [01;36m[Kfunction[m[K() noexcept
      |       [01;36m[K^~~~~~~~[m[K
[01m[K/usr/include/c++/13/bits/std_function.h:368:7:[m[K [01;36m[Knote: [m[K  candidate expects 0 arguments, 1 provided
[01m[K/opt/ros/jazzy/include/rclcpp/rclcpp/client.hpp:682:69:[m[K [01;31m[Kerror: [m[Kno matching function for call to ‘[01m[Krclcpp::Client<example_interfaces::srv::SetBool>::SharedFutureAndRequestId::SharedFutureAndRequestId(<brace-enclosed initializer list>)[m[K’
  682 |     return SharedFutureAndRequestId{std::move(shared_future), req_id[01;31m[K}[m[K;
      |                                                                     [01;31m[K^[m[K
[01m[K/opt/ros/jazzy/include/rclcpp/rclcpp/client.hpp:66:3:[m[K [01;36m[Knote: [m[Kcandidate: ‘[01m[Krclcpp::detail::FutureAndRequestId<FutureT>::[01;32m[KFutureAndRequestId[m[K(FutureT, int64_t) [35m[K[with FutureT = std::shared_future<std::shared_ptr<example_interfaces::srv::SetBool_Response_<std::allocator<void> > > >; int64_t = long int][m[K[m[K’
   66 |   [01;36m[KFutureAndRequestId[m[K(FutureT impl, int64_t req_id)
      |   [01;36m[K^~~~~~~~~~~~~~~~~~[m[K
[01m[K/opt/ros/jazzy/include/rclcpp/rclcpp/client.hpp:465:75:[m[K [01;36m[Knote: [m[K  inherited here
  465 | using detail::FutureAndRequestId<std::shared_future<SharedResponse>>::[01;36m[KFutureAndRequestId[m[K;
      |                                                                       [01;36m[K^~~~~~~~~~~~~~~~~~[m[K

[01m[K/opt/ros/jazzy/include/rclcpp/rclcpp/client.hpp:465:75:[m[K [01;36m[Knote: [m[K  conversion of argument 2 would be ill-formed:
[01m[K/opt/ros/jazzy/include/rclcpp/rclcpp/client.hpp:108:3:[m[K [01;36m[Knote: [m[Kcandidate: ‘[01m[Krclcpp::detail::FutureAndRequestId<FutureT>::[01;32m[KFutureAndRequestId[m[K(rclcpp::detail::FutureAndRequestId<FutureT>&&) [35m[K[with FutureT = std::shared_future<std::shared_ptr<example_interfaces::srv::SetBool_Response_<std::allocator<void> > > >][m[K[m[K’
  108 |   [01;36m[KFutureAndRequestId[m[K(FutureAndRequestId && other) noexcept = default;
      |   [01;36m[K^~~~~~~~~~~~~~~~~~[m[K
[01m[K/opt/ros/jazzy/include/rclcpp/rclcpp/client.hpp:465:75:[m[K [01;36m[Knote: [m[K  inherited here
  465 | using detail::FutureAndRequestId<std::shared_future<SharedResponse>>::[01;36m[KFutureAndRequestId[m[K;
      |                                                                       [01;36m[K^~~~~~~~~~~~~~~~~~[m[K

[01m[K/opt/ros/jazzy/include/rclcpp/rclcpp/client.hpp:465:75:[m[K [01;36m[Knote: [m[K  candidate expects 1 argument, 2 provided
[01m[K/opt/ros/jazzy/include/rclcpp/rclcpp/client.hpp:462:10:[m[K [01;36m[Knote: [m[Kcandidate: ‘[01m[Krclcpp::Client<example_interfaces::srv::SetBool>::SharedFutureAndRequestId::[01;32m[KSharedFutureAndRequestId[m[K(rclcpp::Client<example_interfaces::srv::SetBool>::SharedFutureAndRequestId&&)[m[K’
  462 |   struct [01;36m[KSharedFutureAndRequestId[m[K
      |          [01;36m[K^~~~~~~~~~~~~~~~~~~~~~~~[m[K
[01m[K/opt/ros/jazzy/include/rclcpp/rclcpp/client.hpp:462:10:[m[K [01;36m[Knote: [m[K  candidate expects 1 argument, 2 provided
In file included from [01m[K/opt/ros/jazzy/include/rclcpp/rclcpp/service.hpp:37[m[K,
                 from [01m[K/opt/ros/jazzy/include/rclcpp/rclcpp/callback_group.hpp:28[m[K,
                 from [01m[K/opt/ros/jazzy/include/rclcpp/rclcpp/any_executable.hpp:20[m[K,
                 from [01m[K/opt/ros/jazzy/include/rclcpp/rclcpp/memory_strategy.hpp:25[m[K,
                 from [01m[K/opt/ros/jazzy/include/rclcpp/rclcpp/memory_strategies.hpp:18[m[K,
                 from [01m[K/opt/ros/jazzy/include/rclcpp/rclcpp/executor_options.hpp:22[m[K,
                 from [01m[K/opt/ros/jazzy/include/rclcpp/rclcpp/executor.hpp:38[m[K,
                 from [01m[K/opt/ros/jazzy/include/rclcpp/rclcpp/executors/multi_threaded_executor.hpp:25[m[K,
                 from [01m[K/opt/ros/jazzy/include/rclcpp/rclcpp/executors.hpp:21[m[K,
                 from [01m[K/opt/ros/jazzy/include/rclcpp/rclcpp/rclcpp.hpp:172[m[K:
/opt/ros/jazzy/include/rclcpp/rclcpp/any_service_callback.hpp: In instantiation of ‘[01m[Kvoid rclcpp::AnyServiceCallback<ServiceT>::[01;32m[Kset[m[K(CallbackT&&) [35m[K[with CallbackT = std::_Bind<void (NumberCounterNode::*(NumberCounterNode*, std::_Placeholder<1>))(std::shared_ptr<example_interfaces::srv::SetBool_Request_<std::allocator<void> > >, std::shared_ptr<example_interfaces::srv::SetBool_Response_<std::allocator<void> > >)>; typename std::enable_if<(! rclcpp::detail::can_be_nullptr<CallbackT>::value), int>::type <anonymous> = 0; ServiceT = example_interfaces::srv::SetBool][m[K[m[K’:
[01m[K/opt/ros/jazzy/include/rclcpp/rclcpp/create_service.hpp:69:27:[m[K   required from ‘[01m[Ktypename rclcpp::Service<ServiceT>::SharedPtr rclcpp::[01;32m[Kcreate_service[m[K(std::shared_ptr<node_interfaces::NodeBaseInterface>, std::shared_ptr<node_interfaces::NodeServicesInterface>, const std::string&, CallbackT&&, const rmw_qos_profile_t&, CallbackGroup::SharedPtr) [35m[K[with ServiceT = example_interfaces::srv::SetBool; CallbackT = std::_Bind<void (NumberCounterNode::*(NumberCounterNode*, std::_Placeholder<1>))(std::shared_ptr<example_interfaces::srv::SetBool_Request_<std::allocator<void> > >, std::shared_ptr<example_interfaces::srv::SetBool_Response_<std::allocator<void> > >)>; typename Service<ServiceT>::SharedPtr = std::shared_ptr<Service<example_interfaces::srv::SetBool> >; std::string = std::__cxx11::basic_string<char>; rmw_qos_profile_t = rmw_qos_profile_s; CallbackGroup::SharedPtr = std::shared_ptr<CallbackGroup>][m[K[m[K’
[01m[K/opt/ros/jazzy/include/rclcpp/rclcpp/create_service.hpp:51:45:[m[K   required from ‘[01m[Ktypename rclcpp::Service<ServiceT>::SharedPtr rclcpp::[01;32m[Kcreate_service[m[K(std::shared_ptr<node_interfaces::NodeBaseInterface>, std::shared_ptr<node_interfaces::NodeServicesInterface>, const std::string&, CallbackT&&, const QoS&, CallbackGroup::SharedPtr) [35m[K[with ServiceT = example_interfaces::srv::SetBool; CallbackT = std::_Bind<void (NumberCounterNode::*(NumberCounterNode*, std::_Placeholder<1>))(std::shared_ptr<example_interfaces::srv::SetBool_Request_<std::allocator<void> > >, std::shared_ptr<example_interfaces::srv::SetBool_Response_<std::allocator<void> > >)>; typename Service<ServiceT>::SharedPtr = std::shared_ptr<Service<example_interfaces::srv::SetBool> >; std::string = std::__cxx11::basic_string<char>; CallbackGroup::SharedPtr = std::shared_ptr<CallbackGroup>][m[K[m[K’
[01m[K/opt/ros/jazzy/include/rclcpp/rclcpp/node_impl.hpp:181:53:[m[K   required from ‘[01m[Ktypename rclcpp::Service<ServiceT>::SharedPtr rclcpp::Node::[01;32m[Kcreate_service[m[K(const std::string&, CallbackT&&, const rclcpp::QoS&, rclcpp::CallbackGroup::SharedPtr) [35m[K[with ServiceT = example_interfaces::srv::SetBool; CallbackT = std::_Bind<void (NumberCounterNode::*(NumberCounterNode*, std::_Placeholder<1>))(std::shared_ptr<example_interfaces::srv::SetBool_Request_<std::allocator<void> > >, std::shared_ptr<example_interfaces::srv::SetBool_Response_<std::allocator<void> > >)>; typename rclcpp::Service<ServiceT>::SharedPtr = std::shared_ptr<rclcpp::Service<example_interfaces::srv::SetBool> >; std::string = std::__cxx11::basic_string<char>; rclcpp::CallbackGroup::SharedPtr = std::shared_ptr<rclcpp::CallbackGroup>][m[K[m[K’
[01m[K/home/k/Main/Studying/GitHub-Repositories/ROS2-Jazzy-Course/ros2_ws/src/my_cpp_pkg/src/number_counter.cpp:13:74:[m[K   required from here
[01m[K/opt/ros/jazzy/include/rclcpp/rclcpp/any_service_callback.hpp:78:52:[m[K [01;31m[Kerror: [m[Kno matching function for call to ‘[01m[Kstd::variant<std::monostate, std::function<void(std::shared_ptr<example_interfaces::srv::SetBool_Request_<std::allocator<void> > >, std::shared_ptr<example_interfaces::srv::SetBool_Response_<std::allocator<void> > >)>, std::function<void(std::shared_ptr<rmw_request_id_s>, std::shared_ptr<example_interfaces::srv::SetBool_Request_<std::allocator<void> > >, std::shared_ptr<example_interfaces::srv::SetBool_Response_<std::allocator<void> > >)>, std::function<void(std::shared_ptr<rmw_request_id_s>, std::shared_ptr<example_interfaces::srv::SetBool_Request_<std::allocator<void> > >)>, std::function<void(std::shared_ptr<rclcpp::Service<example_interfaces::srv::SetBool> >, std::shared_ptr<rmw_request_id_s>, std::shared_ptr<example_interfaces::srv::SetBool_Request_<std::allocator<void> > >)> >::emplace<rclcpp::AnyServiceCallback<example_interfaces::srv::SetBool>::SharedPtrCallback>(std::_Bind<void (NumberCounterNode::*(NumberCounterNode*, std::_Placeholder<1>))(std::shared_ptr<example_interfaces::srv::SetBool_Request_<std::allocator<void> > >, std::shared_ptr<example_interfaces::srv::SetBool_Response_<std::allocator<void> > >)>&)[m[K’
   78 |       [01;31m[Kcallback_.template emplace<SharedPtrCallback>(callback)[m[K;
      |       [01;31m[K~~~~~~~~~~~~~~~~~~~~~~~~~~~~~~~~~~~~~~~~~~~~~^~~~~~~~~~[m[K
In file included from [01m[K/opt/ros/jazzy/include/rclcpp/rclcpp/client.hpp:29[m[K,
                 from [01m[K/opt/ros/jazzy/include/rclcpp/rclcpp/callback_group.hpp:24[m[K:
[01m[K/usr/include/c++/13/variant:1519:9:[m[K [01;36m[Knote: [m[Kcandidate: ‘[01m[Ktemplate<class _Tp, class ... _Args> std::enable_if_t<(is_constructible_v<_Tp, _Args ...> && __exactly_once<_Tp>), _Tp&> std::variant<_Types>::[01;32m[Kemplace[m[K(_Args&& ...) [35m[K[with _Args = _Tp; _Types = {std::monostate, std::function<void(std::shared_ptr<example_interfaces::srv::SetBool_Request_<std::allocator<void> > >, std::shared_ptr<example_interfaces::srv::SetBool_Response_<std::allocator<void> > >)>, std::function<void(std::shared_ptr<rmw_request_id_s>, std::shared_ptr<example_interfaces::srv::SetBool_Request_<std::allocator<void> > >, std::shared_ptr<example_interfaces::srv::SetBool_Response_<std::allocator<void> > >)>, std::function<void(std::shared_ptr<rmw_request_id_s>, std::shared_ptr<example_interfaces::srv::SetBool_Request_<std::allocator<void> > >)>, std::function<void(std::shared_ptr<rclcpp::Service<example_interfaces::srv::SetBool> >, std::shared_ptr<rmw_request_id_s>, std::shared_ptr<example_interfaces::srv::SetBool_Request_<std::allocator<void> > >)>}][m[K[m[K’
 1519 |         [01;36m[Kemplace[m[K(_Args&&... __args)
      |         [01;36m[K^~~~~~~[m[K
[01m[K/usr/include/c++/13/variant:1519:9:[m[K [01;36m[Knote: [m[K  template argument deduction/substitution failed:
In file included from [01m[K/usr/include/c++/13/bits/move.h:37[m[K,
                 from [01m[K/usr/include/c++/13/bits/new_allocator.h:36[m[K,
                 from [01m[K/usr/include/x86_64-linux-gnu/c++/13/bits/c++allocator.h:33[m[K,
                 from [01m[K/usr/include/c++/13/bits/allocator.h:46[m[K,
                 from [01m[K/usr/include/c++/13/memory:65[m[K,
                 from [01m[K/opt/ros/jazzy/include/rclcpp/rclcpp/rclcpp.hpp:169[m[K:
/usr/include/c++/13/type_traits: In substitution of ‘[01m[Ktemplate<bool _Cond, class _Tp> using std::enable_if_t = typename std::enable_if::type [35m[K[with bool _Cond = false; _Tp = std::function<void(std::shared_ptr<example_interfaces::srv::SetBool_Request_<std::allocator<void> > >, std::shared_ptr<example_interfaces::srv::SetBool_Response_<std::allocator<void> > >)>&][m[K[m[K’:
[01m[K/usr/include/c++/13/variant:1519:2:[m[K   required by substitution of ‘[01m[Ktemplate<class _Tp, class ... _Args> std::enable_if_t<(is_constructible_v<_Tp, _Args ...> && __exactly_once<_Tp>), _Tp&> std::variant<std::monostate, std::function<void(std::shared_ptr<example_interfaces::srv::SetBool_Request_<std::allocator<void> > >, std::shared_ptr<example_interfaces::srv::SetBool_Response_<std::allocator<void> > >)>, std::function<void(std::shared_ptr<rmw_request_id_s>, std::shared_ptr<example_interfaces::srv::SetBool_Request_<std::allocator<void> > >, std::shared_ptr<example_interfaces::srv::SetBool_Response_<std::allocator<void> > >)>, std::function<void(std::shared_ptr<rmw_request_id_s>, std::shared_ptr<example_interfaces::srv::SetBool_Request_<std::allocator<void> > >)>, std::function<void(std::shared_ptr<rclcpp::Service<example_interfaces::srv::SetBool> >, std::shared_ptr<rmw_request_id_s>, std::shared_ptr<example_interfaces::srv::SetBool_Request_<std::allocator<void> > >)> >::[01;32m[Kemplace[m[K(_Args&& ...) [35m[K[with _Tp = std::function<void(std::shared_ptr<example_interfaces::srv::SetBool_Request_<std::allocator<void> > >, std::shared_ptr<example_interfaces::srv::SetBool_Response_<std::allocator<void> > >)>; _Args = {std::_Bind<void (NumberCounterNode::*(NumberCounterNode*, std::_Placeholder<1>))(std::shared_ptr<example_interfaces::srv::SetBool_Request_<std::allocator<void> > >, std::shared_ptr<example_interfaces::srv::SetBool_Response_<std::allocator<void> > >)>&}][m[K[m[K’
[01m[K/opt/ros/jazzy/include/rclcpp/rclcpp/any_service_callback.hpp:78:52:[m[K   required from ‘[01m[Kvoid rclcpp::AnyServiceCallback<ServiceT>::[01;32m[Kset[m[K(CallbackT&&) [35m[K[with CallbackT = std::_Bind<void (NumberCounterNode::*(NumberCounterNode*, std::_Placeholder<1>))(std::shared_ptr<example_interfaces::srv::SetBool_Request_<std::allocator<void> > >, std::shared_ptr<example_interfaces::srv::SetBool_Response_<std::allocator<void> > >)>; typename std::enable_if<(! rclcpp::detail::can_be_nullptr<CallbackT>::value), int>::type <anonymous> = 0; ServiceT = example_interfaces::srv::SetBool][m[K[m[K’
[01m[K/opt/ros/jazzy/include/rclcpp/rclcpp/create_service.hpp:69:27:[m[K   required from ‘[01m[Ktypename rclcpp::Service<ServiceT>::SharedPtr rclcpp::[01;32m[Kcreate_service[m[K(std::shared_ptr<node_interfaces::NodeBaseInterface>, std::shared_ptr<node_interfaces::NodeServicesInterface>, const std::string&, CallbackT&&, const rmw_qos_profile_t&, CallbackGroup::SharedPtr) [35m[K[with ServiceT = example_interfaces::srv::SetBool; CallbackT = std::_Bind<void (NumberCounterNode::*(NumberCounterNode*, std::_Placeholder<1>))(std::shared_ptr<example_interfaces::srv::SetBool_Request_<std::allocator<void> > >, std::shared_ptr<example_interfaces::srv::SetBool_Response_<std::allocator<void> > >)>; typename Service<ServiceT>::SharedPtr = std::shared_ptr<Service<example_interfaces::srv::SetBool> >; std::string = std::__cxx11::basic_string<char>; rmw_qos_profile_t = rmw_qos_profile_s; CallbackGroup::SharedPtr = std::shared_ptr<CallbackGroup>][m[K[m[K’
[01m[K/opt/ros/jazzy/include/rclcpp/rclcpp/create_service.hpp:51:45:[m[K   required from ‘[01m[Ktypename rclcpp::Service<ServiceT>::SharedPtr rclcpp::[01;32m[Kcreate_service[m[K(std::shared_ptr<node_interfaces::NodeBaseInterface>, std::shared_ptr<node_interfaces::NodeServicesInterface>, const std::string&, CallbackT&&, const QoS&, CallbackGroup::SharedPtr) [35m[K[with ServiceT = example_interfaces::srv::SetBool; CallbackT = std::_Bind<void (NumberCounterNode::*(NumberCounterNode*, std::_Placeholder<1>))(std::shared_ptr<example_interfaces::srv::SetBool_Request_<std::allocator<void> > >, std::shared_ptr<example_interfaces::srv::SetBool_Response_<std::allocator<void> > >)>; typename Service<ServiceT>::SharedPtr = std::shared_ptr<Service<example_interfaces::srv::SetBool> >; std::string = std::__cxx11::basic_string<char>; CallbackGroup::SharedPtr = std::shared_ptr<CallbackGroup>][m[K[m[K’
[01m[K/opt/ros/jazzy/include/rclcpp/rclcpp/node_impl.hpp:181:53:[m[K   required from ‘[01m[Ktypename rclcpp::Service<ServiceT>::SharedPtr rclcpp::Node::[01;32m[Kcreate_service[m[K(const std::string&, CallbackT&&, const rclcpp::QoS&, rclcpp::CallbackGroup::SharedPtr) [35m[K[with ServiceT = example_interfaces::srv::SetBool; CallbackT = std::_Bind<void (NumberCounterNode::*(NumberCounterNode*, std::_Placeholder<1>))(std::shared_ptr<example_interfaces::srv::SetBool_Request_<std::allocator<void> > >, std::shared_ptr<example_interfaces::srv::SetBool_Response_<std::allocator<void> > >)>; typename rclcpp::Service<ServiceT>::SharedPtr = std::shared_ptr<rclcpp::Service<example_interfaces::srv::SetBool> >; std::string = std::__cxx11::basic_string<char>; rclcpp::CallbackGroup::SharedPtr = std::shared_ptr<rclcpp::CallbackGroup>][m[K[m[K’
[01m[K/home/k/Main/Studying/GitHub-Repositories/ROS2-Jazzy-Course/ros2_ws/src/my_cpp_pkg/src/number_counter.cpp:13:74:[m[K   required from here
[01m[K/usr/include/c++/13/type_traits:2610:11:[m[K [01;31m[Kerror: [m[Kno type named ‘[01m[Ktype[m[K’ in ‘[01m[Kstruct std::enable_if<false, std::function<void(std::shared_ptr<example_interfaces::srv::SetBool_Request_<std::allocator<void> > >, std::shared_ptr<example_interfaces::srv::SetBool_Response_<std::allocator<void> > >)>&>[m[K’
 2610 |     using [01;31m[Kenable_if_t[m[K = typename enable_if<_Cond, _Tp>::type;
      |           [01;31m[K^~~~~~~~~~~[m[K
/opt/ros/jazzy/include/rclcpp/rclcpp/any_service_callback.hpp: In instantiation of ‘[01m[Kvoid rclcpp::AnyServiceCallback<ServiceT>::[01;32m[Kset[m[K(CallbackT&&) [35m[K[with CallbackT = std::_Bind<void (NumberCounterNode::*(NumberCounterNode*, std::_Placeholder<1>))(std::shared_ptr<example_interfaces::srv::SetBool_Request_<std::allocator<void> > >, std::shared_ptr<example_interfaces::srv::SetBool_Response_<std::allocator<void> > >)>; typename std::enable_if<(! rclcpp::detail::can_be_nullptr<CallbackT>::value), int>::type <anonymous> = 0; ServiceT = example_interfaces::srv::SetBool][m[K[m[K’:
[01m[K/opt/ros/jazzy/include/rclcpp/rclcpp/create_service.hpp:69:27:[m[K   required from ‘[01m[Ktypename rclcpp::Service<ServiceT>::SharedPtr rclcpp::[01;32m[Kcreate_service[m[K(std::shared_ptr<node_interfaces::NodeBaseInterface>, std::shared_ptr<node_interfaces::NodeServicesInterface>, const std::string&, CallbackT&&, const rmw_qos_profile_t&, CallbackGroup::SharedPtr) [35m[K[with ServiceT = example_interfaces::srv::SetBool; CallbackT = std::_Bind<void (NumberCounterNode::*(NumberCounterNode*, std::_Placeholder<1>))(std::shared_ptr<example_interfaces::srv::SetBool_Request_<std::allocator<void> > >, std::shared_ptr<example_interfaces::srv::SetBool_Response_<std::allocator<void> > >)>; typename Service<ServiceT>::SharedPtr = std::shared_ptr<Service<example_interfaces::srv::SetBool> >; std::string = std::__cxx11::basic_string<char>; rmw_qos_profile_t = rmw_qos_profile_s; CallbackGroup::SharedPtr = std::shared_ptr<CallbackGroup>][m[K[m[K’
[01m[K/opt/ros/jazzy/include/rclcpp/rclcpp/create_service.hpp:51:45:[m[K   required from ‘[01m[Ktypename rclcpp::Service<ServiceT>::SharedPtr rclcpp::[01;32m[Kcreate_service[m[K(std::shared_ptr<node_interfaces::NodeBaseInterface>, std::shared_ptr<node_interfaces::NodeServicesInterface>, const std::string&, CallbackT&&, const QoS&, CallbackGroup::SharedPtr) [35m[K[with ServiceT = example_interfaces::srv::SetBool; CallbackT = std::_Bind<void (NumberCounterNode::*(NumberCounterNode*, std::_Placeholder<1>))(std::shared_ptr<example_interfaces::srv::SetBool_Request_<std::allocator<void> > >, std::shared_ptr<example_interfaces::srv::SetBool_Response_<std::allocator<void> > >)>; typename Service<ServiceT>::SharedPtr = std::shared_ptr<Service<example_interfaces::srv::SetBool> >; std::string = std::__cxx11::basic_string<char>; CallbackGroup::SharedPtr = std::shared_ptr<CallbackGroup>][m[K[m[K’
[01m[K/opt/ros/jazzy/include/rclcpp/rclcpp/node_impl.hpp:181:53:[m[K   required from ‘[01m[Ktypename rclcpp::Service<ServiceT>::SharedPtr rclcpp::Node::[01;32m[Kcreate_service[m[K(const std::string&, CallbackT&&, const rclcpp::QoS&, rclcpp::CallbackGroup::SharedPtr) [35m[K[with ServiceT = example_interfaces::srv::SetBool; CallbackT = std::_Bind<void (NumberCounterNode::*(NumberCounterNode*, std::_Placeholder<1>))(std::shared_ptr<example_interfaces::srv::SetBool_Request_<std::allocator<void> > >, std::shared_ptr<example_interfaces::srv::SetBool_Response_<std::allocator<void> > >)>; typename rclcpp::Service<ServiceT>::SharedPtr = std::shared_ptr<rclcpp::Service<example_interfaces::srv::SetBool> >; std::string = std::__cxx11::basic_string<char>; rclcpp::CallbackGroup::SharedPtr = std::shared_ptr<rclcpp::CallbackGroup>][m[K[m[K’
[01m[K/home/k/Main/Studying/GitHub-Repositories/ROS2-Jazzy-Course/ros2_ws/src/my_cpp_pkg/src/number_counter.cpp:13:74:[m[K   required from here
[01m[K/usr/include/c++/13/variant:1530:9:[m[K [01;36m[Knote: [m[Kcandidate: ‘[01m[Ktemplate<class _Tp, class _Up, class ... _Args> std::enable_if_t<(is_constructible_v<_Tp, std::initializer_list<_Up>&, _Args ...> && __exactly_once<_Tp>), _Tp&> std::variant<_Types>::[01;32m[Kemplace[m[K(std::initializer_list<_Up>, _Args&& ...) [35m[K[with _Up = _Tp; _Args = _Up; _Types = {std::monostate, std::function<void(std::shared_ptr<example_interfaces::srv::SetBool_Request_<std::allocator<void> > >, std::shared_ptr<example_interfaces::srv::SetBool_Response_<std::allocator<void> > >)>, std::function<void(std::shared_ptr<rmw_request_id_s>, std::shared_ptr<example_interfaces::srv::SetBool_Request_<std::allocator<void> > >, std::shared_ptr<example_interfaces::srv::SetBool_Response_<std::allocator<void> > >)>, std::function<void(std::shared_ptr<rmw_request_id_s>, std::shared_ptr<example_interfaces::srv::SetBool_Request_<std::allocator<void> > >)>, std::function<void(std::shared_ptr<rclcpp::Service<example_interfaces::srv::SetBool> >, std::shared_ptr<rmw_request_id_s>, std::shared_ptr<example_interfaces::srv::SetBool_Request_<std::allocator<void> > >)>}][m[K[m[K’
 1530 |         [01;36m[Kemplace[m[K(initializer_list<_Up> __il, _Args&&... __args)
      |         [01;36m[K^~~~~~~[m[K
[01m[K/usr/include/c++/13/variant:1530:9:[m[K [01;36m[Knote: [m[K  template argument deduction/substitution failed:
[01m[K/opt/ros/jazzy/include/rclcpp/rclcpp/any_service_callback.hpp:78:52:[m[K [01;36m[Knote: [m[K  ‘[01m[Kstd::_Bind<void (NumberCounterNode::*(NumberCounterNode*, std::_Placeholder<1>))(std::shared_ptr<example_interfaces::srv::SetBool_Request_<std::allocator<void> > >, std::shared_ptr<example_interfaces::srv::SetBool_Response_<std::allocator<void> > >)>[m[K’ is not derived from ‘[01m[Kstd::initializer_list<_Value>[m[K’
   78 |       [01;36m[Kcallback_.template emplace<SharedPtrCallback>(callback)[m[K;
      |       [01;36m[K~~~~~~~~~~~~~~~~~~~~~~~~~~~~~~~~~~~~~~~~~~~~~^~~~~~~~~~[m[K
[01m[K/usr/include/c++/13/variant:1540:9:[m[K [01;36m[Knote: [m[Kcandidate: ‘[01m[Ktemplate<long unsigned int _Np, class ... _Args> std::enable_if_t<is_constructible_v<std::variant<_Types>::__to_type<_Np, typename std::enable_if<(_Np < sizeof... (_Types)), void>::type>, _Args ...>, std::variant<_Types>::__to_type<_Np>&> std::variant<_Types>::[01;32m[Kemplace[m[K(_Args&& ...) [35m[K[with long unsigned int _Np = _Np; _Args = {_Args ...}; _Types = {std::monostate, std::function<void(std::shared_ptr<example_interfaces::srv::SetBool_Request_<std::allocator<void> > >, std::shared_ptr<example_interfaces::srv::SetBool_Response_<std::allocator<void> > >)>, std::function<void(std::shared_ptr<rmw_request_id_s>, std::shared_ptr<example_interfaces::srv::SetBool_Request_<std::allocator<void> > >, std::shared_ptr<example_interfaces::srv::SetBool_Response_<std::allocator<void> > >)>, std::function<void(std::shared_ptr<rmw_request_id_s>, std::shared_ptr<example_interfaces::srv::SetBool_Request_<std::allocator<void> > >)>, std::function<void(std::shared_ptr<rclcpp::Service<example_interfaces::srv::SetBool> >, std::shared_ptr<rmw_request_id_s>, std::shared_ptr<example_interfaces::srv::SetBool_Request_<std::allocator<void> > >)>}][m[K[m[K’
 1540 |         [01;36m[Kemplace[m[K(_Args&&... __args)
      |         [01;36m[K^~~~~~~[m[K
[01m[K/usr/include/c++/13/variant:1540:9:[m[K [01;36m[Knote: [m[K  template argument deduction/substitution failed:
[01m[K/opt/ros/jazzy/include/rclcpp/rclcpp/any_service_callback.hpp:78:52:[m[K [01;31m[Kerror: [m[Ktype/value mismatch at argument 1 in template parameter list for ‘[01m[Ktemplate<long unsigned int _Np, class ... _Args> std::enable_if_t<is_constructible_v<std::variant<_Types>::__to_type<_Np, typename std::enable_if<(_Np < sizeof... (_Types)), void>::type>, _Args ...>, std::variant<_Types>::__to_type<_Np>&> std::variant<_Types>::[01;32m[Kemplace[m[K(_Args&& ...) [35m[K[with long unsigned int _Np = _Np; _Args = {_Args ...}; _Types = {std::monostate, std::function<void(std::shared_ptr<example_interfaces::srv::SetBool_Request_<std::allocator<void> > >, std::shared_ptr<example_interfaces::srv::SetBool_Response_<std::allocator<void> > >)>, std::function<void(std::shared_ptr<rmw_request_id_s>, std::shared_ptr<example_interfaces::srv::SetBool_Request_<std::allocator<void> > >, std::shared_ptr<example_interfaces::srv::SetBool_Response_<std::allocator<void> > >)>, std::function<void(std::shared_ptr<rmw_request_id_s>, std::shared_ptr<example_interfaces::srv::SetBool_Request_<std::allocator<void> > >)>, std::function<void(std::shared_ptr<rclcpp::Service<example_interfaces::srv::SetBool> >, std::shared_ptr<rmw_request_id_s>, std::shared_ptr<example_interfaces::srv::SetBool_Request_<std::allocator<void> > >)>}][m[K[m[K’
   78 |       [01;31m[Kcallback_.template emplace<SharedPtrCallback>(callback)[m[K;
      |       [01;31m[K~~~~~~~~~~~~~~~~~~~~~~~~~~~~~~~~~~~~~~~~~~~~~^~~~~~~~~~[m[K
[01m[K/opt/ros/jazzy/include/rclcpp/rclcpp/any_service_callback.hpp:78:52:[m[K [01;36m[Knote: [m[K  expected a constant of type ‘[01m[Klong unsigned int[m[K’, got ‘[01m[Krclcpp::AnyServiceCallback<example_interfaces::srv::SetBool>::SharedPtrCallback[m[K’ {aka ‘[01m[Kstd::function<void(std::shared_ptr<example_interfaces::srv::SetBool_Request_<std::allocator<void> > >, std::shared_ptr<example_interfaces::srv::SetBool_Response_<std::allocator<void> > >)>[m[K’}
[01m[K/usr/include/c++/13/variant:1580:9:[m[K [01;36m[Knote: [m[Kcandidate: ‘[01m[Ktemplate<long unsigned int _Np, class _Up, class ... _Args> std::enable_if_t<is_constructible_v<std::variant<_Types>::__to_type<_Np, typename std::enable_if<(_Np < sizeof... (_Types)), void>::type>, std::initializer_list<_Up>&, _Args ...>, std::variant<_Types>::__to_type<_Np>&> std::variant<_Types>::[01;32m[Kemplace[m[K(std::initializer_list<_Up>, _Args&& ...) [35m[K[with long unsigned int _Np = _Np; _Args = _Up; _Types = {std::monostate, std::function<void(std::shared_ptr<example_interfaces::srv::SetBool_Request_<std::allocator<void> > >, std::shared_ptr<example_interfaces::srv::SetBool_Response_<std::allocator<void> > >)>, std::function<void(std::shared_ptr<rmw_request_id_s>, std::shared_ptr<example_interfaces::srv::SetBool_Request_<std::allocator<void> > >, std::shared_ptr<example_interfaces::srv::SetBool_Response_<std::allocator<void> > >)>, std::function<void(std::shared_ptr<rmw_request_id_s>, std::shared_ptr<example_interfaces::srv::SetBool_Request_<std::allocator<void> > >)>, std::function<void(std::shared_ptr<rclcpp::Service<example_interfaces::srv::SetBool> >, std::shared_ptr<rmw_request_id_s>, std::shared_ptr<example_interfaces::srv::SetBool_Request_<std::allocator<void> > >)>}][m[K[m[K’
 1580 |         [01;36m[Kemplace[m[K(initializer_list<_Up> __il, _Args&&... __args)
      |         [01;36m[K^~~~~~~[m[K
[01m[K/usr/include/c++/13/variant:1580:9:[m[K [01;36m[Knote: [m[K  template argument deduction/substitution failed:
[01m[K/opt/ros/jazzy/include/rclcpp/rclcpp/any_service_callback.hpp:78:52:[m[K [01;31m[Kerror: [m[Ktype/value mismatch at argument 1 in template parameter list for ‘[01m[Ktemplate<long unsigned int _Np, class _Up, class ... _Args> std::enable_if_t<is_constructible_v<std::variant<_Types>::__to_type<_Np, typename std::enable_if<(_Np < sizeof... (_Types)), void>::type>, std::initializer_list<_Up>&, _Args ...>, std::variant<_Types>::__to_type<_Np>&> std::variant<_Types>::[01;32m[Kemplace[m[K(std::initializer_list<_Up>, _Args&& ...) [35m[K[with long unsigned int _Np = _Np; _Args = _Up; _Types = {std::monostate, std::function<void(std::shared_ptr<example_interfaces::srv::SetBool_Request_<std::allocator<void> > >, std::shared_ptr<example_interfaces::srv::SetBool_Response_<std::allocator<void> > >)>, std::function<void(std::shared_ptr<rmw_request_id_s>, std::shared_ptr<example_interfaces::srv::SetBool_Request_<std::allocator<void> > >, std::shared_ptr<example_interfaces::srv::SetBool_Response_<std::allocator<void> > >)>, std::function<void(std::shared_ptr<rmw_request_id_s>, std::shared_ptr<example_interfaces::srv::SetBool_Request_<std::allocator<void> > >)>, std::function<void(std::shared_ptr<rclcpp::Service<example_interfaces::srv::SetBool> >, std::shared_ptr<rmw_request_id_s>, std::shared_ptr<example_interfaces::srv::SetBool_Request_<std::allocator<void> > >)>}][m[K[m[K’
   78 |       [01;31m[Kcallback_.template emplace<SharedPtrCallback>(callback)[m[K;
      |       [01;31m[K~~~~~~~~~~~~~~~~~~~~~~~~~~~~~~~~~~~~~~~~~~~~~^~~~~~~~~~[m[K
[01m[K/opt/ros/jazzy/include/rclcpp/rclcpp/any_service_callback.hpp:78:52:[m[K [01;36m[Knote: [m[K  expected a constant of type ‘[01m[Klong unsigned int[m[K’, got ‘[01m[Krclcpp::AnyServiceCallback<example_interfaces::srv::SetBool>::SharedPtrCallback[m[K’ {aka ‘[01m[Kstd::function<void(std::shared_ptr<example_interfaces::srv::SetBool_Request_<std::allocator<void> > >, std::shared_ptr<example_interfaces::srv::SetBool_Response_<std::allocator<void> > >)>[m[K’}
[01m[K/usr/include/c++/13/variant:1613:49:[m[K [01;36m[Knote: [m[Kcandidate: ‘[01m[Ktemplate<long unsigned int _Np, class ... _Args> std::enable_if_t<(!(_Np < sizeof... (_Types)))> std::variant<_Types>::[01;32m[Kemplace[m[K(_Args&& ...) [35m[K[with long unsigned int _Np = _Np; _Args = {_Args ...}; _Types = {std::monostate, std::function<void(std::shared_ptr<example_interfaces::srv::SetBool_Request_<std::allocator<void> > >, std::shared_ptr<example_interfaces::srv::SetBool_Response_<std::allocator<void> > >)>, std::function<void(std::shared_ptr<rmw_request_id_s>, std::shared_ptr<example_interfaces::srv::SetBool_Request_<std::allocator<void> > >, std::shared_ptr<example_interfaces::srv::SetBool_Response_<std::allocator<void> > >)>, std::function<void(std::shared_ptr<rmw_request_id_s>, std::shared_ptr<example_interfaces::srv::SetBool_Request_<std::allocator<void> > >)>, std::function<void(std::shared_ptr<rclcpp::Service<example_interfaces::srv::SetBool> >, std::shared_ptr<rmw_request_id_s>, std::shared_ptr<example_interfaces::srv::SetBool_Request_<std::allocator<void> > >)>}][m[K[m[K’ (deleted)
 1613 |         enable_if_t<!(_Np < sizeof...(_Types))> [01;36m[Kemplace[m[K(_Args&&...) = delete;
      |                                                 [01;36m[K^~~~~~~[m[K
[01m[K/usr/include/c++/13/variant:1613:49:[m[K [01;36m[Knote: [m[K  template argument deduction/substitution failed:
[01m[K/opt/ros/jazzy/include/rclcpp/rclcpp/any_service_callback.hpp:78:52:[m[K [01;31m[Kerror: [m[Ktype/value mismatch at argument 1 in template parameter list for ‘[01m[Ktemplate<long unsigned int _Np, class ... _Args> std::enable_if_t<(!(_Np < sizeof... (_Types)))> std::variant<_Types>::[01;32m[Kemplace[m[K(_Args&& ...) [35m[K[with long unsigned int _Np = _Np; _Args = {_Args ...}; _Types = {std::monostate, std::function<void(std::shared_ptr<example_interfaces::srv::SetBool_Request_<std::allocator<void> > >, std::shared_ptr<example_interfaces::srv::SetBool_Response_<std::allocator<void> > >)>, std::function<void(std::shared_ptr<rmw_request_id_s>, std::shared_ptr<example_interfaces::srv::SetBool_Request_<std::allocator<void> > >, std::shared_ptr<example_interfaces::srv::SetBool_Response_<std::allocator<void> > >)>, std::function<void(std::shared_ptr<rmw_request_id_s>, std::shared_ptr<example_interfaces::srv::SetBool_Request_<std::allocator<void> > >)>, std::function<void(std::shared_ptr<rclcpp::Service<example_interfaces::srv::SetBool> >, std::shared_ptr<rmw_request_id_s>, std::shared_ptr<example_interfaces::srv::SetBool_Request_<std::allocator<void> > >)>}][m[K[m[K’
   78 |       [01;31m[Kcallback_.template emplace<SharedPtrCallback>(callback)[m[K;
      |       [01;31m[K~~~~~~~~~~~~~~~~~~~~~~~~~~~~~~~~~~~~~~~~~~~~~^~~~~~~~~~[m[K
[01m[K/opt/ros/jazzy/include/rclcpp/rclcpp/any_service_callback.hpp:78:52:[m[K [01;36m[Knote: [m[K  expected a constant of type ‘[01m[Klong unsigned int[m[K’, got ‘[01m[Krclcpp::AnyServiceCallback<example_interfaces::srv::SetBool>::SharedPtrCallback[m[K’ {aka ‘[01m[Kstd::function<void(std::shared_ptr<example_interfaces::srv::SetBool_Request_<std::allocator<void> > >, std::shared_ptr<example_interfaces::srv::SetBool_Response_<std::allocator<void> > >)>[m[K’}
[01m[K/usr/include/c++/13/variant:1616:43:[m[K [01;36m[Knote: [m[Kcandidate: ‘[01m[Ktemplate<class _Tp, class ... _Args> std::enable_if_t<(! __exactly_once<_Tp>)> std::variant<_Types>::[01;32m[Kemplace[m[K(_Args&& ...) [35m[K[with _Args = _Tp; _Types = {std::monostate, std::function<void(std::shared_ptr<example_interfaces::srv::SetBool_Request_<std::allocator<void> > >, std::shared_ptr<example_interfaces::srv::SetBool_Response_<std::allocator<void> > >)>, std::function<void(std::shared_ptr<rmw_request_id_s>, std::shared_ptr<example_interfaces::srv::SetBool_Request_<std::allocator<void> > >, std::shared_ptr<example_interfaces::srv::SetBool_Response_<std::allocator<void> > >)>, std::function<void(std::shared_ptr<rmw_request_id_s>, std::shared_ptr<example_interfaces::srv::SetBool_Request_<std::allocator<void> > >)>, std::function<void(std::shared_ptr<rclcpp::Service<example_interfaces::srv::SetBool> >, std::shared_ptr<rmw_request_id_s>, std::shared_ptr<example_interfaces::srv::SetBool_Request_<std::allocator<void> > >)>}][m[K[m[K’ (deleted)
 1616 |         enable_if_t<!__exactly_once<_Tp>> [01;36m[Kemplace[m[K(_Args&&...) = delete;
      |                                           [01;36m[K^~~~~~~[m[K
[01m[K/usr/include/c++/13/variant:1616:43:[m[K [01;36m[Knote: [m[K  template argument deduction/substitution failed:
/usr/include/c++/13/type_traits: In substitution of ‘[01m[Ktemplate<bool _Cond, class _Tp> using std::enable_if_t = typename std::enable_if::type [35m[K[with bool _Cond = false; _Tp = void][m[K[m[K’:
[01m[K/usr/include/c++/13/variant:1616:36:[m[K   required by substitution of ‘[01m[Ktemplate<class _Tp, class ... _Args> std::enable_if_t<(! __exactly_once<_Tp>), void> std::variant<std::monostate, std::function<void(std::shared_ptr<example_interfaces::srv::SetBool_Request_<std::allocator<void> > >, std::shared_ptr<example_interfaces::srv::SetBool_Response_<std::allocator<void> > >)>, std::function<void(std::shared_ptr<rmw_request_id_s>, std::shared_ptr<example_interfaces::srv::SetBool_Request_<std::allocator<void> > >, std::shared_ptr<example_interfaces::srv::SetBool_Response_<std::allocator<void> > >)>, std::function<void(std::shared_ptr<rmw_request_id_s>, std::shared_ptr<example_interfaces::srv::SetBool_Request_<std::allocator<void> > >)>, std::function<void(std::shared_ptr<rclcpp::Service<example_interfaces::srv::SetBool> >, std::shared_ptr<rmw_request_id_s>, std::shared_ptr<example_interfaces::srv::SetBool_Request_<std::allocator<void> > >)> >::[01;32m[Kemplace[m[K(_Args&& ...) [35m[K[with _Tp = std::function<void(std::shared_ptr<example_interfaces::srv::SetBool_Request_<std::allocator<void> > >, std::shared_ptr<example_interfaces::srv::SetBool_Response_<std::allocator<void> > >)>; _Args = <missing>][m[K[m[K’
[01m[K/opt/ros/jazzy/include/rclcpp/rclcpp/any_service_callback.hpp:78:52:[m[K   required from ‘[01m[Kvoid rclcpp::AnyServiceCallback<ServiceT>::[01;32m[Kset[m[K(CallbackT&&) [35m[K[with CallbackT = std::_Bind<void (NumberCounterNode::*(NumberCounterNode*, std::_Placeholder<1>))(std::shared_ptr<example_interfaces::srv::SetBool_Request_<std::allocator<void> > >, std::shared_ptr<example_interfaces::srv::SetBool_Response_<std::allocator<void> > >)>; typename std::enable_if<(! rclcpp::detail::can_be_nullptr<CallbackT>::value), int>::type <anonymous> = 0; ServiceT = example_interfaces::srv::SetBool][m[K[m[K’
[01m[K/opt/ros/jazzy/include/rclcpp/rclcpp/create_service.hpp:69:27:[m[K   required from ‘[01m[Ktypename rclcpp::Service<ServiceT>::SharedPtr rclcpp::[01;32m[Kcreate_service[m[K(std::shared_ptr<node_interfaces::NodeBaseInterface>, std::shared_ptr<node_interfaces::NodeServicesInterface>, const std::string&, CallbackT&&, const rmw_qos_profile_t&, CallbackGroup::SharedPtr) [35m[K[with ServiceT = example_interfaces::srv::SetBool; CallbackT = std::_Bind<void (NumberCounterNode::*(NumberCounterNode*, std::_Placeholder<1>))(std::shared_ptr<example_interfaces::srv::SetBool_Request_<std::allocator<void> > >, std::shared_ptr<example_interfaces::srv::SetBool_Response_<std::allocator<void> > >)>; typename Service<ServiceT>::SharedPtr = std::shared_ptr<Service<example_interfaces::srv::SetBool> >; std::string = std::__cxx11::basic_string<char>; rmw_qos_profile_t = rmw_qos_profile_s; CallbackGroup::SharedPtr = std::shared_ptr<CallbackGroup>][m[K[m[K’
[01m[K/opt/ros/jazzy/include/rclcpp/rclcpp/create_service.hpp:51:45:[m[K   required from ‘[01m[Ktypename rclcpp::Service<ServiceT>::SharedPtr rclcpp::[01;32m[Kcreate_service[m[K(std::shared_ptr<node_interfaces::NodeBaseInterface>, std::shared_ptr<node_interfaces::NodeServicesInterface>, const std::string&, CallbackT&&, const QoS&, CallbackGroup::SharedPtr) [35m[K[with ServiceT = example_interfaces::srv::SetBool; CallbackT = std::_Bind<void (NumberCounterNode::*(NumberCounterNode*, std::_Placeholder<1>))(std::shared_ptr<example_interfaces::srv::SetBool_Request_<std::allocator<void> > >, std::shared_ptr<example_interfaces::srv::SetBool_Response_<std::allocator<void> > >)>; typename Service<ServiceT>::SharedPtr = std::shared_ptr<Service<example_interfaces::srv::SetBool> >; std::string = std::__cxx11::basic_string<char>; CallbackGroup::SharedPtr = std::shared_ptr<CallbackGroup>][m[K[m[K’
[01m[K/opt/ros/jazzy/include/rclcpp/rclcpp/node_impl.hpp:181:53:[m[K   required from ‘[01m[Ktypename rclcpp::Service<ServiceT>::SharedPtr rclcpp::Node::[01;32m[Kcreate_service[m[K(const std::string&, CallbackT&&, const rclcpp::QoS&, rclcpp::CallbackGroup::SharedPtr) [35m[K[with ServiceT = example_interfaces::srv::SetBool; CallbackT = std::_Bind<void (NumberCounterNode::*(NumberCounterNode*, std::_Placeholder<1>))(std::shared_ptr<example_interfaces::srv::SetBool_Request_<std::allocator<void> > >, std::shared_ptr<example_interfaces::srv::SetBool_Response_<std::allocator<void> > >)>; typename rclcpp::Service<ServiceT>::SharedPtr = std::shared_ptr<rclcpp::Service<example_interfaces::srv::SetBool> >; std::string = std::__cxx11::basic_string<char>; rclcpp::CallbackGroup::SharedPtr = std::shared_ptr<rclcpp::CallbackGroup>][m[K[m[K’
[01m[K/home/k/Main/Studying/GitHub-Repositories/ROS2-Jazzy-Course/ros2_ws/src/my_cpp_pkg/src/number_counter.cpp:13:74:[m[K   required from here
[01m[K/usr/include/c++/13/type_traits:2610:11:[m[K [01;31m[Kerror: [m[Kno type named ‘[01m[Ktype[m[K’ in ‘[01m[Kstruct std::enable_if<false, void>[m[K’
 2610 |     using [01;31m[Kenable_if_t[m[K = typename enable_if<_Cond, _Tp>::type;
      |           [01;31m[K^~~~~~~~~~~[m[K
gmake[2]: *** [CMakeFiles/reset_counter.dir/build.make:76: CMakeFiles/reset_counter.dir/src/reset_counter.cpp.o] Error 1
gmake[1]: *** [CMakeFiles/Makefile2:361: CMakeFiles/reset_counter.dir/all] Error 2
gmake[1]: *** Waiting for unfinished jobs....
gmake[2]: *** [CMakeFiles/number_counter.dir/build.make:76: CMakeFiles/number_counter.dir/src/number_counter.cpp.o] Error 1
gmake[1]: *** [CMakeFiles/Makefile2:257: CMakeFiles/number_counter.dir/all] Error 2
gmake: *** [Makefile:146: all] Error 2
