[0.054s] Invoking command in '/home/k/Main/Studying/GitHub-Repositories/ROS2-Jazzy-Course/ros2_ws/build/my_cpp_pkg': CMAKE_PREFIX_PATH=${CMAKE_PREFIX_PATH}:/home/k/Main/Studying/GitHub-Repositories/ROS2-Jazzy-Course/ros2_ws/install/my_py_pkg:/opt/ros/jazzy DEBUGINFOD_URLS=https://debuginfod.ubuntu.com /usr/bin/cmake --build /home/k/Main/Studying/GitHub-Repositories/ROS2-Jazzy-Course/ros2_ws/build/my_cpp_pkg -- -j4 -l4
[0.298s] [ 11%] Built target cpp_node
[0.317s] [ 22%] Built target robot_news_station
[0.410s] [ 33%] Built target number_publisher
[0.423s] [ 44%] Built target number_counter
[0.527s] [ 55%] Built target add_two_ints_server
[0.527s] [ 66%] Built target add_two_ints_client_no_oop
[0.642s] [ 77%] Built target smartphone
[0.643s] [ 88%] Built target add_two_ints_client
[0.769s] [ 94%] [32mBuilding CXX object CMakeFiles/reset_counter.dir/src/reset_counter.cpp.o[0m
[11.260s] [100%] [32m[1mLinking CXX executable reset_counter[0m
[11.745s] [100%] Built target reset_counter
[11.781s] Invoked command in '/home/k/Main/Studying/GitHub-Repositories/ROS2-Jazzy-Course/ros2_ws/build/my_cpp_pkg' returned '0': CMAKE_PREFIX_PATH=${CMAKE_PREFIX_PATH}:/home/k/Main/Studying/GitHub-Repositories/ROS2-Jazzy-Course/ros2_ws/install/my_py_pkg:/opt/ros/jazzy DEBUGINFOD_URLS=https://debuginfod.ubuntu.com /usr/bin/cmake --build /home/k/Main/Studying/GitHub-Repositories/ROS2-Jazzy-Course/ros2_ws/build/my_cpp_pkg -- -j4 -l4
[11.804s] Invoking command in '/home/k/Main/Studying/GitHub-Repositories/ROS2-Jazzy-Course/ros2_ws/build/my_cpp_pkg': CMAKE_PREFIX_PATH=${CMAKE_PREFIX_PATH}:/home/k/Main/Studying/GitHub-Repositories/ROS2-Jazzy-Course/ros2_ws/install/my_py_pkg:/opt/ros/jazzy DEBUGINFOD_URLS=https://debuginfod.ubuntu.com /usr/bin/cmake --install /home/k/Main/Studying/GitHub-Repositories/ROS2-Jazzy-Course/ros2_ws/build/my_cpp_pkg
[11.823s] -- Install configuration: ""
[11.824s] -- Up-to-date: /home/k/Main/Studying/GitHub-Repositories/ROS2-Jazzy-Course/ros2_ws/install/my_cpp_pkg/lib/my_cpp_pkg/cpp_node
[11.825s] -- Up-to-date: /home/k/Main/Studying/GitHub-Repositories/ROS2-Jazzy-Course/ros2_ws/install/my_cpp_pkg/lib/my_cpp_pkg/robot_news_station
[11.826s] -- Up-to-date: /home/k/Main/Studying/GitHub-Repositories/ROS2-Jazzy-Course/ros2_ws/install/my_cpp_pkg/lib/my_cpp_pkg/smartphone
[11.827s] -- Up-to-date: /home/k/Main/Studying/GitHub-Repositories/ROS2-Jazzy-Course/ros2_ws/install/my_cpp_pkg/lib/my_cpp_pkg/number_publisher
[11.828s] -- Up-to-date: /home/k/Main/Studying/GitHub-Repositories/ROS2-Jazzy-Course/ros2_ws/install/my_cpp_pkg/lib/my_cpp_pkg/number_counter
[11.829s] -- Up-to-date: /home/k/Main/Studying/GitHub-Repositories/ROS2-Jazzy-Course/ros2_ws/install/my_cpp_pkg/lib/my_cpp_pkg/add_two_ints_server
[11.830s] -- Up-to-date: /home/k/Main/Studying/GitHub-Repositories/ROS2-Jazzy-Course/ros2_ws/install/my_cpp_pkg/lib/my_cpp_pkg/add_two_ints_client_no_oop
[11.831s] -- Up-to-date: /home/k/Main/Studying/GitHub-Repositories/ROS2-Jazzy-Course/ros2_ws/install/my_cpp_pkg/lib/my_cpp_pkg/add_two_ints_client
[11.831s] -- Installing: /home/k/Main/Studying/GitHub-Repositories/ROS2-Jazzy-Course/ros2_ws/install/my_cpp_pkg/lib/my_cpp_pkg/reset_counter
[11.834s] -- Set non-toolchain portion of runtime path of "/home/k/Main/Studying/GitHub-Repositories/ROS2-Jazzy-Course/ros2_ws/install/my_cpp_pkg/lib/my_cpp_pkg/reset_counter" to ""
[11.834s] -- Up-to-date: /home/k/Main/Studying/GitHub-Repositories/ROS2-Jazzy-Course/ros2_ws/install/my_cpp_pkg/share/ament_index/resource_index/package_run_dependencies/my_cpp_pkg
[11.835s] -- Up-to-date: /home/k/Main/Studying/GitHub-Repositories/ROS2-Jazzy-Course/ros2_ws/install/my_cpp_pkg/share/ament_index/resource_index/parent_prefix_path/my_cpp_pkg
[11.835s] -- Up-to-date: /home/k/Main/Studying/GitHub-Repositories/ROS2-Jazzy-Course/ros2_ws/install/my_cpp_pkg/share/my_cpp_pkg/environment/ament_prefix_path.sh
[11.835s] -- Up-to-date: /home/k/Main/Studying/GitHub-Repositories/ROS2-Jazzy-Course/ros2_ws/install/my_cpp_pkg/share/my_cpp_pkg/environment/ament_prefix_path.dsv
[11.835s] -- Up-to-date: /home/k/Main/Studying/GitHub-Repositories/ROS2-Jazzy-Course/ros2_ws/install/my_cpp_pkg/share/my_cpp_pkg/environment/path.sh
[11.835s] -- Up-to-date: /home/k/Main/Studying/GitHub-Repositories/ROS2-Jazzy-Course/ros2_ws/install/my_cpp_pkg/share/my_cpp_pkg/environment/path.dsv
[11.836s] -- Up-to-date: /home/k/Main/Studying/GitHub-Repositories/ROS2-Jazzy-Course/ros2_ws/install/my_cpp_pkg/share/my_cpp_pkg/local_setup.bash
[11.836s] -- Up-to-date: /home/k/Main/Studying/GitHub-Repositories/ROS2-Jazzy-Course/ros2_ws/install/my_cpp_pkg/share/my_cpp_pkg/local_setup.sh
[11.836s] -- Up-to-date: /home/k/Main/Studying/GitHub-Repositories/ROS2-Jazzy-Course/ros2_ws/install/my_cpp_pkg/share/my_cpp_pkg/local_setup.zsh
[11.836s] -- Up-to-date: /home/k/Main/Studying/GitHub-Repositories/ROS2-Jazzy-Course/ros2_ws/install/my_cpp_pkg/share/my_cpp_pkg/local_setup.dsv
[11.837s] -- Installing: /home/k/Main/Studying/GitHub-Repositories/ROS2-Jazzy-Course/ros2_ws/install/my_cpp_pkg/share/my_cpp_pkg/package.dsv
[11.837s] -- Up-to-date: /home/k/Main/Studying/GitHub-Repositories/ROS2-Jazzy-Course/ros2_ws/install/my_cpp_pkg/share/ament_index/resource_index/packages/my_cpp_pkg
[11.837s] -- Up-to-date: /home/k/Main/Studying/GitHub-Repositories/ROS2-Jazzy-Course/ros2_ws/install/my_cpp_pkg/share/my_cpp_pkg/cmake/my_cpp_pkgConfig.cmake
[11.838s] -- Up-to-date: /home/k/Main/Studying/GitHub-Repositories/ROS2-Jazzy-Course/ros2_ws/install/my_cpp_pkg/share/my_cpp_pkg/cmake/my_cpp_pkgConfig-version.cmake
[11.838s] -- Up-to-date: /home/k/Main/Studying/GitHub-Repositories/ROS2-Jazzy-Course/ros2_ws/install/my_cpp_pkg/share/my_cpp_pkg/package.xml
[11.841s] Invoked command in '/home/k/Main/Studying/GitHub-Repositories/ROS2-Jazzy-Course/ros2_ws/build/my_cpp_pkg' returned '0': CMAKE_PREFIX_PATH=${CMAKE_PREFIX_PATH}:/home/k/Main/Studying/GitHub-Repositories/ROS2-Jazzy-Course/ros2_ws/install/my_py_pkg:/opt/ros/jazzy DEBUGINFOD_URLS=https://debuginfod.ubuntu.com /usr/bin/cmake --install /home/k/Main/Studying/GitHub-Repositories/ROS2-Jazzy-Course/ros2_ws/build/my_cpp_pkg
