[0.032s] Invoking command in '/home/k/Main/Studying/GitHub-Repositories/ROS2-Jazzy-Course/ros2_ws/build/my_cpp_pkg': CMAKE_PREFIX_PATH=${CMAKE_PREFIX_PATH}:/home/k/Main/Studying/GitHub-Repositories/ROS2-Jazzy-Course/ros2_ws/install/my_py_pkg:/opt/ros/jazzy DEBUGINFOD_URLS=https://debuginfod.ubuntu.com /usr/bin/cmake --build /home/k/Main/Studying/GitHub-Repositories/ROS2-Jazzy-Course/ros2_ws/build/my_cpp_pkg -- -j4 -l4
[0.328s] [ 11%] Built target cpp_node
[0.348s] [ 22%] Built target robot_news_station
[0.393s] [ 33%] Built target number_publisher
[0.417s] [ 44%] Built target smartphone
[0.563s] [ 55%] Built target add_two_ints_server
[0.567s] [ 66%] Built target number_counter
[0.574s] [ 77%] Built target add_two_ints_client_no_oop
[0.619s] [ 88%] Built target add_two_ints_client
[0.773s] [ 94%] [32mBuilding CXX object CMakeFiles/reset_counter.dir/src/reset_counter.cpp.o[0m
[7.943s] In file included from [01m[K/opt/ros/jazzy/include/rclcpp/rclcpp/utilities.hpp:19[m[K,
[7.944s]                  from [01m[K/opt/ros/jazzy/include/rclcpp/rclcpp/logging.hpp:25[m[K,
[7.950s]                  from [01m[K/opt/ros/jazzy/include/rclcpp/rclcpp/copy_all_parameter_values.hpp:27[m[K,
[7.950s]                  from [01m[K/opt/ros/jazzy/include/rclcpp/rclcpp/rclcpp.hpp:171[m[K,
[7.950s]                  from [01m[K/home/k/Main/Studying/GitHub-Repositories/ROS2-Jazzy-Course/ros2_ws/src/my_cpp_pkg/src/reset_counter.cpp:1[m[K:
[7.950s] /usr/include/c++/13/functional: In instantiation of ‘[01m[Kstruct std::_Bind_check_arity<void (ResetCounterNode::*)(std::shared_future<std::shared_ptr<example_interfaces::srv::SetBool_Response_<std::allocator<void> > > >), ResetCounterNode*, const std::_Placeholder<1>&, const std::_Placeholder<2>&>[m[K’:
[7.951s] [01m[K/usr/include/c++/13/functional:859:12:[m[K   required from ‘[01m[Kstruct std::_Bind_helper<false, void (ResetCounterNode::*)(std::shared_future<std::shared_ptr<example_interfaces::srv::SetBool_Response_<std::allocator<void> > > >), ResetCounterNode*, const std::_Placeholder<1>&, const std::_Placeholder<2>&>[m[K’
[7.951s] [01m[K/usr/include/c++/13/functional:881:5:[m[K   required by substitution of ‘[01m[Ktemplate<class _Func, class ... _BoundArgs> typename std::_Bind_helper<std::__is_socketlike<_Func>::value, _Func, _BoundArgs ...>::type std::[01;32m[Kbind[m[K(_Func&&, _BoundArgs&& ...) [35m[K[with _Func = void (ResetCounterNode::*)(std::shared_future<std::shared_ptr<example_interfaces::srv::SetBool_Response_<std::allocator<void> > > >); _BoundArgs = {ResetCounterNode*, const std::_Placeholder<1>&, const std::_Placeholder<2>&}][m[K[m[K’
[7.951s] [01m[K/home/k/Main/Studying/GitHub-Repositories/ROS2-Jazzy-Course/ros2_ws/src/my_cpp_pkg/src/reset_counter.cpp:38:55:[m[K   required from here
[7.951s] [01m[K/usr/include/c++/13/functional:847:21:[m[K [01;31m[Kerror: [m[Kstatic assertion failed: Wrong number of arguments for pointer-to-member
[7.951s]   846 |       static_assert(_Varargs::[01;31m[Kvalue[m[K
[7.956s]       |                               [01;31m[K~~~~~[m[K
[7.956s]   847 | [01;31m[K                    ? sizeof...(_BoundArgs) >= _Arity::value + 1[m[K
[7.956s]       |                     [01;31m[K^~~~~~~~~~~~~~~~~~~~~~~~~~~~~~~~~~~~~~~~~~~~[m[K
[7.957s]   848 | [01;31m[K                    : sizeof...(_BoundArgs) == _Arity::value + 1[m[K,
[7.957s]       |                     [01;31m[K~~~~~~~~~~~~~~~~~~~~~~~~~~~~~~~~~~~~~~~~~~~~[m[K
[7.958s] [01m[K/usr/include/c++/13/functional:847:21:[m[K [01;36m[Knote: [m[K‘[01m[K(false ? (3 >= (((long unsigned int)std::integral_constant<long unsigned int, 1>::value) + 1)) : (3 == (((long unsigned int)std::integral_constant<long unsigned int, 1>::value) + 1)))[m[K’ evaluates to false
[8.266s] In file included from [01m[K/opt/ros/jazzy/include/rclcpp/rclcpp/callback_group.hpp:24[m[K,
[8.267s]                  from [01m[K/opt/ros/jazzy/include/rclcpp/rclcpp/any_executable.hpp:20[m[K,
[8.267s]                  from [01m[K/opt/ros/jazzy/include/rclcpp/rclcpp/memory_strategy.hpp:25[m[K,
[8.267s]                  from [01m[K/opt/ros/jazzy/include/rclcpp/rclcpp/memory_strategies.hpp:18[m[K,
[8.268s]                  from [01m[K/opt/ros/jazzy/include/rclcpp/rclcpp/executor_options.hpp:22[m[K,
[8.268s]                  from [01m[K/opt/ros/jazzy/include/rclcpp/rclcpp/executor.hpp:38[m[K,
[8.268s]                  from [01m[K/opt/ros/jazzy/include/rclcpp/rclcpp/executors/multi_threaded_executor.hpp:25[m[K,
[8.268s]                  from [01m[K/opt/ros/jazzy/include/rclcpp/rclcpp/executors.hpp:21[m[K,
[8.269s]                  from [01m[K/opt/ros/jazzy/include/rclcpp/rclcpp/rclcpp.hpp:172[m[K:
[8.270s] /opt/ros/jazzy/include/rclcpp/rclcpp/client.hpp: In instantiation of ‘[01m[Krclcpp::Client<ServiceT>::SharedFutureAndRequestId rclcpp::Client<ServiceT>::[01;32m[Kasync_send_request[m[K(SharedRequest, CallbackT&&) [35m[K[with CallbackT = std::_Bind<void (ResetCounterNode::*(ResetCounterNode*, std::_Placeholder<1>, std::_Placeholder<2>))(std::shared_future<std::shared_ptr<example_interfaces::srv::SetBool_Response_<std::allocator<void> > > >)>; typename std::enable_if<rclcpp::function_traits::same_arguments<CallbackT, std::function<void(std::shared_future<typename ServiceT::Response::SharedPtr>)> >::value>::type* <anonymous> = 0; ServiceT = example_interfaces::srv::SetBool; SharedRequest = std::shared_ptr<example_interfaces::srv::SetBool_Request_<std::allocator<void> > >][m[K[m[K’:
[8.270s] [01m[K/home/k/Main/Studying/GitHub-Repositories/ROS2-Jazzy-Course/ros2_ws/src/my_cpp_pkg/src/reset_counter.cpp:38:36:[m[K   required from here
[8.271s] [01m[K/opt/ros/jazzy/include/rclcpp/rclcpp/client.hpp:678:22:[m[K [01;31m[Kerror: [m[Kno matching function for call to ‘[01m[Kstd::function<void(std::shared_future<std::shared_ptr<example_interfaces::srv::SetBool_Response_<std::allocator<void> > > >)>::function(<brace-enclosed initializer list>)[m[K’
[8.271s]   678 |       [01;31m[Kstd::make_tuple([m[K
[8.271s]       |       [01;31m[K~~~~~~~~~~~~~~~^[m[K
[8.271s]   679 | [01;31m[K        CallbackType{std::forward<CallbackT>(cb)},[m[K
[8.271s]       |         [01;31m[K~~~~~~~~~~~~~~~~~~~~~~~~~~~~~~~~~~~~~~~~~~[m[K
[8.272s]   680 | [01;31m[K        shared_future,[m[K
[8.272s]       |         [01;31m[K~~~~~~~~~~~~~~[m[K
[8.272s]   681 | [01;31m[K        std::move(promise))[m[K);
[8.272s]       |         [01;31m[K~~~~~~~~~~~~~~~~~~~[m[K
[8.272s] In file included from [01m[K/usr/include/c++/13/functional:59[m[K:
[8.273s] [01m[K/usr/include/c++/13/bits/std_function.h:435:9:[m[K [01;36m[Knote: [m[Kcandidate: ‘[01m[Ktemplate<class _Functor, class _Constraints> std::function<_Res(_ArgTypes ...)>::[01;32m[Kfunction[m[K(_Functor&&) [35m[K[with _Constraints = _Functor; _Res = void; _ArgTypes = {std::shared_future<std::shared_ptr<example_interfaces::srv::SetBool_Response_<std::allocator<void> > > >}][m[K[m[K’
[8.273s]   435 |         [01;36m[Kfunction[m[K(_Functor&& __f)
[8.273s]       |         [01;36m[K^~~~~~~~[m[K
[8.273s] [01m[K/usr/include/c++/13/bits/std_function.h:435:9:[m[K [01;36m[Knote: [m[K  template argument deduction/substitution failed:
[8.274s] In file included from [01m[K/usr/include/c++/13/bits/move.h:37[m[K,
[8.274s]                  from [01m[K/usr/include/c++/13/bits/new_allocator.h:36[m[K,
[8.274s]                  from [01m[K/usr/include/x86_64-linux-gnu/c++/13/bits/c++allocator.h:33[m[K,
[8.274s]                  from [01m[K/usr/include/c++/13/bits/allocator.h:46[m[K,
[8.274s]                  from [01m[K/usr/include/c++/13/memory:65[m[K,
[8.275s]                  from [01m[K/opt/ros/jazzy/include/rclcpp/rclcpp/rclcpp.hpp:169[m[K:
[8.275s] /usr/include/c++/13/type_traits: In substitution of ‘[01m[Ktemplate<bool _Cond, class _Tp> using std::__enable_if_t = typename std::enable_if::type [35m[K[with bool _Cond = false; _Tp = void][m[K[m[K’:
[8.275s] [01m[K/usr/include/c++/13/bits/std_function.h:353:8:[m[K   required by substitution of ‘[01m[Ktemplate<class _Res, class ... _ArgTypes> template<class _Cond, class _Tp> using std::function<_Res(_ArgTypes ...)>::_Requires = std::__enable_if_t<_Cond::value, _Tp> [35m[K[with _Cond = std::function<void(std::shared_future<std::shared_ptr<example_interfaces::srv::SetBool_Response_<std::allocator<void> > > >)>::_Callable<std::_Bind<void (ResetCounterNode::*(ResetCounterNode*, std::_Placeholder<1>, std::_Placeholder<2>))(std::shared_future<std::shared_ptr<example_interfaces::srv::SetBool_Response_<std::allocator<void> > > >)>, std::_Bind<void (ResetCounterNode::*(ResetCounterNode*, std::_Placeholder<1>, std::_Placeholder<2>))(std::shared_future<std::shared_ptr<example_interfaces::srv::SetBool_Response_<std::allocator<void> > > >)>, std::__invoke_result<std::_Bind<void (ResetCounterNode::*(ResetCounterNode*, std::_Placeholder<1>, std::_Placeholder<2>))(std::shared_future<std::shared_ptr<example_interfaces::srv::SetBool_Response_<std::allocator<void> > > >)>&, std::shared_future<std::shared_ptr<example_interfaces::srv::SetBool_Response_<std::allocator<void> > > > > >; _Tp = void; _Res = void; _ArgTypes = {std::shared_future<std::shared_ptr<example_interfaces::srv::SetBool_Response_<std::allocator<void> > > >}][m[K[m[K’
[8.275s] [01m[K/usr/include/c++/13/bits/std_function.h:434:9:[m[K   required from ‘[01m[Krclcpp::Client<ServiceT>::SharedFutureAndRequestId rclcpp::Client<ServiceT>::[01;32m[Kasync_send_request[m[K(SharedRequest, CallbackT&&) [35m[K[with CallbackT = std::_Bind<void (ResetCounterNode::*(ResetCounterNode*, std::_Placeholder<1>, std::_Placeholder<2>))(std::shared_future<std::shared_ptr<example_interfaces::srv::SetBool_Response_<std::allocator<void> > > >)>; typename std::enable_if<rclcpp::function_traits::same_arguments<CallbackT, std::function<void(std::shared_future<typename ServiceT::Response::SharedPtr>)> >::value>::type* <anonymous> = 0; ServiceT = example_interfaces::srv::SetBool; SharedRequest = std::shared_ptr<example_interfaces::srv::SetBool_Request_<std::allocator<void> > >][m[K[m[K’
[8.276s] [01m[K/home/k/Main/Studying/GitHub-Repositories/ROS2-Jazzy-Course/ros2_ws/src/my_cpp_pkg/src/reset_counter.cpp:38:36:[m[K   required from here
[8.276s] [01m[K/usr/include/c++/13/type_traits:116:11:[m[K [01;31m[Kerror: [m[Kno type named ‘[01m[Ktype[m[K’ in ‘[01m[Kstruct std::enable_if<false, void>[m[K’
[8.276s]   116 |     using [01;31m[K__enable_if_t[m[K = typename enable_if<_Cond, _Tp>::type;
[8.276s]       |           [01;31m[K^~~~~~~~~~~~~[m[K
[8.276s] /opt/ros/jazzy/include/rclcpp/rclcpp/client.hpp: In instantiation of ‘[01m[Krclcpp::Client<ServiceT>::SharedFutureAndRequestId rclcpp::Client<ServiceT>::[01;32m[Kasync_send_request[m[K(SharedRequest, CallbackT&&) [35m[K[with CallbackT = std::_Bind<void (ResetCounterNode::*(ResetCounterNode*, std::_Placeholder<1>, std::_Placeholder<2>))(std::shared_future<std::shared_ptr<example_interfaces::srv::SetBool_Response_<std::allocator<void> > > >)>; typename std::enable_if<rclcpp::function_traits::same_arguments<CallbackT, std::function<void(std::shared_future<typename ServiceT::Response::SharedPtr>)> >::value>::type* <anonymous> = 0; ServiceT = example_interfaces::srv::SetBool; SharedRequest = std::shared_ptr<example_interfaces::srv::SetBool_Request_<std::allocator<void> > >][m[K[m[K’:
[8.277s] [01m[K/home/k/Main/Studying/GitHub-Repositories/ROS2-Jazzy-Course/ros2_ws/src/my_cpp_pkg/src/reset_counter.cpp:38:36:[m[K   required from here
[8.277s] [01m[K/usr/include/c++/13/bits/std_function.h:404:7:[m[K [01;36m[Knote: [m[Kcandidate: ‘[01m[Kstd::function<_Res(_ArgTypes ...)>::[01;32m[Kfunction[m[K(std::function<_Res(_ArgTypes ...)>&&) [35m[K[with _Res = void; _ArgTypes = {std::shared_future<std::shared_ptr<example_interfaces::srv::SetBool_Response_<std::allocator<void> > > >}][m[K[m[K’
[8.277s]   404 |       [01;36m[Kfunction[m[K(function&& __x) noexcept
[8.277s]       |       [01;36m[K^~~~~~~~[m[K
[8.278s] [01m[K/usr/include/c++/13/bits/std_function.h:404:27:[m[K [01;36m[Knote: [m[K  no known conversion for argument 1 from ‘[01m[Kstd::_Bind<void (ResetCounterNode::*(ResetCounterNode*, std::_Placeholder<1>, std::_Placeholder<2>))(std::shared_future<std::shared_ptr<example_interfaces::srv::SetBool_Response_<std::allocator<void> > > >)>[m[K’ to ‘[01m[Kstd::function<void(std::shared_future<std::shared_ptr<example_interfaces::srv::SetBool_Response_<std::allocator<void> > > >)>&&[m[K’
[8.278s]   404 |       function([01;36m[Kfunction&& __x[m[K) noexcept
[8.278s]       |                [01;36m[K~~~~~~~~~~~^~~[m[K
[8.278s] [01m[K/usr/include/c++/13/bits/std_function.h:386:7:[m[K [01;36m[Knote: [m[Kcandidate: ‘[01m[Kstd::function<_Res(_ArgTypes ...)>::[01;32m[Kfunction[m[K(const std::function<_Res(_ArgTypes ...)>&) [35m[K[with _Res = void; _ArgTypes = {std::shared_future<std::shared_ptr<example_interfaces::srv::SetBool_Response_<std::allocator<void> > > >}][m[K[m[K’
[8.279s]   386 |       [01;36m[Kfunction[m[K(const function& __x)
[8.279s]       |       [01;36m[K^~~~~~~~[m[K
[8.279s] [01m[K/usr/include/c++/13/bits/std_function.h:386:32:[m[K [01;36m[Knote: [m[K  no known conversion for argument 1 from ‘[01m[Kstd::_Bind<void (ResetCounterNode::*(ResetCounterNode*, std::_Placeholder<1>, std::_Placeholder<2>))(std::shared_future<std::shared_ptr<example_interfaces::srv::SetBool_Response_<std::allocator<void> > > >)>[m[K’ to ‘[01m[Kconst std::function<void(std::shared_future<std::shared_ptr<example_interfaces::srv::SetBool_Response_<std::allocator<void> > > >)>&[m[K’
[8.279s]   386 |       function([01;36m[Kconst function& __x[m[K)
[8.279s]       |                [01;36m[K~~~~~~~~~~~~~~~~^~~[m[K
[8.280s] [01m[K/usr/include/c++/13/bits/std_function.h:375:7:[m[K [01;36m[Knote: [m[Kcandidate: ‘[01m[Kstd::function<_Res(_ArgTypes ...)>::[01;32m[Kfunction[m[K(std::nullptr_t) [35m[K[with _Res = void; _ArgTypes = {std::shared_future<std::shared_ptr<example_interfaces::srv::SetBool_Response_<std::allocator<void> > > >}; std::nullptr_t = std::nullptr_t][m[K[m[K’
[8.280s]   375 |       [01;36m[Kfunction[m[K(nullptr_t) noexcept
[8.280s]       |       [01;36m[K^~~~~~~~[m[K
[8.280s] [01m[K/usr/include/c++/13/bits/std_function.h:375:16:[m[K [01;36m[Knote: [m[K  no known conversion for argument 1 from ‘[01m[Kstd::_Bind<void (ResetCounterNode::*(ResetCounterNode*, std::_Placeholder<1>, std::_Placeholder<2>))(std::shared_future<std::shared_ptr<example_interfaces::srv::SetBool_Response_<std::allocator<void> > > >)>[m[K’ to ‘[01m[Kstd::nullptr_t[m[K’
[8.281s]   375 |       function([01;36m[Knullptr_t[m[K) noexcept
[8.281s]       |                [01;36m[K^~~~~~~~~[m[K
[8.281s] [01m[K/usr/include/c++/13/bits/std_function.h:368:7:[m[K [01;36m[Knote: [m[Kcandidate: ‘[01m[Kstd::function<_Res(_ArgTypes ...)>::[01;32m[Kfunction[m[K() [35m[K[with _Res = void; _ArgTypes = {std::shared_future<std::shared_ptr<example_interfaces::srv::SetBool_Response_<std::allocator<void> > > >}][m[K[m[K’
[8.281s]   368 |       [01;36m[Kfunction[m[K() noexcept
[8.281s]       |       [01;36m[K^~~~~~~~[m[K
[8.282s] [01m[K/usr/include/c++/13/bits/std_function.h:368:7:[m[K [01;36m[Knote: [m[K  candidate expects 0 arguments, 1 provided
[8.282s] [01m[K/opt/ros/jazzy/include/rclcpp/rclcpp/client.hpp:682:69:[m[K [01;31m[Kerror: [m[Kno matching function for call to ‘[01m[Krclcpp::Client<example_interfaces::srv::SetBool>::SharedFutureAndRequestId::SharedFutureAndRequestId(<brace-enclosed initializer list>)[m[K’
[8.282s]   682 |     return SharedFutureAndRequestId{std::move(shared_future), req_id[01;31m[K}[m[K;
[8.282s]       |                                                                     [01;31m[K^[m[K
[8.283s] [01m[K/opt/ros/jazzy/include/rclcpp/rclcpp/client.hpp:66:3:[m[K [01;36m[Knote: [m[Kcandidate: ‘[01m[Krclcpp::detail::FutureAndRequestId<FutureT>::[01;32m[KFutureAndRequestId[m[K(FutureT, int64_t) [35m[K[with FutureT = std::shared_future<std::shared_ptr<example_interfaces::srv::SetBool_Response_<std::allocator<void> > > >; int64_t = long int][m[K[m[K’
[8.283s]    66 |   [01;36m[KFutureAndRequestId[m[K(FutureT impl, int64_t req_id)
[8.283s]       |   [01;36m[K^~~~~~~~~~~~~~~~~~[m[K
[8.283s] [01m[K/opt/ros/jazzy/include/rclcpp/rclcpp/client.hpp:465:75:[m[K [01;36m[Knote: [m[K  inherited here
[8.283s]   465 | using detail::FutureAndRequestId<std::shared_future<SharedResponse>>::[01;36m[KFutureAndRequestId[m[K;
[8.284s]       |                                                                       [01;36m[K^~~~~~~~~~~~~~~~~~[m[K
[8.284s] 
[8.284s] [01m[K/opt/ros/jazzy/include/rclcpp/rclcpp/client.hpp:465:75:[m[K [01;36m[Knote: [m[K  conversion of argument 2 would be ill-formed:
[8.284s] [01m[K/opt/ros/jazzy/include/rclcpp/rclcpp/client.hpp:108:3:[m[K [01;36m[Knote: [m[Kcandidate: ‘[01m[Krclcpp::detail::FutureAndRequestId<FutureT>::[01;32m[KFutureAndRequestId[m[K(rclcpp::detail::FutureAndRequestId<FutureT>&&) [35m[K[with FutureT = std::shared_future<std::shared_ptr<example_interfaces::srv::SetBool_Response_<std::allocator<void> > > >][m[K[m[K’
[8.285s]   108 |   [01;36m[KFutureAndRequestId[m[K(FutureAndRequestId && other) noexcept = default;
[8.285s]       |   [01;36m[K^~~~~~~~~~~~~~~~~~[m[K
[8.285s] [01m[K/opt/ros/jazzy/include/rclcpp/rclcpp/client.hpp:465:75:[m[K [01;36m[Knote: [m[K  inherited here
[8.285s]   465 | using detail::FutureAndRequestId<std::shared_future<SharedResponse>>::[01;36m[KFutureAndRequestId[m[K;
[8.285s]       |                                                                       [01;36m[K^~~~~~~~~~~~~~~~~~[m[K
[8.286s] 
[8.286s] [01m[K/opt/ros/jazzy/include/rclcpp/rclcpp/client.hpp:465:75:[m[K [01;36m[Knote: [m[K  candidate expects 1 argument, 2 provided
[8.286s] [01m[K/opt/ros/jazzy/include/rclcpp/rclcpp/client.hpp:462:10:[m[K [01;36m[Knote: [m[Kcandidate: ‘[01m[Krclcpp::Client<example_interfaces::srv::SetBool>::SharedFutureAndRequestId::[01;32m[KSharedFutureAndRequestId[m[K(rclcpp::Client<example_interfaces::srv::SetBool>::SharedFutureAndRequestId&&)[m[K’
[8.286s]   462 |   struct [01;36m[KSharedFutureAndRequestId[m[K
[8.287s]       |          [01;36m[K^~~~~~~~~~~~~~~~~~~~~~~~[m[K
[8.287s] [01m[K/opt/ros/jazzy/include/rclcpp/rclcpp/client.hpp:462:10:[m[K [01;36m[Knote: [m[K  candidate expects 1 argument, 2 provided
[10.131s] gmake[2]: *** [CMakeFiles/reset_counter.dir/build.make:76: CMakeFiles/reset_counter.dir/src/reset_counter.cpp.o] Error 1
[10.132s] gmake[1]: *** [CMakeFiles/Makefile2:361: CMakeFiles/reset_counter.dir/all] Error 2
[10.133s] gmake: *** [Makefile:146: all] Error 2
[10.136s] Invoked command in '/home/k/Main/Studying/GitHub-Repositories/ROS2-Jazzy-Course/ros2_ws/build/my_cpp_pkg' returned '2': CMAKE_PREFIX_PATH=${CMAKE_PREFIX_PATH}:/home/k/Main/Studying/GitHub-Repositories/ROS2-Jazzy-Course/ros2_ws/install/my_py_pkg:/opt/ros/jazzy DEBUGINFOD_URLS=https://debuginfod.ubuntu.com /usr/bin/cmake --build /home/k/Main/Studying/GitHub-Repositories/ROS2-Jazzy-Course/ros2_ws/build/my_cpp_pkg -- -j4 -l4
