[0.036s] Invoking command in '/home/k/Main/Studying/GitHub-Repositories/ROS2-Jazzy-Course/ros2_ws/build/my_cpp_pkg': CMAKE_PREFIX_PATH=${CMAKE_PREFIX_PATH}:/home/k/Main/Studying/GitHub-Repositories/ROS2-Jazzy-Course/ros2_ws/install/my_py_pkg:/opt/ros/jazzy DEBUGINFOD_URLS=https://debuginfod.ubuntu.com /usr/bin/cmake --build /home/k/Main/Studying/GitHub-Repositories/ROS2-Jazzy-Course/ros2_ws/build/my_cpp_pkg -- -j4 -l4
[0.335s] -- Found ament_cmake: 2.5.4 (/opt/ros/jazzy/share/ament_cmake/cmake)
[1.281s] -- Found rclcpp: 28.1.9 (/opt/ros/jazzy/share/rclcpp/cmake)
[1.600s] -- Found rosidl_generator_c: 4.6.5 (/opt/ros/jazzy/share/rosidl_generator_c/cmake)
[1.669s] -- Found rosidl_generator_cpp: 4.6.5 (/opt/ros/jazzy/share/rosidl_generator_cpp/cmake)
[1.774s] -- Using all available rosidl_typesupport_c: rosidl_typesupport_fastrtps_c;rosidl_typesupport_introspection_c
[1.887s] -- Using all available rosidl_typesupport_cpp: rosidl_typesupport_fastrtps_cpp;rosidl_typesupport_introspection_cpp
[2.191s] -- Found rmw_implementation_cmake: 7.3.2 (/opt/ros/jazzy/share/rmw_implementation_cmake/cmake)
[2.200s] -- Found rmw_fastrtps_cpp: 8.4.2 (/opt/ros/jazzy/share/rmw_fastrtps_cpp/cmake)
[2.457s] -- Using RMW implementation 'rmw_fastrtps_cpp' as default
[2.797s] -- Found example_interfaces: 0.12.0 (/opt/ros/jazzy/share/example_interfaces/cmake)
[3.078s] -- Found ament_lint_auto: 0.17.2 (/opt/ros/jazzy/share/ament_lint_auto/cmake)
[3.571s] -- Added test 'cppcheck' to perform static code analysis on C / C++ code
[3.573s] -- Configured cppcheck include dirs: 
[3.574s] -- Configured cppcheck exclude dirs and/or files: 
[3.578s] -- Added test 'lint_cmake' to check CMake code style
[3.582s] -- Added test 'uncrustify' to check C / C++ code style
[3.582s] -- Configured uncrustify additional arguments: 
[3.584s] -- Added test 'xmllint' to check XML markup files
[3.591s] -- Configuring done (3.3s)
[3.621s] [31mCMake Error at CMakeLists.txt:43 (add_executable):
[3.621s]   Cannot find source file:
[3.621s] 
[3.622s]     src/my_cpp_pkg
[3.622s] 
[3.622s]   Tried extensions .c .C .c++ .cc .cpp .cxx .cu .mpp .m .M .mm .ixx .cppm
[3.623s]   .ccm .cxxm .c++m .h .hh .h++ .hm .hpp .hxx .in .txx .f .F .for .f77 .f90
[3.623s]   .f95 .f03 .hip .ispc
[3.623s] 
[3.623s] [0m
[3.637s] [31mCMake Error at CMakeLists.txt:43 (add_executable):
[3.637s]   No SOURCES given to target: add_two_ints_client_no_oop
[3.638s] 
[3.638s] [0m
[3.641s] [0mCMake Generate step failed.  Build files cannot be regenerated correctly.[0m
[3.657s] gmake: *** [Makefile:472: cmake_check_build_system] Error 1
[3.663s] Invoked command in '/home/k/Main/Studying/GitHub-Repositories/ROS2-Jazzy-Course/ros2_ws/build/my_cpp_pkg' returned '2': CMAKE_PREFIX_PATH=${CMAKE_PREFIX_PATH}:/home/k/Main/Studying/GitHub-Repositories/ROS2-Jazzy-Course/ros2_ws/install/my_py_pkg:/opt/ros/jazzy DEBUGINFOD_URLS=https://debuginfod.ubuntu.com /usr/bin/cmake --build /home/k/Main/Studying/GitHub-Repositories/ROS2-Jazzy-Course/ros2_ws/build/my_cpp_pkg -- -j4 -l4
